<?xml version="1.0" encoding="UTF-8"?>
<TestRun id="a3994e90-b267-417c-9ce9-aeae16a082dc" name="Personal@HP 2016-12-16 23:19:30" runUser="HP\Personal" xmlns="http://microsoft.com/schemas/VisualStudio/TeamTest/2010">
  <TestSettings name="Default Test Settings" id="7abd39d8-c61c-4b69-b406-63fe09d8d9d0">
    <Execution>
      <TestTypeSpecific />
      <AgentRule name="Execution Agents">
      </AgentRule>
    </Execution>
    <Deployment runDeploymentRoot="Personal_HP 2016-12-16 23_19_30" />
    <Properties />
  </TestSettings>
  <Times creation="2016-12-16T23:19:30.5031629+05:30" queuing="2016-12-16T23:19:31.5278905+05:30" start="2016-12-16T23:19:31.8971514+05:30" finish="2016-12-16T23:19:45.0241355+05:30" />
  <ResultSummary outcome="Completed">
    <Counters total="1" error="0" failed="0" timeout="0" aborted="0" inconclusive="0" passedButRunAborted="0" notRunnable="0" notExecuted="0" disconnected="0" warning="0" passed="0" completed="0" inProgress="0" pending="0" />
  </ResultSummary>
  <TestDefinitions>
    <WebTest name="WebTest1" storage="f:\study materials\project\oneclick\oneclickloadtest\webtest1.webtest" id="a56df526-2948-490e-8528-dd1def5a39d4" persistedWebTest="77u/PD94bWwgdmVyc2lvbj0iMS4wIiBlbmNvZGluZz0iVVRGLTgiIHN0YW5kYWxvbmU9InllcyI/Pg0KPFdlYlRlc3QgTmFtZT0iV2ViVGVzdDEiIElkPSJhNTZkZjUyNi0yOTQ4LTQ5MGUtODUyOC1kZDFkZWY1YTM5ZDQiIE93bmVyPSIiIFByaW9yaXR5PSIyMTQ3NDgzNjQ3IiBFbmFibGVkPSJUcnVlIiBDc3NQcm9qZWN0U3RydWN0dXJlPSIiIENzc0l0ZXJhdGlvbj0iIiBUaW1lb3V0PSIwIiBXb3JrSXRlbUlkcz0iIiB4bWxucz0iaHR0cDovL21pY3Jvc29mdC5jb20vc2NoZW1hcy9WaXN1YWxTdHVkaW8vVGVhbVRlc3QvMjAxMCIgRGVzY3JpcHRpb249IiIgQ3JlZGVudGlhbFVzZXJOYW1lPSIiIENyZWRlbnRpYWxQYXNzd29yZD0iIiBQcmVBdXRoZW50aWNhdGU9IlRydWUiIFByb3h5PSJkZWZhdWx0IiBTdG9wT25FcnJvcj0iRmFsc2UiIFJlY29yZGVkUmVzdWx0RmlsZT0iV2ViVGVzdDEuMTczZGRjN2ItNzUwNC00ZjJmLWExZGEtMmI4YzllNmY2YzZmLnJlYy53ZWJ0ZXN0cmVzdWx0IiBSZXN1bHRzTG9jYWxlPSIiPg0KICA8SXRlbXM+DQogICAgPFJlcXVlc3QgTWV0aG9kPSJHRVQiIEd1aWQ9IjVkOGM4ODkwLTg1Y2UtNGFjMi04NjY1LWNkNjUwNGI3MWJhZSIgVmVyc2lvbj0iMS4xIiBVcmw9Imh0dHA6Ly9sb2NhbGhvc3Q6NTg1NjEvIiBUaGlua1RpbWU9IjAiIFRpbWVvdXQ9IjMwMCIgUGFyc2VEZXBlbmRlbnRSZXF1ZXN0cz0iVHJ1ZSIgRm9sbG93UmVkaXJlY3RzPSJUcnVlIiBSZWNvcmRSZXN1bHQ9IlRydWUiIENhY2hlPSJGYWxzZSIgUmVzcG9uc2VUaW1lR29hbD0iMCIgRW5jb2Rpbmc9InV0Zi04IiBFeHBlY3RlZEh0dHBTdGF0dXNDb2RlPSIwIiBFeHBlY3RlZFJlc3BvbnNlVXJsPSIiIFJlcG9ydGluZ05hbWU9IiIgSWdub3JlSHR0cFN0YXR1c0NvZGU9IkZhbHNlIj4NCiAgICAgIDxEZXBlbmRlbnRSZXF1ZXN0cz4NCiAgICAgICAgPFJlcXVlc3QgTWV0aG9kPSJHRVQiIEd1aWQ9IjA3ZjVjNTFhLTBmZWMtNDk2My04YmM0LTM1MTBkMjM2MzFiOSIgVmVyc2lvbj0iMS4xIiBVcmw9Imh0dHA6Ly9sb2NhbGhvc3Q6NTg1NjEvX3Z0aV9iaW4vb3dzc3ZyLmRsbCIgVGhpbmtUaW1lPSIwIiBUaW1lb3V0PSIzMDAiIFBhcnNlRGVwZW5kZW50UmVxdWVzdHM9IlRydWUiIEZvbGxvd1JlZGlyZWN0cz0iVHJ1ZSIgUmVjb3JkUmVzdWx0PSJUcnVlIiBDYWNoZT0iRmFsc2UiIFJlc3BvbnNlVGltZUdvYWw9IjAiIEVuY29kaW5nPSJ1dGYtOCIgRXhwZWN0ZWRIdHRwU3RhdHVzQ29kZT0iMCIgRXhwZWN0ZWRSZXNwb25zZVVybD0iIiBSZXBvcnRpbmdOYW1lPSIiIElnbm9yZUh0dHBTdGF0dXNDb2RlPSJGYWxzZSI+DQogICAgICAgICAgPFF1ZXJ5U3RyaW5nUGFyYW1ldGVycz4NCiAgICAgICAgICAgIDxRdWVyeVN0cmluZ1BhcmFtZXRlciBOYW1lPSJVTCIgVmFsdWU9IjEiIFJlY29yZGVkVmFsdWU9IjEiIENvcnJlbGF0aW9uQmluZGluZz0iIiBVcmxFbmNvZGU9IkZhbHNlIiBVc2VUb0dyb3VwUmVzdWx0cz0iRmFsc2UiIC8+DQogICAgICAgICAgICA8UXVlcnlTdHJpbmdQYXJhbWV0ZXIgTmFtZT0iQUNUIiBWYWx1ZT0iNCIgUmVjb3JkZWRWYWx1ZT0iNCIgQ29ycmVsYXRpb25CaW5kaW5nPSIiIFVybEVuY29kZT0iRmFsc2UiIFVzZVRvR3JvdXBSZXN1bHRzPSJGYWxzZSIgLz4NCiAgICAgICAgICAgIDxRdWVyeVN0cmluZ1BhcmFtZXRlciBOYW1lPSJCVUlMRCIgVmFsdWU9IjQ1MTgiIFJlY29yZGVkVmFsdWU9IjQ1MTgiIENvcnJlbGF0aW9uQmluZGluZz0iIiBVcmxFbmNvZGU9IkZhbHNlIiBVc2VUb0dyb3VwUmVzdWx0cz0iRmFsc2UiIC8+DQogICAgICAgICAgICA8UXVlcnlTdHJpbmdQYXJhbWV0ZXIgTmFtZT0iU1RSTVZFUiIgVmFsdWU9IjQiIFJlY29yZGVkVmFsdWU9IjQiIENvcnJlbGF0aW9uQmluZGluZz0iIiBVcmxFbmNvZGU9IkZhbHNlIiBVc2VUb0dyb3VwUmVzdWx0cz0iRmFsc2UiIC8+DQogICAgICAgICAgICA8UXVlcnlTdHJpbmdQYXJhbWV0ZXIgTmFtZT0iQ0FQUkVRIiBWYWx1ZT0iMCIgUmVjb3JkZWRWYWx1ZT0iMCIgQ29ycmVsYXRpb25CaW5kaW5nPSIiIFVybEVuY29kZT0iRmFsc2UiIFVzZVRvR3JvdXBSZXN1bHRzPSJGYWxzZSIgLz4NCiAgICAgICAgICA8L1F1ZXJ5U3RyaW5nUGFyYW1ldGVycz4NCiAgICAgICAgPC9SZXF1ZXN0Pg0KICAgICAgICA8UmVxdWVzdCBNZXRob2Q9IkdFVCIgR3VpZD0iMWQ4NGZkOWUtMDNkMC00NDM0LWEyYWQtMjczNDBhNjcxMWY2IiBWZXJzaW9uPSIxLjEiIFVybD0iaHR0cDovL2xvY2FsaG9zdDo1ODU2MS9NU09mZmljZS9jbHRyZXEuYXNwIiBUaGlua1RpbWU9IjAiIFRpbWVvdXQ9IjMwMCIgUGFyc2VEZXBlbmRlbnRSZXF1ZXN0cz0iVHJ1ZSIgRm9sbG93UmVkaXJlY3RzPSJUcnVlIiBSZWNvcmRSZXN1bHQ9IlRydWUiIENhY2hlPSJGYWxzZSIgUmVzcG9uc2VUaW1lR29hbD0iMCIgRW5jb2Rpbmc9InV0Zi04IiBFeHBlY3RlZEh0dHBTdGF0dXNDb2RlPSIwIiBFeHBlY3RlZFJlc3BvbnNlVXJsPSIiIFJlcG9ydGluZ05hbWU9IiIgSWdub3JlSHR0cFN0YXR1c0NvZGU9IkZhbHNlIj4NCiAgICAgICAgICA8UXVlcnlTdHJpbmdQYXJhbWV0ZXJzPg0KICAgICAgICAgICAgPFF1ZXJ5U3RyaW5nUGFyYW1ldGVyIE5hbWU9IlVMIiBWYWx1ZT0iMSIgUmVjb3JkZWRWYWx1ZT0iMSIgQ29ycmVsYXRpb25CaW5kaW5nPSIiIFVybEVuY29kZT0iRmFsc2UiIFVzZVRvR3JvdXBSZXN1bHRzPSJGYWxzZSIgLz4NCiAgICAgICAgICAgIDxRdWVyeVN0cmluZ1BhcmFtZXRlciBOYW1lPSJBQ1QiIFZhbHVlPSI0IiBSZWNvcmRlZFZhbHVlPSI0IiBDb3JyZWxhdGlvbkJpbmRpbmc9IiIgVXJsRW5jb2RlPSJGYWxzZSIgVXNlVG9Hcm91cFJlc3VsdHM9IkZhbHNlIiAvPg0KICAgICAgICAgICAgPFF1ZXJ5U3RyaW5nUGFyYW1ldGVyIE5hbWU9IkJVSUxEIiBWYWx1ZT0iNDUxOCIgUmVjb3JkZWRWYWx1ZT0iNDUxOCIgQ29ycmVsYXRpb25CaW5kaW5nPSIiIFVybEVuY29kZT0iRmFsc2UiIFVzZVRvR3JvdXBSZXN1bHRzPSJGYWxzZSIgLz4NCiAgICAgICAgICAgIDxRdWVyeVN0cmluZ1BhcmFtZXRlciBOYW1lPSJTVFJNVkVSIiBWYWx1ZT0iNCIgUmVjb3JkZWRWYWx1ZT0iNCIgQ29ycmVsYXRpb25CaW5kaW5nPSIiIFVybEVuY29kZT0iRmFsc2UiIFVzZVRvR3JvdXBSZXN1bHRzPSJGYWxzZSIgLz4NCiAgICAgICAgICAgIDxRdWVyeVN0cmluZ1BhcmFtZXRlciBOYW1lPSJDQVBSRVEiIFZhbHVlPSIwIiBSZWNvcmRlZFZhbHVlPSIwIiBDb3JyZWxhdGlvbkJpbmRpbmc9IiIgVXJsRW5jb2RlPSJGYWxzZSIgVXNlVG9Hcm91cFJlc3VsdHM9IkZhbHNlIiAvPg0KICAgICAgICAgIDwvUXVlcnlTdHJpbmdQYXJhbWV0ZXJzPg0KICAgICAgICA8L1JlcXVlc3Q+DQogICAgICA8L0RlcGVuZGVudFJlcXVlc3RzPg0KICAgIDwvUmVxdWVzdD4NCiAgICA8UmVxdWVzdCBNZXRob2Q9IlBPU1QiIEd1aWQ9IjIxNGE5MWJlLTY3ZDgtNDMzYS1iOTA0LTgxMzNlMjAwMjFlZCIgVmVyc2lvbj0iMS4xIiBVcmw9Imh0dHA6Ly9sb2NhbGhvc3Q6MTQ1NTgvZWQwMzJhNzliNDlkNGE1MTk5MDk3NDFmZmZjMWVlNTYvYXJ0ZXJ5U2lnbmFsUi9uZWdvdGlhdGUiIFRoaW5rVGltZT0iMTciIFRpbWVvdXQ9IjMwMCIgUGFyc2VEZXBlbmRlbnRSZXF1ZXN0cz0iVHJ1ZSIgRm9sbG93UmVkaXJlY3RzPSJUcnVlIiBSZWNvcmRSZXN1bHQ9IlRydWUiIENhY2hlPSJGYWxzZSIgUmVzcG9uc2VUaW1lR29hbD0iMCIgRW5jb2Rpbmc9InV0Zi04IiBFeHBlY3RlZEh0dHBTdGF0dXNDb2RlPSIwIiBFeHBlY3RlZFJlc3BvbnNlVXJsPSIiIFJlcG9ydGluZ05hbWU9IiIgSWdub3JlSHR0cFN0YXR1c0NvZGU9IkZhbHNlIj4NCiAgICAgIDxIZWFkZXJzPg0KICAgICAgICA8SGVhZGVyIE5hbWU9IkNvbnRlbnQtVHlwZSIgVmFsdWU9ImFwcGxpY2F0aW9uL3gtd3d3LWZvcm0tdXJsZW5jb2RlZDsgY2hhcnNldD1VVEYtOCIgLz4NCiAgICAgICAgPEhlYWRlciBOYW1lPSJBY2NlcHQiIFZhbHVlPSJ0ZXh0L3BsYWluLCAqLyo7IHE9MC4wMSIgLz4NCiAgICAgICAgPEhlYWRlciBOYW1lPSJSZWZlcmVyIiBWYWx1ZT0iaHR0cDovL2xvY2FsaG9zdDo1ODU2MS8iIC8+DQogICAgICA8L0hlYWRlcnM+DQogICAgICA8UXVlcnlTdHJpbmdQYXJhbWV0ZXJzPg0KICAgICAgICA8UXVlcnlTdHJpbmdQYXJhbWV0ZXIgTmFtZT0icmVxdWVzdFVybCIgVmFsdWU9Imh0dHAlM0ElMkYlMkZsb2NhbGhvc3QlM0E1ODU2MSUyRiIgUmVjb3JkZWRWYWx1ZT0iaHR0cCUzQSUyRiUyRmxvY2FsaG9zdCUzQTU4NTYxJTJGIiBDb3JyZWxhdGlvbkJpbmRpbmc9IiIgVXJsRW5jb2RlPSJGYWxzZSIgVXNlVG9Hcm91cFJlc3VsdHM9IkZhbHNlIiAvPg0KICAgICAgICA8UXVlcnlTdHJpbmdQYXJhbWV0ZXIgTmFtZT0iYnJvd3Nlck5hbWUiIFZhbHVlPSJJbnRlcm5ldEV4cGxvcmVyIiBSZWNvcmRlZFZhbHVlPSJJbnRlcm5ldEV4cGxvcmVyIiBDb3JyZWxhdGlvbkJpbmRpbmc9IiIgVXJsRW5jb2RlPSJGYWxzZSIgVXNlVG9Hcm91cFJlc3VsdHM9IkZhbHNlIiAvPg0KICAgICAgICA8UXVlcnlTdHJpbmdQYXJhbWV0ZXIgTmFtZT0iY2xpZW50UHJvdG9jb2wiIFZhbHVlPSIxLjMiIFJlY29yZGVkVmFsdWU9IjEuMyIgQ29ycmVsYXRpb25CaW5kaW5nPSIiIFVybEVuY29kZT0iRmFsc2UiIFVzZVRvR3JvdXBSZXN1bHRzPSJGYWxzZSIgLz4NCiAgICAgICAgPFF1ZXJ5U3RyaW5nUGFyYW1ldGVyIE5hbWU9Il8iIFZhbHVlPSIxNDgxOTEwNDkwNzY0IiBSZWNvcmRlZFZhbHVlPSIxNDgxOTEwNDkwNzY0IiBDb3JyZWxhdGlvbkJpbmRpbmc9IiIgVXJsRW5jb2RlPSJGYWxzZSIgVXNlVG9Hcm91cFJlc3VsdHM9IkZhbHNlIiAvPg0KICAgICAgPC9RdWVyeVN0cmluZ1BhcmFtZXRlcnM+DQogICAgICA8Rm9ybVBvc3RIdHRwQm9keSAvPg0KICAgIDwvUmVxdWVzdD4NCiAgICA8UmVxdWVzdCBNZXRob2Q9IkdFVCIgR3VpZD0iYjcyNDgyOGUtM2YzZC00YTEzLTkzZjItNTIzNzg5NzVhZjRhIiBWZXJzaW9uPSIxLjEiIFVybD0iaHR0cDovL2xvY2FsaG9zdDo1ODU2MS9Vc2VyQWNjb3VudC9Mb2dpbiIgVGhpbmtUaW1lPSIwIiBUaW1lb3V0PSIzMDAiIFBhcnNlRGVwZW5kZW50UmVxdWVzdHM9IlRydWUiIEZvbGxvd1JlZGlyZWN0cz0iVHJ1ZSIgUmVjb3JkUmVzdWx0PSJUcnVlIiBDYWNoZT0iRmFsc2UiIFJlc3BvbnNlVGltZUdvYWw9IjAiIEVuY29kaW5nPSJ1dGYtOCIgRXhwZWN0ZWRIdHRwU3RhdHVzQ29kZT0iMCIgRXhwZWN0ZWRSZXNwb25zZVVybD0iIiBSZXBvcnRpbmdOYW1lPSIiIElnbm9yZUh0dHBTdGF0dXNDb2RlPSJGYWxzZSIgLz4NCiAgICA8UmVxdWVzdCBNZXRob2Q9IkdFVCIgR3VpZD0iZjk1ZjYwNDAtNWVmNS00NzJhLWE1MTQtMGQyMGFmNzE5YmFjIiBWZXJzaW9uPSIxLjEiIFVybD0iaHR0cDovL2xvY2FsaG9zdDoxNDU1OC9lZDAzMmE3OWI0OWQ0YTUxOTkwOTc0MWZmZmMxZWU1Ni9hcnRlcnlTaWduYWxSL2Nvbm5lY3QiIFRoaW5rVGltZT0iMCIgVGltZW91dD0iMzAwIiBQYXJzZURlcGVuZGVudFJlcXVlc3RzPSJUcnVlIiBGb2xsb3dSZWRpcmVjdHM9IlRydWUiIFJlY29yZFJlc3VsdD0iVHJ1ZSIgQ2FjaGU9IkZhbHNlIiBSZXNwb25zZVRpbWVHb2FsPSIwIiBFbmNvZGluZz0idXRmLTgiIEV4cGVjdGVkSHR0cFN0YXR1c0NvZGU9IjAiIEV4cGVjdGVkUmVzcG9uc2VVcmw9IiIgUmVwb3J0aW5nTmFtZT0iIiBJZ25vcmVIdHRwU3RhdHVzQ29kZT0iRmFsc2UiPg0KICAgICAgPFF1ZXJ5U3RyaW5nUGFyYW1ldGVycz4NCiAgICAgICAgPFF1ZXJ5U3RyaW5nUGFyYW1ldGVyIE5hbWU9InRyYW5zcG9ydCIgVmFsdWU9IndlYlNvY2tldHMiIFJlY29yZGVkVmFsdWU9IndlYlNvY2tldHMiIENvcnJlbGF0aW9uQmluZGluZz0iIiBVcmxFbmNvZGU9IkZhbHNlIiBVc2VUb0dyb3VwUmVzdWx0cz0iRmFsc2UiIC8+DQogICAgICAgIDxRdWVyeVN0cmluZ1BhcmFtZXRlciBOYW1lPSJjb25uZWN0aW9uVG9rZW4iIFZhbHVlPSJBUUFBQU5DTW5kOEJGZEVSakhvQXdFJTJGQ2wlMkJzQkFBQUFQZ0lLZzFDdGFreXFHbGhjOWM2cGhRQUFBQUFDQUFBQUFBQVFaZ0FBQUFFQUFDQUFBQUM5SWlTTmFDdTNEbUZrSU5qc3lTWFdoY0E0dWdON2did29GU2wwWGE3aXVRQUFBQUFPZ0FBQUFBSUFBQ0FBQUFCQUhlZnRoZ2dlMWk5bWJwU3dSblVWbUNYMDZyeUpQSk1VTmlHJTJGV0tJWFNUQUFBQUFjTldDZkZGRW5LRXVRODhDeWJrN2hIdjVrSFdGMWc2Nlg1T3RJcG5KdEdrR0tSTVp6Y003VXN1THBHODNVdXgxQUFBQUF3Mnp1TExYWndFeE1FdWNmJTJCWCUyRnMlMkJUYll1R0JyRGtkeGZrWmU2SGhDdzVmOElJVGw1JTJCQnlJUlkwRHA1JTJGJTJCSmVPREM2b1pjcXNBTm5lQSUyRlA2MWd1QmRRJTNEJTNEIiBSZWNvcmRlZFZhbHVlPSJBUUFBQU5DTW5kOEJGZEVSakhvQXdFJTJGQ2wlMkJzQkFBQUFQZ0lLZzFDdGFreXFHbGhjOWM2cGhRQUFBQUFDQUFBQUFBQVFaZ0FBQUFFQUFDQUFBQUM5SWlTTmFDdTNEbUZrSU5qc3lTWFdoY0E0dWdON2did29GU2wwWGE3aXVRQUFBQUFPZ0FBQUFBSUFBQ0FBQUFCQUhlZnRoZ2dlMWk5bWJwU3dSblVWbUNYMDZyeUpQSk1VTmlHJTJGV0tJWFNUQUFBQUFjTldDZkZGRW5LRXVRODhDeWJrN2hIdjVrSFdGMWc2Nlg1T3RJcG5KdEdrR0tSTVp6Y003VXN1THBHODNVdXgxQUFBQUF3Mnp1TExYWndFeE1FdWNmJTJCWCUyRnMlMkJUYll1R0JyRGtkeGZrWmU2SGhDdzVmOElJVGw1JTJCQnlJUlkwRHA1JTJGJTJCSmVPREM2b1pjcXNBTm5lQSUyRlA2MWd1QmRRJTNEJTNEIiBDb3JyZWxhdGlvbkJpbmRpbmc9IiIgVXJsRW5jb2RlPSJGYWxzZSIgVXNlVG9Hcm91cFJlc3VsdHM9IkZhbHNlIiAvPg0KICAgICAgICA8UXVlcnlTdHJpbmdQYXJhbWV0ZXIgTmFtZT0icmVxdWVzdFVybCIgVmFsdWU9Imh0dHAlM0ElMkYlMkZsb2NhbGhvc3QlM0E1ODU2MSUyRiIgUmVjb3JkZWRWYWx1ZT0iaHR0cCUzQSUyRiUyRmxvY2FsaG9zdCUzQTU4NTYxJTJGIiBDb3JyZWxhdGlvbkJpbmRpbmc9IiIgVXJsRW5jb2RlPSJGYWxzZSIgVXNlVG9Hcm91cFJlc3VsdHM9IkZhbHNlIiAvPg0KICAgICAgICA8UXVlcnlTdHJpbmdQYXJhbWV0ZXIgTmFtZT0iYnJvd3Nlck5hbWUiIFZhbHVlPSJJbnRlcm5ldEV4cGxvcmVyIiBSZWNvcmRlZFZhbHVlPSJJbnRlcm5ldEV4cGxvcmVyIiBDb3JyZWxhdGlvbkJpbmRpbmc9IiIgVXJsRW5jb2RlPSJGYWxzZSIgVXNlVG9Hcm91cFJlc3VsdHM9IkZhbHNlIiAvPg0KICAgICAgICA8UXVlcnlTdHJpbmdQYXJhbWV0ZXIgTmFtZT0idGlkIiBWYWx1ZT0iNiIgUmVjb3JkZWRWYWx1ZT0iNiIgQ29ycmVsYXRpb25CaW5kaW5nPSIiIFVybEVuY29kZT0iRmFsc2UiIFVzZVRvR3JvdXBSZXN1bHRzPSJGYWxzZSIgLz4NCiAgICAgIDwvUXVlcnlTdHJpbmdQYXJhbWV0ZXJzPg0KICAgIDwvUmVxdWVzdD4NCiAgICA8UmVxdWVzdCBNZXRob2Q9IkdFVCIgR3VpZD0iODU1MTc1OWYtZTMyMy00MTc0LWEyMDEtMjA0MTFkYzZjODViIiBWZXJzaW9uPSIxLjEiIFVybD0iaHR0cDovL2xvY2FsaG9zdDo1ODU2MS9fX2Jyb3dzZXJMaW5rL3JlcXVlc3REYXRhLzU5OTI2YjVjNGIzYjRhMjNhMjNhNmU0NzIzOWZmYjUxIiBUaGlua1RpbWU9IjAiIFRpbWVvdXQ9IjMwMCIgUGFyc2VEZXBlbmRlbnRSZXF1ZXN0cz0iVHJ1ZSIgRm9sbG93UmVkaXJlY3RzPSJUcnVlIiBSZWNvcmRSZXN1bHQ9IlRydWUiIENhY2hlPSJGYWxzZSIgUmVzcG9uc2VUaW1lR29hbD0iMCIgRW5jb2Rpbmc9InV0Zi04IiBFeHBlY3RlZEh0dHBTdGF0dXNDb2RlPSIwIiBFeHBlY3RlZFJlc3BvbnNlVXJsPSIiIFJlcG9ydGluZ05hbWU9IiIgSWdub3JlSHR0cFN0YXR1c0NvZGU9IkZhbHNlIj4NCiAgICAgIDxIZWFkZXJzPg0KICAgICAgICA8SGVhZGVyIE5hbWU9IkFjY2VwdCIgVmFsdWU9ImFwcGxpY2F0aW9uL2pzb24sIHRleHQvamF2YXNjcmlwdCwgKi8qOyBxPTAuMDEiIC8+DQogICAgICAgIDxIZWFkZXIgTmFtZT0iWC1SZXF1ZXN0ZWQtV2l0aCIgVmFsdWU9IlhNTEh0dHBSZXF1ZXN0IiAvPg0KICAgICAgICA8SGVhZGVyIE5hbWU9IlJlZmVyZXIiIFZhbHVlPSJodHRwOi8vbG9jYWxob3N0OjU4NTYxLyIgLz4NCiAgICAgIDwvSGVhZGVycz4NCiAgICA8L1JlcXVlc3Q+DQogICAgPFJlcXVlc3QgTWV0aG9kPSJQT1NUIiBHdWlkPSJlZTk2NzI5NC1jY2ZhLTQ2NGItYWY0MC04Njg5ZDE4MzlhOGMiIFZlcnNpb249IjEuMSIgVXJsPSJodHRwOi8vbG9jYWxob3N0OjE0NTU4L2VkMDMyYTc5YjQ5ZDRhNTE5OTA5NzQxZmZmYzFlZTU2L2FydGVyeVNpZ25hbFIvYWJvcnQiIFRoaW5rVGltZT0iMCIgVGltZW91dD0iMzAwIiBQYXJzZURlcGVuZGVudFJlcXVlc3RzPSJUcnVlIiBGb2xsb3dSZWRpcmVjdHM9IlRydWUiIFJlY29yZFJlc3VsdD0iVHJ1ZSIgQ2FjaGU9IkZhbHNlIiBSZXNwb25zZVRpbWVHb2FsPSIwIiBFbmNvZGluZz0idXRmLTgiIEV4cGVjdGVkSHR0cFN0YXR1c0NvZGU9IjAiIEV4cGVjdGVkUmVzcG9uc2VVcmw9IiIgUmVwb3J0aW5nTmFtZT0iIiBJZ25vcmVIdHRwU3RhdHVzQ29kZT0iRmFsc2UiPg0KICAgICAgPEhlYWRlcnM+DQogICAgICAgIDxIZWFkZXIgTmFtZT0iQWNjZXB0IiBWYWx1ZT0idGV4dC9wbGFpbiwgKi8qOyBxPTAuMDEiIC8+DQogICAgICAgIDxIZWFkZXIgTmFtZT0iUmVmZXJlciIgVmFsdWU9Imh0dHA6Ly9sb2NhbGhvc3Q6NTg1NjEvIiAvPg0KICAgICAgPC9IZWFkZXJzPg0KICAgICAgPFF1ZXJ5U3RyaW5nUGFyYW1ldGVycz4NCiAgICAgICAgPFF1ZXJ5U3RyaW5nUGFyYW1ldGVyIE5hbWU9InRyYW5zcG9ydCIgVmFsdWU9IndlYlNvY2tldHMiIFJlY29yZGVkVmFsdWU9IndlYlNvY2tldHMiIENvcnJlbGF0aW9uQmluZGluZz0iIiBVcmxFbmNvZGU9IkZhbHNlIiBVc2VUb0dyb3VwUmVzdWx0cz0iRmFsc2UiIC8+DQogICAgICAgIDxRdWVyeVN0cmluZ1BhcmFtZXRlciBOYW1lPSJjb25uZWN0aW9uVG9rZW4iIFZhbHVlPSJBUUFBQU5DTW5kOEJGZEVSakhvQXdFJTJGQ2wlMkJzQkFBQUFQZ0lLZzFDdGFreXFHbGhjOWM2cGhRQUFBQUFDQUFBQUFBQVFaZ0FBQUFFQUFDQUFBQUM5SWlTTmFDdTNEbUZrSU5qc3lTWFdoY0E0dWdON2did29GU2wwWGE3aXVRQUFBQUFPZ0FBQUFBSUFBQ0FBQUFCQUhlZnRoZ2dlMWk5bWJwU3dSblVWbUNYMDZyeUpQSk1VTmlHJTJGV0tJWFNUQUFBQUFjTldDZkZGRW5LRXVRODhDeWJrN2hIdjVrSFdGMWc2Nlg1T3RJcG5KdEdrR0tSTVp6Y003VXN1THBHODNVdXgxQUFBQUF3Mnp1TExYWndFeE1FdWNmJTJCWCUyRnMlMkJUYll1R0JyRGtkeGZrWmU2SGhDdzVmOElJVGw1JTJCQnlJUlkwRHA1JTJGJTJCSmVPREM2b1pjcXNBTm5lQSUyRlA2MWd1QmRRJTNEJTNEIiBSZWNvcmRlZFZhbHVlPSJBUUFBQU5DTW5kOEJGZEVSakhvQXdFJTJGQ2wlMkJzQkFBQUFQZ0lLZzFDdGFreXFHbGhjOWM2cGhRQUFBQUFDQUFBQUFBQVFaZ0FBQUFFQUFDQUFBQUM5SWlTTmFDdTNEbUZrSU5qc3lTWFdoY0E0dWdON2did29GU2wwWGE3aXVRQUFBQUFPZ0FBQUFBSUFBQ0FBQUFCQUhlZnRoZ2dlMWk5bWJwU3dSblVWbUNYMDZyeUpQSk1VTmlHJTJGV0tJWFNUQUFBQUFjTldDZkZGRW5LRXVRODhDeWJrN2hIdjVrSFdGMWc2Nlg1T3RJcG5KdEdrR0tSTVp6Y003VXN1THBHODNVdXgxQUFBQUF3Mnp1TExYWndFeE1FdWNmJTJCWCUyRnMlMkJUYll1R0JyRGtkeGZrWmU2SGhDdzVmOElJVGw1JTJCQnlJUlkwRHA1JTJGJTJCSmVPREM2b1pjcXNBTm5lQSUyRlA2MWd1QmRRJTNEJTNEIiBDb3JyZWxhdGlvbkJpbmRpbmc9IiIgVXJsRW5jb2RlPSJGYWxzZSIgVXNlVG9Hcm91cFJlc3VsdHM9IkZhbHNlIiAvPg0KICAgICAgICA8UXVlcnlTdHJpbmdQYXJhbWV0ZXIgTmFtZT0icmVxdWVzdFVybCIgVmFsdWU9Imh0dHAlM0ElMkYlMkZsb2NhbGhvc3QlM0E1ODU2MSUyRiIgUmVjb3JkZWRWYWx1ZT0iaHR0cCUzQSUyRiUyRmxvY2FsaG9zdCUzQTU4NTYxJTJGIiBDb3JyZWxhdGlvbkJpbmRpbmc9IiIgVXJsRW5jb2RlPSJGYWxzZSIgVXNlVG9Hcm91cFJlc3VsdHM9IkZhbHNlIiAvPg0KICAgICAgICA8UXVlcnlTdHJpbmdQYXJhbWV0ZXIgTmFtZT0iYnJvd3Nlck5hbWUiIFZhbHVlPSJJbnRlcm5ldEV4cGxvcmVyIiBSZWNvcmRlZFZhbHVlPSJJbnRlcm5ldEV4cGxvcmVyIiBDb3JyZWxhdGlvbkJpbmRpbmc9IiIgVXJsRW5jb2RlPSJGYWxzZSIgVXNlVG9Hcm91cFJlc3VsdHM9IkZhbHNlIiAvPg0KICAgICAgPC9RdWVyeVN0cmluZ1BhcmFtZXRlcnM+DQogICAgICA8Rm9ybVBvc3RIdHRwQm9keSAvPg0KICAgIDwvUmVxdWVzdD4NCiAgICA8UmVxdWVzdCBNZXRob2Q9IlBPU1QiIEd1aWQ9Ijg4ZWViMDBlLTBlZDAtNDUxZC1iNjRlLWY3NGM2YzU3YzJjMyIgVmVyc2lvbj0iMS4xIiBVcmw9Imh0dHA6Ly9sb2NhbGhvc3Q6MTQ1NTgvZWQwMzJhNzliNDlkNGE1MTk5MDk3NDFmZmZjMWVlNTYvYXJ0ZXJ5U2lnbmFsUi9uZWdvdGlhdGUiIFRoaW5rVGltZT0iNiIgVGltZW91dD0iMzAwIiBQYXJzZURlcGVuZGVudFJlcXVlc3RzPSJUcnVlIiBGb2xsb3dSZWRpcmVjdHM9IlRydWUiIFJlY29yZFJlc3VsdD0iVHJ1ZSIgQ2FjaGU9IkZhbHNlIiBSZXNwb25zZVRpbWVHb2FsPSIwIiBFbmNvZGluZz0idXRmLTgiIEV4cGVjdGVkSHR0cFN0YXR1c0NvZGU9IjAiIEV4cGVjdGVkUmVzcG9uc2VVcmw9IiIgUmVwb3J0aW5nTmFtZT0iIiBJZ25vcmVIdHRwU3RhdHVzQ29kZT0iRmFsc2UiPg0KICAgICAgPEhlYWRlcnM+DQogICAgICAgIDxIZWFkZXIgTmFtZT0iQ29udGVudC1UeXBlIiBWYWx1ZT0iYXBwbGljYXRpb24veC13d3ctZm9ybS11cmxlbmNvZGVkOyBjaGFyc2V0PVVURi04IiAvPg0KICAgICAgICA8SGVhZGVyIE5hbWU9IkFjY2VwdCIgVmFsdWU9InRleHQvcGxhaW4sICovKjsgcT0wLjAxIiAvPg0KICAgICAgICA8SGVhZGVyIE5hbWU9IlJlZmVyZXIiIFZhbHVlPSJodHRwOi8vbG9jYWxob3N0OjU4NTYxL1VzZXJBY2NvdW50L0xvZ2luIiAvPg0KICAgICAgPC9IZWFkZXJzPg0KICAgICAgPFF1ZXJ5U3RyaW5nUGFyYW1ldGVycz4NCiAgICAgICAgPFF1ZXJ5U3RyaW5nUGFyYW1ldGVyIE5hbWU9InJlcXVlc3RVcmwiIFZhbHVlPSJodHRwJTNBJTJGJTJGbG9jYWxob3N0JTNBNTg1NjElMkZVc2VyQWNjb3VudCUyRkxvZ2luIiBSZWNvcmRlZFZhbHVlPSJodHRwJTNBJTJGJTJGbG9jYWxob3N0JTNBNTg1NjElMkZVc2VyQWNjb3VudCUyRkxvZ2luIiBDb3JyZWxhdGlvbkJpbmRpbmc9IiIgVXJsRW5jb2RlPSJGYWxzZSIgVXNlVG9Hcm91cFJlc3VsdHM9IkZhbHNlIiAvPg0KICAgICAgICA8UXVlcnlTdHJpbmdQYXJhbWV0ZXIgTmFtZT0iYnJvd3Nlck5hbWUiIFZhbHVlPSJJbnRlcm5ldEV4cGxvcmVyIiBSZWNvcmRlZFZhbHVlPSJJbnRlcm5ldEV4cGxvcmVyIiBDb3JyZWxhdGlvbkJpbmRpbmc9IiIgVXJsRW5jb2RlPSJGYWxzZSIgVXNlVG9Hcm91cFJlc3VsdHM9IkZhbHNlIiAvPg0KICAgICAgICA8UXVlcnlTdHJpbmdQYXJhbWV0ZXIgTmFtZT0iY2xpZW50UHJvdG9jb2wiIFZhbHVlPSIxLjMiIFJlY29yZGVkVmFsdWU9IjEuMyIgQ29ycmVsYXRpb25CaW5kaW5nPSIiIFVybEVuY29kZT0iRmFsc2UiIFVzZVRvR3JvdXBSZXN1bHRzPSJGYWxzZSIgLz4NCiAgICAgICAgPFF1ZXJ5U3RyaW5nUGFyYW1ldGVyIE5hbWU9Il8iIFZhbHVlPSIxNDgxOTEwNTEwMzM5IiBSZWNvcmRlZFZhbHVlPSIxNDgxOTEwNTEwMzM5IiBDb3JyZWxhdGlvbkJpbmRpbmc9IiIgVXJsRW5jb2RlPSJGYWxzZSIgVXNlVG9Hcm91cFJlc3VsdHM9IkZhbHNlIiAvPg0KICAgICAgPC9RdWVyeVN0cmluZ1BhcmFtZXRlcnM+DQogICAgICA8Rm9ybVBvc3RIdHRwQm9keSAvPg0KICAgIDwvUmVxdWVzdD4NCiAgICA8UmVxdWVzdCBNZXRob2Q9IlBPU1QiIEd1aWQ9IjIyMjE0NDdiLTAxZTctNDA2MS1hODA5LTBjNDRhYTlmYWY5OCIgVmVyc2lvbj0iMS4xIiBVcmw9Imh0dHA6Ly9sb2NhbGhvc3Q6NTg1NjEvVXNlckFjY291bnQvTG9naW4iIFRoaW5rVGltZT0iMCIgVGltZW91dD0iMzAwIiBQYXJzZURlcGVuZGVudFJlcXVlc3RzPSJUcnVlIiBGb2xsb3dSZWRpcmVjdHM9IlRydWUiIFJlY29yZFJlc3VsdD0iVHJ1ZSIgQ2FjaGU9IkZhbHNlIiBSZXNwb25zZVRpbWVHb2FsPSIwIiBFbmNvZGluZz0idXRmLTgiIEV4cGVjdGVkSHR0cFN0YXR1c0NvZGU9IjAiIEV4cGVjdGVkUmVzcG9uc2VVcmw9IiIgUmVwb3J0aW5nTmFtZT0iIiBJZ25vcmVIdHRwU3RhdHVzQ29kZT0iRmFsc2UiPg0KICAgICAgPERlcGVuZGVudFJlcXVlc3RzPg0KICAgICAgICA8UmVxdWVzdCBNZXRob2Q9IlBPU1QiIEd1aWQ9ImM5OGY4MGEzLTVlMjktNDZhMy1iYzQ4LTgzYjZlM2FmZDUwYyIgVmVyc2lvbj0iMS4xIiBVcmw9Imh0dHA6Ly9sb2NhbGhvc3Q6MTQ1NTgvZWQwMzJhNzliNDlkNGE1MTk5MDk3NDFmZmZjMWVlNTYvYXJ0ZXJ5U2lnbmFsUi9hYm9ydCIgVGhpbmtUaW1lPSIwIiBUaW1lb3V0PSIzMDAiIFBhcnNlRGVwZW5kZW50UmVxdWVzdHM9IlRydWUiIEZvbGxvd1JlZGlyZWN0cz0iVHJ1ZSIgUmVjb3JkUmVzdWx0PSJUcnVlIiBDYWNoZT0iRmFsc2UiIFJlc3BvbnNlVGltZUdvYWw9IjAiIEVuY29kaW5nPSJ1dGYtOCIgRXhwZWN0ZWRIdHRwU3RhdHVzQ29kZT0iMCIgRXhwZWN0ZWRSZXNwb25zZVVybD0iIiBSZXBvcnRpbmdOYW1lPSIiIElnbm9yZUh0dHBTdGF0dXNDb2RlPSJGYWxzZSI+DQogICAgICAgICAgPEhlYWRlcnM+DQogICAgICAgICAgICA8SGVhZGVyIE5hbWU9IkFjY2VwdCIgVmFsdWU9InRleHQvcGxhaW4sICovKjsgcT0wLjAxIiAvPg0KICAgICAgICAgICAgPEhlYWRlciBOYW1lPSJSZWZlcmVyIiBWYWx1ZT0iaHR0cDovL2xvY2FsaG9zdDo1ODU2MS9Vc2VyQWNjb3VudC9Mb2dpbiIgLz4NCiAgICAgICAgICA8L0hlYWRlcnM+DQogICAgICAgICAgPFF1ZXJ5U3RyaW5nUGFyYW1ldGVycz4NCiAgICAgICAgICAgIDxRdWVyeVN0cmluZ1BhcmFtZXRlciBOYW1lPSJ0cmFuc3BvcnQiIFZhbHVlPSJ3ZWJTb2NrZXRzIiBSZWNvcmRlZFZhbHVlPSJ3ZWJTb2NrZXRzIiBDb3JyZWxhdGlvbkJpbmRpbmc9IiIgVXJsRW5jb2RlPSJGYWxzZSIgVXNlVG9Hcm91cFJlc3VsdHM9IkZhbHNlIiAvPg0KICAgICAgICAgICAgPFF1ZXJ5U3RyaW5nUGFyYW1ldGVyIE5hbWU9ImNvbm5lY3Rpb25Ub2tlbiIgVmFsdWU9IkFRQUFBTkNNbmQ4QkZkRVJqSG9Bd0UlMkZDbCUyQnNCQUFBQVBnSUtnMUN0YWt5cUdsaGM5YzZwaFFBQUFBQUNBQUFBQUFBUVpnQUFBQUVBQUNBQUFBQnZVNDM0SklHY3BobTY0TURtZFdXd3dmSURJUWszSFFEcmExOHpCJTJGak95QUFBQUFBT2dBQUFBQUlBQUNBQUFBQmZUQWxUNmM0TG51cHlaTjlQY1hUME9tWExPaWxHOWJZS3h3UnVRNHEwTnpBQUFBRHh6dXJBN1ZPcWpjUE5JRFNtaW1jT1BjNjNsV3JBMlBXRHlUWVZYMUZhdzRlS2ZGdlhMaFRxVXBsSVcwU0Q1cmxBQUFBQTlqOVFTWUpwT1I5SjglMkJnYTBXMEtiT1JhbHdmclVGZzNGaEdEOUtVYldnNHhJUUZWTVI5aUNhQnRSd3ZwS0xWRU5PUlc4cTYlMkJmJTJGZHdOZVgwVTJSZ3N3JTNEJTNEIiBSZWNvcmRlZFZhbHVlPSJBUUFBQU5DTW5kOEJGZEVSakhvQXdFJTJGQ2wlMkJzQkFBQUFQZ0lLZzFDdGFreXFHbGhjOWM2cGhRQUFBQUFDQUFBQUFBQVFaZ0FBQUFFQUFDQUFBQUJ2VTQzNEpJR2NwaG02NE1EbWRXV3d3ZklESVFrM0hRRHJhMTh6QiUyRmpPeUFBQUFBQU9nQUFBQUFJQUFDQUFBQUJmVEFsVDZjNExudXB5Wk45UGNYVDBPbVhMT2lsRzliWUt4d1J1UTRxME56QUFBQUR4enVyQTdWT3FqY1BOSURTbWltY09QYzYzbFdyQTJQV0R5VFlWWDFGYXc0ZUtmRnZYTGhUcVVwbElXMFNENXJsQUFBQUE5ajlRU1lKcE9SOUo4JTJCZ2EwVzBLYk9SYWx3ZnJVRmczRmhHRDlLVWJXZzR4SVFGVk1SOWlDYUJ0Und2cEtMVkVOT1JXOHE2JTJCZiUyRmR3TmVYMFUyUmdzdyUzRCUzRCIgQ29ycmVsYXRpb25CaW5kaW5nPSIiIFVybEVuY29kZT0iRmFsc2UiIFVzZVRvR3JvdXBSZXN1bHRzPSJGYWxzZSIgLz4NCiAgICAgICAgICAgIDxRdWVyeVN0cmluZ1BhcmFtZXRlciBOYW1lPSJyZXF1ZXN0VXJsIiBWYWx1ZT0iaHR0cCUzQSUyRiUyRmxvY2FsaG9zdCUzQTU4NTYxJTJGVXNlckFjY291bnQlMkZMb2dpbiIgUmVjb3JkZWRWYWx1ZT0iaHR0cCUzQSUyRiUyRmxvY2FsaG9zdCUzQTU4NTYxJTJGVXNlckFjY291bnQlMkZMb2dpbiIgQ29ycmVsYXRpb25CaW5kaW5nPSIiIFVybEVuY29kZT0iRmFsc2UiIFVzZVRvR3JvdXBSZXN1bHRzPSJGYWxzZSIgLz4NCiAgICAgICAgICAgIDxRdWVyeVN0cmluZ1BhcmFtZXRlciBOYW1lPSJicm93c2VyTmFtZSIgVmFsdWU9IkludGVybmV0RXhwbG9yZXIiIFJlY29yZGVkVmFsdWU9IkludGVybmV0RXhwbG9yZXIiIENvcnJlbGF0aW9uQmluZGluZz0iIiBVcmxFbmNvZGU9IkZhbHNlIiBVc2VUb0dyb3VwUmVzdWx0cz0iRmFsc2UiIC8+DQogICAgICAgICAgPC9RdWVyeVN0cmluZ1BhcmFtZXRlcnM+DQogICAgICAgICAgPEZvcm1Qb3N0SHR0cEJvZHkgLz4NCiAgICAgICAgPC9SZXF1ZXN0Pg0KICAgICAgPC9EZXBlbmRlbnRSZXF1ZXN0cz4NCiAgICAgIDxIZWFkZXJzPg0KICAgICAgICA8SGVhZGVyIE5hbWU9IlJlZmVyZXIiIFZhbHVlPSJodHRwOi8vbG9jYWxob3N0OjU4NTYxL1VzZXJBY2NvdW50L0xvZ2luIiAvPg0KICAgICAgPC9IZWFkZXJzPg0KICAgICAgPEZvcm1Qb3N0SHR0cEJvZHk+DQogICAgICAgIDxGb3JtUG9zdFBhcmFtZXRlciBOYW1lPSJVc2VybmFtZSIgVmFsdWU9Iktlc2hhIiBSZWNvcmRlZFZhbHVlPSJLZXNoYSIgQ29ycmVsYXRpb25CaW5kaW5nPSIiIFVybEVuY29kZT0iVHJ1ZSIgLz4NCiAgICAgICAgPEZvcm1Qb3N0UGFyYW1ldGVyIE5hbWU9IlBhc3N3b3JkIiBWYWx1ZT0iMTIzNTQiIFJlY29yZGVkVmFsdWU9IjEyMzU0IiBDb3JyZWxhdGlvbkJpbmRpbmc9IiIgVXJsRW5jb2RlPSJUcnVlIiAvPg0KICAgICAgPC9Gb3JtUG9zdEh0dHBCb2R5Pg0KICAgIDwvUmVxdWVzdD4NCiAgICA8UmVxdWVzdCBNZXRob2Q9IkdFVCIgR3VpZD0iOTI5NWQwMjktY2FkYS00NjgyLWEzM2EtMDVjNmYyMzk0YzgxIiBWZXJzaW9uPSIxLjEiIFVybD0iaHR0cDovL2xvY2FsaG9zdDoxNDU1OC9lZDAzMmE3OWI0OWQ0YTUxOTkwOTc0MWZmZmMxZWU1Ni9hcnRlcnlTaWduYWxSL2Nvbm5lY3QiIFRoaW5rVGltZT0iMCIgVGltZW91dD0iMzAwIiBQYXJzZURlcGVuZGVudFJlcXVlc3RzPSJUcnVlIiBGb2xsb3dSZWRpcmVjdHM9IlRydWUiIFJlY29yZFJlc3VsdD0iVHJ1ZSIgQ2FjaGU9IkZhbHNlIiBSZXNwb25zZVRpbWVHb2FsPSIwIiBFbmNvZGluZz0idXRmLTgiIEV4cGVjdGVkSHR0cFN0YXR1c0NvZGU9IjAiIEV4cGVjdGVkUmVzcG9uc2VVcmw9IiIgUmVwb3J0aW5nTmFtZT0iIiBJZ25vcmVIdHRwU3RhdHVzQ29kZT0iRmFsc2UiPg0KICAgICAgPFF1ZXJ5U3RyaW5nUGFyYW1ldGVycz4NCiAgICAgICAgPFF1ZXJ5U3RyaW5nUGFyYW1ldGVyIE5hbWU9InRyYW5zcG9ydCIgVmFsdWU9IndlYlNvY2tldHMiIFJlY29yZGVkVmFsdWU9IndlYlNvY2tldHMiIENvcnJlbGF0aW9uQmluZGluZz0iIiBVcmxFbmNvZGU9IkZhbHNlIiBVc2VUb0dyb3VwUmVzdWx0cz0iRmFsc2UiIC8+DQogICAgICAgIDxRdWVyeVN0cmluZ1BhcmFtZXRlciBOYW1lPSJjb25uZWN0aW9uVG9rZW4iIFZhbHVlPSJBUUFBQU5DTW5kOEJGZEVSakhvQXdFJTJGQ2wlMkJzQkFBQUFQZ0lLZzFDdGFreXFHbGhjOWM2cGhRQUFBQUFDQUFBQUFBQVFaZ0FBQUFFQUFDQUFBQUJ2VTQzNEpJR2NwaG02NE1EbWRXV3d3ZklESVFrM0hRRHJhMTh6QiUyRmpPeUFBQUFBQU9nQUFBQUFJQUFDQUFBQUJmVEFsVDZjNExudXB5Wk45UGNYVDBPbVhMT2lsRzliWUt4d1J1UTRxME56QUFBQUR4enVyQTdWT3FqY1BOSURTbWltY09QYzYzbFdyQTJQV0R5VFlWWDFGYXc0ZUtmRnZYTGhUcVVwbElXMFNENXJsQUFBQUE5ajlRU1lKcE9SOUo4JTJCZ2EwVzBLYk9SYWx3ZnJVRmczRmhHRDlLVWJXZzR4SVFGVk1SOWlDYUJ0Und2cEtMVkVOT1JXOHE2JTJCZiUyRmR3TmVYMFUyUmdzdyUzRCUzRCIgUmVjb3JkZWRWYWx1ZT0iQVFBQUFOQ01uZDhCRmRFUmpIb0F3RSUyRkNsJTJCc0JBQUFBUGdJS2cxQ3Rha3lxR2xoYzljNnBoUUFBQUFBQ0FBQUFBQUFRWmdBQUFBRUFBQ0FBQUFCdlU0MzRKSUdjcGhtNjRNRG1kV1d3d2ZJRElRazNIUURyYTE4ekIlMkZqT3lBQUFBQUFPZ0FBQUFBSUFBQ0FBQUFCZlRBbFQ2YzRMbnVweVpOOVBjWFQwT21YTE9pbEc5YllLeHdSdVE0cTBOekFBQUFEeHp1ckE3Vk9xamNQTklEU21pbWNPUGM2M2xXckEyUFdEeVRZVlgxRmF3NGVLZkZ2WExoVHFVcGxJVzBTRDVybEFBQUFBOWo5UVNZSnBPUjlKOCUyQmdhMFcwS2JPUmFsd2ZyVUZnM0ZoR0Q5S1ViV2c0eElRRlZNUjlpQ2FCdFJ3dnBLTFZFTk9SVzhxNiUyQmYlMkZkd05lWDBVMlJnc3clM0QlM0QiIENvcnJlbGF0aW9uQmluZGluZz0iIiBVcmxFbmNvZGU9IkZhbHNlIiBVc2VUb0dyb3VwUmVzdWx0cz0iRmFsc2UiIC8+DQogICAgICAgIDxRdWVyeVN0cmluZ1BhcmFtZXRlciBOYW1lPSJyZXF1ZXN0VXJsIiBWYWx1ZT0iaHR0cCUzQSUyRiUyRmxvY2FsaG9zdCUzQTU4NTYxJTJGVXNlckFjY291bnQlMkZMb2dpbiIgUmVjb3JkZWRWYWx1ZT0iaHR0cCUzQSUyRiUyRmxvY2FsaG9zdCUzQTU4NTYxJTJGVXNlckFjY291bnQlMkZMb2dpbiIgQ29ycmVsYXRpb25CaW5kaW5nPSIiIFVybEVuY29kZT0iRmFsc2UiIFVzZVRvR3JvdXBSZXN1bHRzPSJGYWxzZSIgLz4NCiAgICAgICAgPFF1ZXJ5U3RyaW5nUGFyYW1ldGVyIE5hbWU9ImJyb3dzZXJOYW1lIiBWYWx1ZT0iSW50ZXJuZXRFeHBsb3JlciIgUmVjb3JkZWRWYWx1ZT0iSW50ZXJuZXRFeHBsb3JlciIgQ29ycmVsYXRpb25CaW5kaW5nPSIiIFVybEVuY29kZT0iRmFsc2UiIFVzZVRvR3JvdXBSZXN1bHRzPSJGYWxzZSIgLz4NCiAgICAgICAgPFF1ZXJ5U3RyaW5nUGFyYW1ldGVyIE5hbWU9InRpZCIgVmFsdWU9IjAiIFJlY29yZGVkVmFsdWU9IjAiIENvcnJlbGF0aW9uQmluZGluZz0iIiBVcmxFbmNvZGU9IkZhbHNlIiBVc2VUb0dyb3VwUmVzdWx0cz0iRmFsc2UiIC8+DQogICAgICA8L1F1ZXJ5U3RyaW5nUGFyYW1ldGVycz4NCiAgICA8L1JlcXVlc3Q+DQogICAgPFJlcXVlc3QgTWV0aG9kPSJHRVQiIEd1aWQ9ImIzNjg5NmRjLTE0M2YtNGQyMC04MWMyLWQ3M2I4YjA4M2ZkNiIgVmVyc2lvbj0iMS4xIiBVcmw9Imh0dHA6Ly9sb2NhbGhvc3Q6NTg1NjEvX19icm93c2VyTGluay9yZXF1ZXN0RGF0YS9jMjc3NThhOGM5NDM0YzEwYWIzMzhhNTZiMTMyOTcwMyIgVGhpbmtUaW1lPSIwIiBUaW1lb3V0PSIzMDAiIFBhcnNlRGVwZW5kZW50UmVxdWVzdHM9IlRydWUiIEZvbGxvd1JlZGlyZWN0cz0iVHJ1ZSIgUmVjb3JkUmVzdWx0PSJUcnVlIiBDYWNoZT0iRmFsc2UiIFJlc3BvbnNlVGltZUdvYWw9IjAiIEVuY29kaW5nPSJ1dGYtOCIgRXhwZWN0ZWRIdHRwU3RhdHVzQ29kZT0iMCIgRXhwZWN0ZWRSZXNwb25zZVVybD0iIiBSZXBvcnRpbmdOYW1lPSIiIElnbm9yZUh0dHBTdGF0dXNDb2RlPSJGYWxzZSI+DQogICAgICA8SGVhZGVycz4NCiAgICAgICAgPEhlYWRlciBOYW1lPSJBY2NlcHQiIFZhbHVlPSJhcHBsaWNhdGlvbi9qc29uLCB0ZXh0L2phdmFzY3JpcHQsICovKjsgcT0wLjAxIiAvPg0KICAgICAgICA8SGVhZGVyIE5hbWU9IlgtUmVxdWVzdGVkLVdpdGgiIFZhbHVlPSJYTUxIdHRwUmVxdWVzdCIgLz4NCiAgICAgICAgPEhlYWRlciBOYW1lPSJSZWZlcmVyIiBWYWx1ZT0iaHR0cDovL2xvY2FsaG9zdDo1ODU2MS9Vc2VyQWNjb3VudC9Mb2dpbiIgLz4NCiAgICAgIDwvSGVhZGVycz4NCiAgICA8L1JlcXVlc3Q+DQogICAgPFJlcXVlc3QgTWV0aG9kPSJQT1NUIiBHdWlkPSIxYWIyODcyOC05NWIyLTQ2YmEtOGNkNS1kMzkwODg1YWJhYzYiIFZlcnNpb249IjEuMSIgVXJsPSJodHRwOi8vbG9jYWxob3N0OjE0NTU4L2VkMDMyYTc5YjQ5ZDRhNTE5OTA5NzQxZmZmYzFlZTU2L2FydGVyeVNpZ25hbFIvbmVnb3RpYXRlIiBUaGlua1RpbWU9IjAiIFRpbWVvdXQ9IjMwMCIgUGFyc2VEZXBlbmRlbnRSZXF1ZXN0cz0iVHJ1ZSIgRm9sbG93UmVkaXJlY3RzPSJUcnVlIiBSZWNvcmRSZXN1bHQ9IlRydWUiIENhY2hlPSJGYWxzZSIgUmVzcG9uc2VUaW1lR29hbD0iMCIgRW5jb2Rpbmc9InV0Zi04IiBFeHBlY3RlZEh0dHBTdGF0dXNDb2RlPSIwIiBFeHBlY3RlZFJlc3BvbnNlVXJsPSIiIFJlcG9ydGluZ05hbWU9IiIgSWdub3JlSHR0cFN0YXR1c0NvZGU9IkZhbHNlIj4NCiAgICAgIDxIZWFkZXJzPg0KICAgICAgICA8SGVhZGVyIE5hbWU9IkNvbnRlbnQtVHlwZSIgVmFsdWU9ImFwcGxpY2F0aW9uL3gtd3d3LWZvcm0tdXJsZW5jb2RlZDsgY2hhcnNldD1VVEYtOCIgLz4NCiAgICAgICAgPEhlYWRlciBOYW1lPSJBY2NlcHQiIFZhbHVlPSJ0ZXh0L3BsYWluLCAqLyo7IHE9MC4wMSIgLz4NCiAgICAgICAgPEhlYWRlciBOYW1lPSJSZWZlcmVyIiBWYWx1ZT0iaHR0cDovL2xvY2FsaG9zdDo1ODU2MS9Vc2VyQWNjb3VudC9Mb2dpbiIgLz4NCiAgICAgIDwvSGVhZGVycz4NCiAgICAgIDxRdWVyeVN0cmluZ1BhcmFtZXRlcnM+DQogICAgICAgIDxRdWVyeVN0cmluZ1BhcmFtZXRlciBOYW1lPSJyZXF1ZXN0VXJsIiBWYWx1ZT0iaHR0cCUzQSUyRiUyRmxvY2FsaG9zdCUzQTU4NTYxJTJGVXNlckFjY291bnQlMkZMb2dpbiIgUmVjb3JkZWRWYWx1ZT0iaHR0cCUzQSUyRiUyRmxvY2FsaG9zdCUzQTU4NTYxJTJGVXNlckFjY291bnQlMkZMb2dpbiIgQ29ycmVsYXRpb25CaW5kaW5nPSIiIFVybEVuY29kZT0iRmFsc2UiIFVzZVRvR3JvdXBSZXN1bHRzPSJGYWxzZSIgLz4NCiAgICAgICAgPFF1ZXJ5U3RyaW5nUGFyYW1ldGVyIE5hbWU9ImJyb3dzZXJOYW1lIiBWYWx1ZT0iSW50ZXJuZXRFeHBsb3JlciIgUmVjb3JkZWRWYWx1ZT0iSW50ZXJuZXRFeHBsb3JlciIgQ29ycmVsYXRpb25CaW5kaW5nPSIiIFVybEVuY29kZT0iRmFsc2UiIFVzZVRvR3JvdXBSZXN1bHRzPSJGYWxzZSIgLz4NCiAgICAgICAgPFF1ZXJ5U3RyaW5nUGFyYW1ldGVyIE5hbWU9ImNsaWVudFByb3RvY29sIiBWYWx1ZT0iMS4zIiBSZWNvcmRlZFZhbHVlPSIxLjMiIENvcnJlbGF0aW9uQmluZGluZz0iIiBVcmxFbmNvZGU9IkZhbHNlIiBVc2VUb0dyb3VwUmVzdWx0cz0iRmFsc2UiIC8+DQogICAgICAgIDxRdWVyeVN0cmluZ1BhcmFtZXRlciBOYW1lPSJfIiBWYWx1ZT0iMTQ4MTkxMDUxNjgyNiIgUmVjb3JkZWRWYWx1ZT0iMTQ4MTkxMDUxNjgyNiIgQ29ycmVsYXRpb25CaW5kaW5nPSIiIFVybEVuY29kZT0iRmFsc2UiIFVzZVRvR3JvdXBSZXN1bHRzPSJGYWxzZSIgLz4NCiAgICAgIDwvUXVlcnlTdHJpbmdQYXJhbWV0ZXJzPg0KICAgICAgPEZvcm1Qb3N0SHR0cEJvZHkgLz4NCiAgICA8L1JlcXVlc3Q+DQogICAgPFJlcXVlc3QgTWV0aG9kPSJHRVQiIEd1aWQ9IjhkZTUyNGM2LWVjZWItNDMzZi04Mjg4LWQ2NmM5YzIxYzg5ZiIgVmVyc2lvbj0iMS4xIiBVcmw9Imh0dHA6Ly9sb2NhbGhvc3Q6NTg1NjEvX19icm93c2VyTGluay9yZXF1ZXN0RGF0YS8xZTZhNGQwOWUwYmI0YTllODcxZmZhMjQ1ZWM5MDI5MiIgVGhpbmtUaW1lPSIwIiBUaW1lb3V0PSIzMDAiIFBhcnNlRGVwZW5kZW50UmVxdWVzdHM9IlRydWUiIEZvbGxvd1JlZGlyZWN0cz0iVHJ1ZSIgUmVjb3JkUmVzdWx0PSJUcnVlIiBDYWNoZT0iRmFsc2UiIFJlc3BvbnNlVGltZUdvYWw9IjAiIEVuY29kaW5nPSJ1dGYtOCIgRXhwZWN0ZWRIdHRwU3RhdHVzQ29kZT0iMCIgRXhwZWN0ZWRSZXNwb25zZVVybD0iIiBSZXBvcnRpbmdOYW1lPSIiIElnbm9yZUh0dHBTdGF0dXNDb2RlPSJGYWxzZSI+DQogICAgICA8SGVhZGVycz4NCiAgICAgICAgPEhlYWRlciBOYW1lPSJBY2NlcHQiIFZhbHVlPSJhcHBsaWNhdGlvbi9qc29uLCB0ZXh0L2phdmFzY3JpcHQsICovKjsgcT0wLjAxIiAvPg0KICAgICAgICA8SGVhZGVyIE5hbWU9IlgtUmVxdWVzdGVkLVdpdGgiIFZhbHVlPSJYTUxIdHRwUmVxdWVzdCIgLz4NCiAgICAgICAgPEhlYWRlciBOYW1lPSJSZWZlcmVyIiBWYWx1ZT0iaHR0cDovL2xvY2FsaG9zdDo1ODU2MS9Vc2VyQWNjb3VudC9Mb2dpbiIgLz4NCiAgICAgIDwvSGVhZGVycz4NCiAgICA8L1JlcXVlc3Q+DQogIDwvSXRlbXM+DQogIDxWYWxpZGF0aW9uUnVsZXM+DQogICAgPFZhbGlkYXRpb25SdWxlIENsYXNzbmFtZT0iTWljcm9zb2Z0LlZpc3VhbFN0dWRpby5UZXN0VG9vbHMuV2ViVGVzdGluZy5SdWxlcy5WYWxpZGF0ZVJlc3BvbnNlVXJsLCBNaWNyb3NvZnQuVmlzdWFsU3R1ZGlvLlF1YWxpdHlUb29scy5XZWJUZXN0RnJhbWV3b3JrLCBWZXJzaW9uPTEwLjAuMC4wLCBDdWx0dXJlPW5ldXRyYWwsIFB1YmxpY0tleVRva2VuPWIwM2Y1ZjdmMTFkNTBhM2EiIERpc3BsYXlOYW1lPSJSZXNwb25zZSBVUkwiIERlc2NyaXB0aW9uPSJWYWxpZGF0ZXMgdGhhdCB0aGUgcmVzcG9uc2UgVVJMIGFmdGVyIHJlZGlyZWN0cyBhcmUgZm9sbG93ZWQgaXMgdGhlIHNhbWUgYXMgdGhlIHJlY29yZGVkIHJlc3BvbnNlIFVSTC4gIFF1ZXJ5U3RyaW5nIHBhcmFtZXRlcnMgYXJlIGlnbm9yZWQuIiBMZXZlbD0iTG93IiBFeGVjdHVpb25PcmRlcj0iQmVmb3JlRGVwZW5kZW50cyIgLz4NCiAgICA8VmFsaWRhdGlvblJ1bGUgQ2xhc3NuYW1lPSJNaWNyb3NvZnQuVmlzdWFsU3R1ZGlvLlRlc3RUb29scy5XZWJUZXN0aW5nLlJ1bGVzLlZhbGlkYXRpb25SdWxlUmVzcG9uc2VUaW1lR29hbCwgTWljcm9zb2Z0LlZpc3VhbFN0dWRpby5RdWFsaXR5VG9vbHMuV2ViVGVzdEZyYW1ld29yaywgVmVyc2lvbj0xMC4wLjAuMCwgQ3VsdHVyZT1uZXV0cmFsLCBQdWJsaWNLZXlUb2tlbj1iMDNmNWY3ZjExZDUwYTNhIiBEaXNwbGF5TmFtZT0iUmVzcG9uc2UgVGltZSBHb2FsIiBEZXNjcmlwdGlvbj0iVmFsaWRhdGVzIHRoYXQgdGhlIHJlc3BvbnNlIHRpbWUgZm9yIHRoZSByZXF1ZXN0IGlzIGxlc3MgdGhhbiBvciBlcXVhbCB0byB0aGUgcmVzcG9uc2UgdGltZSBnb2FsIGFzIHNwZWNpZmllZCBvbiB0aGUgcmVxdWVzdC4gIFJlc3BvbnNlIHRpbWUgZ29hbHMgb2YgemVybyB3aWxsIGJlIGlnbm9yZWQuIiBMZXZlbD0iTG93IiBFeGVjdHVpb25PcmRlcj0iQWZ0ZXJEZXBlbmRlbnRzIj4NCiAgICAgIDxSdWxlUGFyYW1ldGVycz4NCiAgICAgICAgPFJ1bGVQYXJhbWV0ZXIgTmFtZT0iVG9sZXJhbmNlIiBWYWx1ZT0iMCIgLz4NCiAgICAgIDwvUnVsZVBhcmFtZXRlcnM+DQogICAgPC9WYWxpZGF0aW9uUnVsZT4NCiAgPC9WYWxpZGF0aW9uUnVsZXM+DQo8L1dlYlRlc3Q+">
      <Execution id="060476c1-6b2a-48cd-94ad-f26c0b9546e8" />
    </WebTest>
  </TestDefinitions>
  <TestLists>
    <TestList name="Results Not in a List" id="8c84fa94-04c1-424b-9868-57a2d4851a1d" />
    <TestList name="All Loaded Results" id="19431567-8539-422a-85d7-44ee4e166bda" />
  </TestLists>
  <TestEntries>
    <TestEntry isTransparent="false" testId="a56df526-2948-490e-8528-dd1def5a39d4" executionId="060476c1-6b2a-48cd-94ad-f26c0b9546e8" testListId="8c84fa94-04c1-424b-9868-57a2d4851a1d" />
  </TestEntries>
  <Results>
    <WebTestResult executionId="060476c1-6b2a-48cd-94ad-f26c0b9546e8" testId="a56df526-2948-490e-8528-dd1def5a39d4" testName="WebTest1" computerName="HP" duration="00:00:11.7497490" startTime="2016-12-16T23:19:32.2874280+05:30" testType="4e7599fa-5ecb-43e9-a887-cd63cf72d207" testListId="8c84fa94-04c1-424b-9868-57a2d4851a1d" relativeResultsDirectory="060476c1-6b2a-48cd-94ad-f26c0b9546e8">
      <Output>
        <ErrorInfo>
          <Message>The test adapter 'WebTestAdapter' threw an exception while running test 'WebTest1'. Thread was being aborted.</Message>
        </ErrorInfo>
      </Output>
      <ResultFiles>
        <ResultFile path="WebTest1.webtestResult" />
      </ResultFiles>
      <TestSettings name="Default Test Settings" id="7abd39d8-c61c-4b69-b406-63fe09d8d9d0">
        <Execution>
          <TestTypeSpecific>
            <WebTestRunConfiguration testTypeId="4e7599fa-5ecb-43e9-a887-cd63cf72d207">
              <Browser name="Internet Explorer 9.0" MaxConnections="6">
                <Headers>
                  <Header name="User-Agent" value="Mozilla/5.0 (compatible; MSIE 9.0; Windows NT 6.1; Trident/5.0)" />
                  <Header name="Accept" value="*/*" />
                  <Header name="Accept-Language" value="{{$IEAcceptLanguage}}" />
                  <Header name="Accept-Encoding" value="GZIP" />
                </Headers>
              </Browser>
            </WebTestRunConfiguration>
          </TestTypeSpecific>
          <AgentRule name="Execution Agents">
          </AgentRule>
        </Execution>
        <Deployment runDeploymentRoot="Personal_HP 2016-12-16 23_19_30" />
        <Properties />
      </TestSettings>
      <WebTestResultFilePath>Personal_HP 2016-12-16 23_19_30\In\060476c1-6b2a-48cd-94ad-f26c0b9546e8\WebTest1.webtestResult</WebTestResultFilePath>
    </WebTestResult>
  </Results>
</TestRun>