<?xml version="1.0" encoding="UTF-8"?>
<TestRun id="8e800051-2d3b-4458-9a25-772421a984e0" name="Personal@HP 2016-12-16 22:44:27" runUser="HP\Personal" xmlns="http://microsoft.com/schemas/VisualStudio/TeamTest/2010">
  <TestSettings name="Default Test Settings" id="1d4a9465-c4af-4cf5-9337-103f081e51d8">
    <Execution>
      <TestTypeSpecific />
      <AgentRule name="Execution Agents">
      </AgentRule>
    </Execution>
    <Deployment runDeploymentRoot="Personal_HP 2016-12-16 22_44_27" />
    <Properties />
  </TestSettings>
  <Times creation="2016-12-16T22:44:27.2958177+05:30" queuing="2016-12-16T22:44:28.0458233+05:30" start="2016-12-16T22:44:28.2958564+05:30" finish="2016-12-16T22:45:14.4066957+05:30" />
  <ResultSummary outcome="Failed">
    <Counters total="1" executed="1" error="0" failed="1" timeout="0" aborted="0" inconclusive="0" passedButRunAborted="0" notRunnable="0" notExecuted="0" disconnected="0" warning="0" passed="0" completed="0" inProgress="0" pending="0" />
  </ResultSummary>
  <TestDefinitions>
    <WebTest name="WebTest1" storage="f:\study materials\project\oneclick\oneclickloadtest\webtest1.webtest" id="5bb7888e-c214-4a8b-952b-b4403e968387" persistedWebTest="77u/PD94bWwgdmVyc2lvbj0iMS4wIiBlbmNvZGluZz0iVVRGLTgiIHN0YW5kYWxvbmU9InllcyI/Pg0KPFdlYlRlc3QgTmFtZT0iV2ViVGVzdDEiIElkPSI1YmI3ODg4ZS1jMjE0LTRhOGItOTUyYi1iNDQwM2U5NjgzODciIE93bmVyPSIiIFByaW9yaXR5PSIyMTQ3NDgzNjQ3IiBFbmFibGVkPSJUcnVlIiBDc3NQcm9qZWN0U3RydWN0dXJlPSIiIENzc0l0ZXJhdGlvbj0iIiBUaW1lb3V0PSIwIiBXb3JrSXRlbUlkcz0iIiB4bWxucz0iaHR0cDovL21pY3Jvc29mdC5jb20vc2NoZW1hcy9WaXN1YWxTdHVkaW8vVGVhbVRlc3QvMjAxMCIgRGVzY3JpcHRpb249IiIgQ3JlZGVudGlhbFVzZXJOYW1lPSIiIENyZWRlbnRpYWxQYXNzd29yZD0iIiBQcmVBdXRoZW50aWNhdGU9IlRydWUiIFByb3h5PSJkZWZhdWx0IiBTdG9wT25FcnJvcj0iRmFsc2UiIFJlY29yZGVkUmVzdWx0RmlsZT0iV2ViVGVzdDEuMTgzNTYzY2MtODhlNi00MzFkLTkzNTUtZTU0ZDFkMDQ4NDQzLnJlYy53ZWJ0ZXN0cmVzdWx0IiBSZXN1bHRzTG9jYWxlPSIiPg0KICA8SXRlbXM+DQogICAgPFJlcXVlc3QgTWV0aG9kPSJHRVQiIEd1aWQ9IjZjZjkwNmVkLWUxMjUtNDYwNC05MzA0LTkyZDMxZDQwMjg5ZSIgVmVyc2lvbj0iMS4xIiBVcmw9Imh0dHA6Ly9sb2NhbGhvc3Q6NTg1NjEvTm90ZXMvTGlzdCIgVGhpbmtUaW1lPSIwIiBUaW1lb3V0PSIzMDAiIFBhcnNlRGVwZW5kZW50UmVxdWVzdHM9IlRydWUiIEZvbGxvd1JlZGlyZWN0cz0iVHJ1ZSIgUmVjb3JkUmVzdWx0PSJUcnVlIiBDYWNoZT0iRmFsc2UiIFJlc3BvbnNlVGltZUdvYWw9IjAiIEVuY29kaW5nPSJ1dGYtOCIgRXhwZWN0ZWRIdHRwU3RhdHVzQ29kZT0iMCIgRXhwZWN0ZWRSZXNwb25zZVVybD0iaHR0cDovL2xvY2FsaG9zdDo1ODU2MS9Vc2VyQWNjb3VudC9Mb2dpbj9SZXR1cm5Vcmw9JTJmTm90ZXMlMmZMaXN0IiBSZXBvcnRpbmdOYW1lPSIiIElnbm9yZUh0dHBTdGF0dXNDb2RlPSJGYWxzZSI+DQogICAgICA8Q29ycmVsYXRpb25FeHRyYWN0aW9uUnVsZXM+DQogICAgICAgIDxFeHRyYWN0aW9uUnVsZSBDbGFzc25hbWU9Ik1pY3Jvc29mdC5WaXN1YWxTdHVkaW8uVGVzdFRvb2xzLldlYlRlc3RpbmcuUnVsZXMuRXh0cmFjdFRleHQsIE1pY3Jvc29mdC5WaXN1YWxTdHVkaW8uUXVhbGl0eVRvb2xzLldlYlRlc3RGcmFtZXdvcmssIFZlcnNpb249MTAuMC4wLjAsIEN1bHR1cmU9bmV1dHJhbCwgUHVibGljS2V5VG9rZW49YjAzZjVmN2YxMWQ1MGEzYSIgVmFyaWFibGVOYW1lPSJRdWVyeVN0cmluZ1BhcmFtNi5SZXR1cm5VcmwiIERpc3BsYXlOYW1lPSIiIERlc2NyaXB0aW9uPSIiPg0KICAgICAgICAgIDxSdWxlUGFyYW1ldGVycz4NCiAgICAgICAgICAgIDxSdWxlUGFyYW1ldGVyIE5hbWU9IlN0YXJ0c1dpdGgiIFZhbHVlPSI/UmV0dXJuVXJsPSIgLz4NCiAgICAgICAgICAgIDxSdWxlUGFyYW1ldGVyIE5hbWU9IkVuZHNXaXRoIiBWYWx1ZT0iJnF1b3Q7IiAvPg0KICAgICAgICAgICAgPFJ1bGVQYXJhbWV0ZXIgTmFtZT0iSW5kZXgiIFZhbHVlPSIwIiAvPg0KICAgICAgICAgICAgPFJ1bGVQYXJhbWV0ZXIgTmFtZT0iSWdub3JlQ2FzZSIgVmFsdWU9IkZhbHNlIiAvPg0KICAgICAgICAgICAgPFJ1bGVQYXJhbWV0ZXIgTmFtZT0iVXNlUmVndWxhckV4cHJlc3Npb24iIFZhbHVlPSJGYWxzZSIgLz4NCiAgICAgICAgICAgIDxSdWxlUGFyYW1ldGVyIE5hbWU9Ikh0bWxEZWNvZGUiIFZhbHVlPSJUcnVlIiAvPg0KICAgICAgICAgICAgPFJ1bGVQYXJhbWV0ZXIgTmFtZT0iUmVxdWlyZWQiIFZhbHVlPSJGYWxzZSIgLz4NCiAgICAgICAgICA8L1J1bGVQYXJhbWV0ZXJzPg0KICAgICAgICA8L0V4dHJhY3Rpb25SdWxlPg0KICAgICAgPC9Db3JyZWxhdGlvbkV4dHJhY3Rpb25SdWxlcz4NCiAgICA8L1JlcXVlc3Q+DQogICAgPFJlcXVlc3QgTWV0aG9kPSJHRVQiIEd1aWQ9IjJhZjdjMDAwLWRmZmEtNDZhYi1hYWYzLWE1NGUzOTA0MjUxMiIgVmVyc2lvbj0iMS4xIiBVcmw9Imh0dHA6Ly9sb2NhbGhvc3Q6MTQ1NTgvZWQwMzJhNzliNDlkNGE1MTk5MDk3NDFmZmZjMWVlNTYvYXJ0ZXJ5U2lnbmFsUi9jb25uZWN0IiBUaGlua1RpbWU9IjAiIFRpbWVvdXQ9IjMwMCIgUGFyc2VEZXBlbmRlbnRSZXF1ZXN0cz0iVHJ1ZSIgRm9sbG93UmVkaXJlY3RzPSJUcnVlIiBSZWNvcmRSZXN1bHQ9IlRydWUiIENhY2hlPSJGYWxzZSIgUmVzcG9uc2VUaW1lR29hbD0iMCIgRW5jb2Rpbmc9InV0Zi04IiBFeHBlY3RlZEh0dHBTdGF0dXNDb2RlPSIwIiBFeHBlY3RlZFJlc3BvbnNlVXJsPSIiIFJlcG9ydGluZ05hbWU9IiIgSWdub3JlSHR0cFN0YXR1c0NvZGU9IkZhbHNlIj4NCiAgICAgIDxRdWVyeVN0cmluZ1BhcmFtZXRlcnM+DQogICAgICAgIDxRdWVyeVN0cmluZ1BhcmFtZXRlciBOYW1lPSJ0cmFuc3BvcnQiIFZhbHVlPSJ3ZWJTb2NrZXRzIiBSZWNvcmRlZFZhbHVlPSJ3ZWJTb2NrZXRzIiBDb3JyZWxhdGlvbkJpbmRpbmc9IiIgVXJsRW5jb2RlPSJGYWxzZSIgVXNlVG9Hcm91cFJlc3VsdHM9IkZhbHNlIiAvPg0KICAgICAgICA8UXVlcnlTdHJpbmdQYXJhbWV0ZXIgTmFtZT0iY29ubmVjdGlvblRva2VuIiBWYWx1ZT0iQVFBQUFOQ01uZDhCRmRFUmpIb0F3RSUyRkNsJTJCc0JBQUFBUGdJS2cxQ3Rha3lxR2xoYzljNnBoUUFBQUFBQ0FBQUFBQUFRWmdBQUFBRUFBQ0FBQUFEV1JLS29CSFFobjBWTmpMNG1VY0dMVVFIazZ3NnB5Q0hZWHJBRUdDYWlHQUFBQUFBT2dBQUFBQUlBQUNBQUFBQlo2d2ExU0tQdUZ5SlhMVFZjc2MlMkZCbFQwWkp4SlhCJTJGSDVwWktadzdsOUFEQUFBQURjR1RveHhNdmJSSE5aRyUyQk5DQkV0NnJTeXBmalg4NGx1NUdVSHFsZlFydVZyWWRmbUQxNlJaZ0NrcmF4M3V0dGxBQUFBQTBndnhhbVlzeHhZZlppSGhkM0ZVQ2I3UVRDNElpZXRiQ3ZCVVA2N3Jvbjh5JTJGNmNralF2TWxNZTU4UlM1ZzBjWFBzQUQxJTJCenpuVFpBVExHWVNUVjV2ZyUzRCUzRCIgUmVjb3JkZWRWYWx1ZT0iQVFBQUFOQ01uZDhCRmRFUmpIb0F3RSUyRkNsJTJCc0JBQUFBUGdJS2cxQ3Rha3lxR2xoYzljNnBoUUFBQUFBQ0FBQUFBQUFRWmdBQUFBRUFBQ0FBQUFEV1JLS29CSFFobjBWTmpMNG1VY0dMVVFIazZ3NnB5Q0hZWHJBRUdDYWlHQUFBQUFBT2dBQUFBQUlBQUNBQUFBQlo2d2ExU0tQdUZ5SlhMVFZjc2MlMkZCbFQwWkp4SlhCJTJGSDVwWktadzdsOUFEQUFBQURjR1RveHhNdmJSSE5aRyUyQk5DQkV0NnJTeXBmalg4NGx1NUdVSHFsZlFydVZyWWRmbUQxNlJaZ0NrcmF4M3V0dGxBQUFBQTBndnhhbVlzeHhZZlppSGhkM0ZVQ2I3UVRDNElpZXRiQ3ZCVVA2N3Jvbjh5JTJGNmNralF2TWxNZTU4UlM1ZzBjWFBzQUQxJTJCenpuVFpBVExHWVNUVjV2ZyUzRCUzRCIgQ29ycmVsYXRpb25CaW5kaW5nPSIiIFVybEVuY29kZT0iRmFsc2UiIFVzZVRvR3JvdXBSZXN1bHRzPSJGYWxzZSIgLz4NCiAgICAgICAgPFF1ZXJ5U3RyaW5nUGFyYW1ldGVyIE5hbWU9InJlcXVlc3RVcmwiIFZhbHVlPSJodHRwJTNBJTJGJTJGbG9jYWxob3N0JTNBNTg1NjElMkYiIFJlY29yZGVkVmFsdWU9Imh0dHAlM0ElMkYlMkZsb2NhbGhvc3QlM0E1ODU2MSUyRiIgQ29ycmVsYXRpb25CaW5kaW5nPSIiIFVybEVuY29kZT0iRmFsc2UiIFVzZVRvR3JvdXBSZXN1bHRzPSJGYWxzZSIgLz4NCiAgICAgICAgPFF1ZXJ5U3RyaW5nUGFyYW1ldGVyIE5hbWU9ImJyb3dzZXJOYW1lIiBWYWx1ZT0iSW50ZXJuZXRFeHBsb3JlciIgUmVjb3JkZWRWYWx1ZT0iSW50ZXJuZXRFeHBsb3JlciIgQ29ycmVsYXRpb25CaW5kaW5nPSIiIFVybEVuY29kZT0iRmFsc2UiIFVzZVRvR3JvdXBSZXN1bHRzPSJGYWxzZSIgLz4NCiAgICAgICAgPFF1ZXJ5U3RyaW5nUGFyYW1ldGVyIE5hbWU9InRpZCIgVmFsdWU9IjAiIFJlY29yZGVkVmFsdWU9IjAiIENvcnJlbGF0aW9uQmluZGluZz0iIiBVcmxFbmNvZGU9IkZhbHNlIiBVc2VUb0dyb3VwUmVzdWx0cz0iRmFsc2UiIC8+DQogICAgICA8L1F1ZXJ5U3RyaW5nUGFyYW1ldGVycz4NCiAgICA8L1JlcXVlc3Q+DQogICAgPFJlcXVlc3QgTWV0aG9kPSJHRVQiIEd1aWQ9Ijk2NDg5ZTc5LWI0NjUtNDllMC05M2EyLTQxYzUzOTRjZGVkNyIgVmVyc2lvbj0iMS4xIiBVcmw9Imh0dHA6Ly9sb2NhbGhvc3Q6NTg1NjEvX19icm93c2VyTGluay9yZXF1ZXN0RGF0YS82YWIyMzhiYzg1Njk0ZTBmYmVlNmEyZThkZWE5YjJmYSIgVGhpbmtUaW1lPSIwIiBUaW1lb3V0PSIzMDAiIFBhcnNlRGVwZW5kZW50UmVxdWVzdHM9IlRydWUiIEZvbGxvd1JlZGlyZWN0cz0iVHJ1ZSIgUmVjb3JkUmVzdWx0PSJUcnVlIiBDYWNoZT0iRmFsc2UiIFJlc3BvbnNlVGltZUdvYWw9IjAiIEVuY29kaW5nPSJ1dGYtOCIgRXhwZWN0ZWRIdHRwU3RhdHVzQ29kZT0iMCIgRXhwZWN0ZWRSZXNwb25zZVVybD0iIiBSZXBvcnRpbmdOYW1lPSIiIElnbm9yZUh0dHBTdGF0dXNDb2RlPSJGYWxzZSI+DQogICAgICA8SGVhZGVycz4NCiAgICAgICAgPEhlYWRlciBOYW1lPSJBY2NlcHQiIFZhbHVlPSJhcHBsaWNhdGlvbi9qc29uLCB0ZXh0L2phdmFzY3JpcHQsICovKjsgcT0wLjAxIiAvPg0KICAgICAgICA8SGVhZGVyIE5hbWU9IlgtUmVxdWVzdGVkLVdpdGgiIFZhbHVlPSJYTUxIdHRwUmVxdWVzdCIgLz4NCiAgICAgICAgPEhlYWRlciBOYW1lPSJSZWZlcmVyIiBWYWx1ZT0iaHR0cDovL2xvY2FsaG9zdDo1ODU2MS8iIC8+DQogICAgICA8L0hlYWRlcnM+DQogICAgPC9SZXF1ZXN0Pg0KICAgIDxSZXF1ZXN0IE1ldGhvZD0iUE9TVCIgR3VpZD0iZGNjZjNkZGYtMTU5MC00OGFlLTgyYzgtY2RhMDc2MTUyOTM2IiBWZXJzaW9uPSIxLjEiIFVybD0iaHR0cDovL2xvY2FsaG9zdDoxNDU1OC9lZDAzMmE3OWI0OWQ0YTUxOTkwOTc0MWZmZmMxZWU1Ni9hcnRlcnlTaWduYWxSL2Fib3J0IiBUaGlua1RpbWU9IjAiIFRpbWVvdXQ9IjMwMCIgUGFyc2VEZXBlbmRlbnRSZXF1ZXN0cz0iVHJ1ZSIgRm9sbG93UmVkaXJlY3RzPSJUcnVlIiBSZWNvcmRSZXN1bHQ9IlRydWUiIENhY2hlPSJGYWxzZSIgUmVzcG9uc2VUaW1lR29hbD0iMCIgRW5jb2Rpbmc9InV0Zi04IiBFeHBlY3RlZEh0dHBTdGF0dXNDb2RlPSIwIiBFeHBlY3RlZFJlc3BvbnNlVXJsPSIiIFJlcG9ydGluZ05hbWU9IiIgSWdub3JlSHR0cFN0YXR1c0NvZGU9IkZhbHNlIj4NCiAgICAgIDxIZWFkZXJzPg0KICAgICAgICA8SGVhZGVyIE5hbWU9IkFjY2VwdCIgVmFsdWU9InRleHQvcGxhaW4sICovKjsgcT0wLjAxIiAvPg0KICAgICAgICA8SGVhZGVyIE5hbWU9IlJlZmVyZXIiIFZhbHVlPSJodHRwOi8vbG9jYWxob3N0OjU4NTYxLyIgLz4NCiAgICAgIDwvSGVhZGVycz4NCiAgICAgIDxRdWVyeVN0cmluZ1BhcmFtZXRlcnM+DQogICAgICAgIDxRdWVyeVN0cmluZ1BhcmFtZXRlciBOYW1lPSJ0cmFuc3BvcnQiIFZhbHVlPSJ3ZWJTb2NrZXRzIiBSZWNvcmRlZFZhbHVlPSJ3ZWJTb2NrZXRzIiBDb3JyZWxhdGlvbkJpbmRpbmc9IiIgVXJsRW5jb2RlPSJGYWxzZSIgVXNlVG9Hcm91cFJlc3VsdHM9IkZhbHNlIiAvPg0KICAgICAgICA8UXVlcnlTdHJpbmdQYXJhbWV0ZXIgTmFtZT0iY29ubmVjdGlvblRva2VuIiBWYWx1ZT0iQVFBQUFOQ01uZDhCRmRFUmpIb0F3RSUyRkNsJTJCc0JBQUFBUGdJS2cxQ3Rha3lxR2xoYzljNnBoUUFBQUFBQ0FBQUFBQUFRWmdBQUFBRUFBQ0FBQUFEV1JLS29CSFFobjBWTmpMNG1VY0dMVVFIazZ3NnB5Q0hZWHJBRUdDYWlHQUFBQUFBT2dBQUFBQUlBQUNBQUFBQlo2d2ExU0tQdUZ5SlhMVFZjc2MlMkZCbFQwWkp4SlhCJTJGSDVwWktadzdsOUFEQUFBQURjR1RveHhNdmJSSE5aRyUyQk5DQkV0NnJTeXBmalg4NGx1NUdVSHFsZlFydVZyWWRmbUQxNlJaZ0NrcmF4M3V0dGxBQUFBQTBndnhhbVlzeHhZZlppSGhkM0ZVQ2I3UVRDNElpZXRiQ3ZCVVA2N3Jvbjh5JTJGNmNralF2TWxNZTU4UlM1ZzBjWFBzQUQxJTJCenpuVFpBVExHWVNUVjV2ZyUzRCUzRCIgUmVjb3JkZWRWYWx1ZT0iQVFBQUFOQ01uZDhCRmRFUmpIb0F3RSUyRkNsJTJCc0JBQUFBUGdJS2cxQ3Rha3lxR2xoYzljNnBoUUFBQUFBQ0FBQUFBQUFRWmdBQUFBRUFBQ0FBQUFEV1JLS29CSFFobjBWTmpMNG1VY0dMVVFIazZ3NnB5Q0hZWHJBRUdDYWlHQUFBQUFBT2dBQUFBQUlBQUNBQUFBQlo2d2ExU0tQdUZ5SlhMVFZjc2MlMkZCbFQwWkp4SlhCJTJGSDVwWktadzdsOUFEQUFBQURjR1RveHhNdmJSSE5aRyUyQk5DQkV0NnJTeXBmalg4NGx1NUdVSHFsZlFydVZyWWRmbUQxNlJaZ0NrcmF4M3V0dGxBQUFBQTBndnhhbVlzeHhZZlppSGhkM0ZVQ2I3UVRDNElpZXRiQ3ZCVVA2N3Jvbjh5JTJGNmNralF2TWxNZTU4UlM1ZzBjWFBzQUQxJTJCenpuVFpBVExHWVNUVjV2ZyUzRCUzRCIgQ29ycmVsYXRpb25CaW5kaW5nPSIiIFVybEVuY29kZT0iRmFsc2UiIFVzZVRvR3JvdXBSZXN1bHRzPSJGYWxzZSIgLz4NCiAgICAgICAgPFF1ZXJ5U3RyaW5nUGFyYW1ldGVyIE5hbWU9InJlcXVlc3RVcmwiIFZhbHVlPSJodHRwJTNBJTJGJTJGbG9jYWxob3N0JTNBNTg1NjElMkYiIFJlY29yZGVkVmFsdWU9Imh0dHAlM0ElMkYlMkZsb2NhbGhvc3QlM0E1ODU2MSUyRiIgQ29ycmVsYXRpb25CaW5kaW5nPSIiIFVybEVuY29kZT0iRmFsc2UiIFVzZVRvR3JvdXBSZXN1bHRzPSJGYWxzZSIgLz4NCiAgICAgICAgPFF1ZXJ5U3RyaW5nUGFyYW1ldGVyIE5hbWU9ImJyb3dzZXJOYW1lIiBWYWx1ZT0iSW50ZXJuZXRFeHBsb3JlciIgUmVjb3JkZWRWYWx1ZT0iSW50ZXJuZXRFeHBsb3JlciIgQ29ycmVsYXRpb25CaW5kaW5nPSIiIFVybEVuY29kZT0iRmFsc2UiIFVzZVRvR3JvdXBSZXN1bHRzPSJGYWxzZSIgLz4NCiAgICAgIDwvUXVlcnlTdHJpbmdQYXJhbWV0ZXJzPg0KICAgICAgPEZvcm1Qb3N0SHR0cEJvZHkgLz4NCiAgICA8L1JlcXVlc3Q+DQogICAgPFJlcXVlc3QgTWV0aG9kPSJQT1NUIiBHdWlkPSIyOWRiODdhZi01YTBjLTQyMjktOTdiNS1kMTUzNDJiNjc1OTciIFZlcnNpb249IjEuMSIgVXJsPSJodHRwOi8vbG9jYWxob3N0OjE0NTU4L2VkMDMyYTc5YjQ5ZDRhNTE5OTA5NzQxZmZmYzFlZTU2L2FydGVyeVNpZ25hbFIvbmVnb3RpYXRlIiBUaGlua1RpbWU9IjYiIFRpbWVvdXQ9IjMwMCIgUGFyc2VEZXBlbmRlbnRSZXF1ZXN0cz0iVHJ1ZSIgRm9sbG93UmVkaXJlY3RzPSJUcnVlIiBSZWNvcmRSZXN1bHQ9IlRydWUiIENhY2hlPSJGYWxzZSIgUmVzcG9uc2VUaW1lR29hbD0iMCIgRW5jb2Rpbmc9InV0Zi04IiBFeHBlY3RlZEh0dHBTdGF0dXNDb2RlPSIwIiBFeHBlY3RlZFJlc3BvbnNlVXJsPSIiIFJlcG9ydGluZ05hbWU9IiIgSWdub3JlSHR0cFN0YXR1c0NvZGU9IkZhbHNlIj4NCiAgICAgIDxIZWFkZXJzPg0KICAgICAgICA8SGVhZGVyIE5hbWU9IkNvbnRlbnQtVHlwZSIgVmFsdWU9ImFwcGxpY2F0aW9uL3gtd3d3LWZvcm0tdXJsZW5jb2RlZDsgY2hhcnNldD1VVEYtOCIgLz4NCiAgICAgICAgPEhlYWRlciBOYW1lPSJBY2NlcHQiIFZhbHVlPSJ0ZXh0L3BsYWluLCAqLyo7IHE9MC4wMSIgLz4NCiAgICAgICAgPEhlYWRlciBOYW1lPSJSZWZlcmVyIiBWYWx1ZT0iaHR0cDovL2xvY2FsaG9zdDo1ODU2MS9Vc2VyQWNjb3VudC9Mb2dpbj9SZXR1cm5Vcmw9JTJmTm90ZXMlMmZMaXN0IiAvPg0KICAgICAgPC9IZWFkZXJzPg0KICAgICAgPFF1ZXJ5U3RyaW5nUGFyYW1ldGVycz4NCiAgICAgICAgPFF1ZXJ5U3RyaW5nUGFyYW1ldGVyIE5hbWU9InJlcXVlc3RVcmwiIFZhbHVlPSJodHRwJTNBJTJGJTJGbG9jYWxob3N0JTNBNTg1NjElMkZVc2VyQWNjb3VudCUyRkxvZ2luJTNGUmV0dXJuVXJsJTNEJTI1MmZOb3RlcyUyNTJmTGlzdCIgUmVjb3JkZWRWYWx1ZT0iaHR0cCUzQSUyRiUyRmxvY2FsaG9zdCUzQTU4NTYxJTJGVXNlckFjY291bnQlMkZMb2dpbiUzRlJldHVyblVybCUzRCUyNTJmTm90ZXMlMjUyZkxpc3QiIENvcnJlbGF0aW9uQmluZGluZz0iIiBVcmxFbmNvZGU9IkZhbHNlIiBVc2VUb0dyb3VwUmVzdWx0cz0iRmFsc2UiIC8+DQogICAgICAgIDxRdWVyeVN0cmluZ1BhcmFtZXRlciBOYW1lPSJicm93c2VyTmFtZSIgVmFsdWU9IkludGVybmV0RXhwbG9yZXIiIFJlY29yZGVkVmFsdWU9IkludGVybmV0RXhwbG9yZXIiIENvcnJlbGF0aW9uQmluZGluZz0iIiBVcmxFbmNvZGU9IkZhbHNlIiBVc2VUb0dyb3VwUmVzdWx0cz0iRmFsc2UiIC8+DQogICAgICAgIDxRdWVyeVN0cmluZ1BhcmFtZXRlciBOYW1lPSJjbGllbnRQcm90b2NvbCIgVmFsdWU9IjEuMyIgUmVjb3JkZWRWYWx1ZT0iMS4zIiBDb3JyZWxhdGlvbkJpbmRpbmc9IiIgVXJsRW5jb2RlPSJGYWxzZSIgVXNlVG9Hcm91cFJlc3VsdHM9IkZhbHNlIiAvPg0KICAgICAgICA8UXVlcnlTdHJpbmdQYXJhbWV0ZXIgTmFtZT0iXyIgVmFsdWU9IjE0ODE5MDgzODI5NzIiIFJlY29yZGVkVmFsdWU9IjE0ODE5MDgzODI5NzIiIENvcnJlbGF0aW9uQmluZGluZz0iIiBVcmxFbmNvZGU9IkZhbHNlIiBVc2VUb0dyb3VwUmVzdWx0cz0iRmFsc2UiIC8+DQogICAgICA8L1F1ZXJ5U3RyaW5nUGFyYW1ldGVycz4NCiAgICAgIDxGb3JtUG9zdEh0dHBCb2R5IC8+DQogICAgPC9SZXF1ZXN0Pg0KICAgIDxSZXF1ZXN0IE1ldGhvZD0iUE9TVCIgR3VpZD0iZTAyYmViY2YtNGFiMi00NTM4LTkxOTItODE5NTMxNjZhNWQwIiBWZXJzaW9uPSIxLjEiIFVybD0iaHR0cDovL2xvY2FsaG9zdDo1ODU2MS9Vc2VyQWNjb3VudC9Mb2dpbiIgVGhpbmtUaW1lPSIwIiBUaW1lb3V0PSIzMDAiIFBhcnNlRGVwZW5kZW50UmVxdWVzdHM9IlRydWUiIEZvbGxvd1JlZGlyZWN0cz0iVHJ1ZSIgUmVjb3JkUmVzdWx0PSJUcnVlIiBDYWNoZT0iRmFsc2UiIFJlc3BvbnNlVGltZUdvYWw9IjAiIEVuY29kaW5nPSJ1dGYtOCIgRXhwZWN0ZWRIdHRwU3RhdHVzQ29kZT0iMCIgRXhwZWN0ZWRSZXNwb25zZVVybD0iaHR0cDovL2xvY2FsaG9zdDo1ODU2MS9Ob3Rlcy9MaXN0IiBSZXBvcnRpbmdOYW1lPSIiIElnbm9yZUh0dHBTdGF0dXNDb2RlPSJGYWxzZSI+DQogICAgICA8SGVhZGVycz4NCiAgICAgICAgPEhlYWRlciBOYW1lPSJSZWZlcmVyIiBWYWx1ZT0iaHR0cDovL2xvY2FsaG9zdDo1ODU2MS9Vc2VyQWNjb3VudC9Mb2dpbj9SZXR1cm5Vcmw9JTJmTm90ZXMlMmZMaXN0IiAvPg0KICAgICAgPC9IZWFkZXJzPg0KICAgICAgPENvcnJlbGF0aW9uRXh0cmFjdGlvblJ1bGVzPg0KICAgICAgICA8RXh0cmFjdGlvblJ1bGUgQ2xhc3NuYW1lPSJNaWNyb3NvZnQuVmlzdWFsU3R1ZGlvLlRlc3RUb29scy5XZWJUZXN0aW5nLlJ1bGVzLkV4dHJhY3RUZXh0LCBNaWNyb3NvZnQuVmlzdWFsU3R1ZGlvLlF1YWxpdHlUb29scy5XZWJUZXN0RnJhbWV3b3JrLCBWZXJzaW9uPTEwLjAuMC4wLCBDdWx0dXJlPW5ldXRyYWwsIFB1YmxpY0tleVRva2VuPWIwM2Y1ZjdmMTFkNTBhM2EiIFZhcmlhYmxlTmFtZT0iUXVlcnlTdHJpbmdQYXJhbTQuY2F0ZWdvcnkiIERpc3BsYXlOYW1lPSIiIERlc2NyaXB0aW9uPSIiPg0KICAgICAgICAgIDxSdWxlUGFyYW1ldGVycz4NCiAgICAgICAgICAgIDxSdWxlUGFyYW1ldGVyIE5hbWU9IlN0YXJ0c1dpdGgiIFZhbHVlPSI/Y2F0ZWdvcnk9IiAvPg0KICAgICAgICAgICAgPFJ1bGVQYXJhbWV0ZXIgTmFtZT0iRW5kc1dpdGgiIFZhbHVlPSImYW1wOyIgLz4NCiAgICAgICAgICAgIDxSdWxlUGFyYW1ldGVyIE5hbWU9IkluZGV4IiBWYWx1ZT0iMCIgLz4NCiAgICAgICAgICAgIDxSdWxlUGFyYW1ldGVyIE5hbWU9Iklnbm9yZUNhc2UiIFZhbHVlPSJGYWxzZSIgLz4NCiAgICAgICAgICAgIDxSdWxlUGFyYW1ldGVyIE5hbWU9IlVzZVJlZ3VsYXJFeHByZXNzaW9uIiBWYWx1ZT0iRmFsc2UiIC8+DQogICAgICAgICAgICA8UnVsZVBhcmFtZXRlciBOYW1lPSJIdG1sRGVjb2RlIiBWYWx1ZT0iVHJ1ZSIgLz4NCiAgICAgICAgICAgIDxSdWxlUGFyYW1ldGVyIE5hbWU9IlJlcXVpcmVkIiBWYWx1ZT0iRmFsc2UiIC8+DQogICAgICAgICAgPC9SdWxlUGFyYW1ldGVycz4NCiAgICAgICAgPC9FeHRyYWN0aW9uUnVsZT4NCiAgICAgICAgPEV4dHJhY3Rpb25SdWxlIENsYXNzbmFtZT0iTWljcm9zb2Z0LlZpc3VhbFN0dWRpby5UZXN0VG9vbHMuV2ViVGVzdGluZy5SdWxlcy5FeHRyYWN0VGV4dCwgTWljcm9zb2Z0LlZpc3VhbFN0dWRpby5RdWFsaXR5VG9vbHMuV2ViVGVzdEZyYW1ld29yaywgVmVyc2lvbj0xMC4wLjAuMCwgQ3VsdHVyZT1uZXV0cmFsLCBQdWJsaWNLZXlUb2tlbj1iMDNmNWY3ZjExZDUwYTNhIiBWYXJpYWJsZU5hbWU9IlF1ZXJ5U3RyaW5nUGFyYW01LnBhZ2UiIERpc3BsYXlOYW1lPSIiIERlc2NyaXB0aW9uPSIiPg0KICAgICAgICAgIDxSdWxlUGFyYW1ldGVycz4NCiAgICAgICAgICAgIDxSdWxlUGFyYW1ldGVyIE5hbWU9IlN0YXJ0c1dpdGgiIFZhbHVlPSImYW1wO2FtcDtwYWdlPSIgLz4NCiAgICAgICAgICAgIDxSdWxlUGFyYW1ldGVyIE5hbWU9IkVuZHNXaXRoIiBWYWx1ZT0iJnF1b3Q7IiAvPg0KICAgICAgICAgICAgPFJ1bGVQYXJhbWV0ZXIgTmFtZT0iSW5kZXgiIFZhbHVlPSIwIiAvPg0KICAgICAgICAgICAgPFJ1bGVQYXJhbWV0ZXIgTmFtZT0iSWdub3JlQ2FzZSIgVmFsdWU9IkZhbHNlIiAvPg0KICAgICAgICAgICAgPFJ1bGVQYXJhbWV0ZXIgTmFtZT0iVXNlUmVndWxhckV4cHJlc3Npb24iIFZhbHVlPSJGYWxzZSIgLz4NCiAgICAgICAgICAgIDxSdWxlUGFyYW1ldGVyIE5hbWU9Ikh0bWxEZWNvZGUiIFZhbHVlPSJUcnVlIiAvPg0KICAgICAgICAgICAgPFJ1bGVQYXJhbWV0ZXIgTmFtZT0iUmVxdWlyZWQiIFZhbHVlPSJGYWxzZSIgLz4NCiAgICAgICAgICA8L1J1bGVQYXJhbWV0ZXJzPg0KICAgICAgICA8L0V4dHJhY3Rpb25SdWxlPg0KICAgICAgICA8RXh0cmFjdGlvblJ1bGUgQ2xhc3NuYW1lPSJNaWNyb3NvZnQuVmlzdWFsU3R1ZGlvLlRlc3RUb29scy5XZWJUZXN0aW5nLlJ1bGVzLkV4dHJhY3RUZXh0LCBNaWNyb3NvZnQuVmlzdWFsU3R1ZGlvLlF1YWxpdHlUb29scy5XZWJUZXN0RnJhbWV3b3JrLCBWZXJzaW9uPTEwLjAuMC4wLCBDdWx0dXJlPW5ldXRyYWwsIFB1YmxpY0tleVRva2VuPWIwM2Y1ZjdmMTFkNTBhM2EiIFZhcmlhYmxlTmFtZT0iUXVlcnlTdHJpbmdQYXJhbTg1LmlkMiIgRGlzcGxheU5hbWU9IiIgRGVzY3JpcHRpb249IiI+DQogICAgICAgICAgPFJ1bGVQYXJhbWV0ZXJzPg0KICAgICAgICAgICAgPFJ1bGVQYXJhbWV0ZXIgTmFtZT0iU3RhcnRzV2l0aCIgVmFsdWU9Ij9pZDI9IiAvPg0KICAgICAgICAgICAgPFJ1bGVQYXJhbWV0ZXIgTmFtZT0iRW5kc1dpdGgiIFZhbHVlPSImcXVvdDsiIC8+DQogICAgICAgICAgICA8UnVsZVBhcmFtZXRlciBOYW1lPSJJbmRleCIgVmFsdWU9IjAiIC8+DQogICAgICAgICAgICA8UnVsZVBhcmFtZXRlciBOYW1lPSJJZ25vcmVDYXNlIiBWYWx1ZT0iRmFsc2UiIC8+DQogICAgICAgICAgICA8UnVsZVBhcmFtZXRlciBOYW1lPSJVc2VSZWd1bGFyRXhwcmVzc2lvbiIgVmFsdWU9IkZhbHNlIiAvPg0KICAgICAgICAgICAgPFJ1bGVQYXJhbWV0ZXIgTmFtZT0iSHRtbERlY29kZSIgVmFsdWU9IlRydWUiIC8+DQogICAgICAgICAgICA8UnVsZVBhcmFtZXRlciBOYW1lPSJSZXF1aXJlZCIgVmFsdWU9IkZhbHNlIiAvPg0KICAgICAgICAgIDwvUnVsZVBhcmFtZXRlcnM+DQogICAgICAgIDwvRXh0cmFjdGlvblJ1bGU+DQogICAgICAgIDxFeHRyYWN0aW9uUnVsZSBDbGFzc25hbWU9Ik1pY3Jvc29mdC5WaXN1YWxTdHVkaW8uVGVzdFRvb2xzLldlYlRlc3RpbmcuUnVsZXMuRXh0cmFjdFRleHQsIE1pY3Jvc29mdC5WaXN1YWxTdHVkaW8uUXVhbGl0eVRvb2xzLldlYlRlc3RGcmFtZXdvcmssIFZlcnNpb249MTAuMC4wLjAsIEN1bHR1cmU9bmV1dHJhbCwgUHVibGljS2V5VG9rZW49YjAzZjVmN2YxMWQ1MGEzYSIgVmFyaWFibGVOYW1lPSJRdWVyeVN0cmluZ1BhcmFtODYuaWQyIiBEaXNwbGF5TmFtZT0iIiBEZXNjcmlwdGlvbj0iIj4NCiAgICAgICAgICA8UnVsZVBhcmFtZXRlcnM+DQogICAgICAgICAgICA8UnVsZVBhcmFtZXRlciBOYW1lPSJTdGFydHNXaXRoIiBWYWx1ZT0iP2lkMj0iIC8+DQogICAgICAgICAgICA8UnVsZVBhcmFtZXRlciBOYW1lPSJFbmRzV2l0aCIgVmFsdWU9IiZxdW90OyIgLz4NCiAgICAgICAgICAgIDxSdWxlUGFyYW1ldGVyIE5hbWU9IkluZGV4IiBWYWx1ZT0iMiIgLz4NCiAgICAgICAgICAgIDxSdWxlUGFyYW1ldGVyIE5hbWU9Iklnbm9yZUNhc2UiIFZhbHVlPSJGYWxzZSIgLz4NCiAgICAgICAgICAgIDxSdWxlUGFyYW1ldGVyIE5hbWU9IlVzZVJlZ3VsYXJFeHByZXNzaW9uIiBWYWx1ZT0iRmFsc2UiIC8+DQogICAgICAgICAgICA8UnVsZVBhcmFtZXRlciBOYW1lPSJIdG1sRGVjb2RlIiBWYWx1ZT0iVHJ1ZSIgLz4NCiAgICAgICAgICAgIDxSdWxlUGFyYW1ldGVyIE5hbWU9IlJlcXVpcmVkIiBWYWx1ZT0iRmFsc2UiIC8+DQogICAgICAgICAgPC9SdWxlUGFyYW1ldGVycz4NCiAgICAgICAgPC9FeHRyYWN0aW9uUnVsZT4NCiAgICAgICAgPEV4dHJhY3Rpb25SdWxlIENsYXNzbmFtZT0iTWljcm9zb2Z0LlZpc3VhbFN0dWRpby5UZXN0VG9vbHMuV2ViVGVzdGluZy5SdWxlcy5FeHRyYWN0VGV4dCwgTWljcm9zb2Z0LlZpc3VhbFN0dWRpby5RdWFsaXR5VG9vbHMuV2ViVGVzdEZyYW1ld29yaywgVmVyc2lvbj0xMC4wLjAuMCwgQ3VsdHVyZT1uZXV0cmFsLCBQdWJsaWNLZXlUb2tlbj1iMDNmNWY3ZjExZDUwYTNhIiBWYXJpYWJsZU5hbWU9IlF1ZXJ5U3RyaW5nUGFyYW0xNjIuY2F0ZWdvcnkiIERpc3BsYXlOYW1lPSIiIERlc2NyaXB0aW9uPSIiPg0KICAgICAgICAgIDxSdWxlUGFyYW1ldGVycz4NCiAgICAgICAgICAgIDxSdWxlUGFyYW1ldGVyIE5hbWU9IlN0YXJ0c1dpdGgiIFZhbHVlPSI/Y2F0ZWdvcnk9IiAvPg0KICAgICAgICAgICAgPFJ1bGVQYXJhbWV0ZXIgTmFtZT0iRW5kc1dpdGgiIFZhbHVlPSImYW1wOyIgLz4NCiAgICAgICAgICAgIDxSdWxlUGFyYW1ldGVyIE5hbWU9IkluZGV4IiBWYWx1ZT0iMCIgLz4NCiAgICAgICAgICAgIDxSdWxlUGFyYW1ldGVyIE5hbWU9Iklnbm9yZUNhc2UiIFZhbHVlPSJGYWxzZSIgLz4NCiAgICAgICAgICAgIDxSdWxlUGFyYW1ldGVyIE5hbWU9IlVzZVJlZ3VsYXJFeHByZXNzaW9uIiBWYWx1ZT0iRmFsc2UiIC8+DQogICAgICAgICAgICA8UnVsZVBhcmFtZXRlciBOYW1lPSJIdG1sRGVjb2RlIiBWYWx1ZT0iVHJ1ZSIgLz4NCiAgICAgICAgICAgIDxSdWxlUGFyYW1ldGVyIE5hbWU9IlJlcXVpcmVkIiBWYWx1ZT0iRmFsc2UiIC8+DQogICAgICAgICAgPC9SdWxlUGFyYW1ldGVycz4NCiAgICAgICAgPC9FeHRyYWN0aW9uUnVsZT4NCiAgICAgICAgPEV4dHJhY3Rpb25SdWxlIENsYXNzbmFtZT0iTWljcm9zb2Z0LlZpc3VhbFN0dWRpby5UZXN0VG9vbHMuV2ViVGVzdGluZy5SdWxlcy5FeHRyYWN0VGV4dCwgTWljcm9zb2Z0LlZpc3VhbFN0dWRpby5RdWFsaXR5VG9vbHMuV2ViVGVzdEZyYW1ld29yaywgVmVyc2lvbj0xMC4wLjAuMCwgQ3VsdHVyZT1uZXV0cmFsLCBQdWJsaWNLZXlUb2tlbj1iMDNmNWY3ZjExZDUwYTNhIiBWYXJpYWJsZU5hbWU9IlF1ZXJ5U3RyaW5nUGFyYW0xNjMucGFnZSIgRGlzcGxheU5hbWU9IiIgRGVzY3JpcHRpb249IiI+DQogICAgICAgICAgPFJ1bGVQYXJhbWV0ZXJzPg0KICAgICAgICAgICAgPFJ1bGVQYXJhbWV0ZXIgTmFtZT0iU3RhcnRzV2l0aCIgVmFsdWU9IiZhbXA7YW1wO3BhZ2U9IiAvPg0KICAgICAgICAgICAgPFJ1bGVQYXJhbWV0ZXIgTmFtZT0iRW5kc1dpdGgiIFZhbHVlPSImcXVvdDsiIC8+DQogICAgICAgICAgICA8UnVsZVBhcmFtZXRlciBOYW1lPSJJbmRleCIgVmFsdWU9IjAiIC8+DQogICAgICAgICAgICA8UnVsZVBhcmFtZXRlciBOYW1lPSJJZ25vcmVDYXNlIiBWYWx1ZT0iRmFsc2UiIC8+DQogICAgICAgICAgICA8UnVsZVBhcmFtZXRlciBOYW1lPSJVc2VSZWd1bGFyRXhwcmVzc2lvbiIgVmFsdWU9IkZhbHNlIiAvPg0KICAgICAgICAgICAgPFJ1bGVQYXJhbWV0ZXIgTmFtZT0iSHRtbERlY29kZSIgVmFsdWU9IlRydWUiIC8+DQogICAgICAgICAgICA8UnVsZVBhcmFtZXRlciBOYW1lPSJSZXF1aXJlZCIgVmFsdWU9IkZhbHNlIiAvPg0KICAgICAgICAgIDwvUnVsZVBhcmFtZXRlcnM+DQogICAgICAgIDwvRXh0cmFjdGlvblJ1bGU+DQogICAgICAgIDxFeHRyYWN0aW9uUnVsZSBDbGFzc25hbWU9Ik1pY3Jvc29mdC5WaXN1YWxTdHVkaW8uVGVzdFRvb2xzLldlYlRlc3RpbmcuUnVsZXMuRXh0cmFjdFRleHQsIE1pY3Jvc29mdC5WaXN1YWxTdHVkaW8uUXVhbGl0eVRvb2xzLldlYlRlc3RGcmFtZXdvcmssIFZlcnNpb249MTAuMC4wLjAsIEN1bHR1cmU9bmV1dHJhbCwgUHVibGljS2V5VG9rZW49YjAzZjVmN2YxMWQ1MGEzYSIgVmFyaWFibGVOYW1lPSJRdWVyeVN0cmluZ1BhcmFtMjQ5LmNhdGVnb3J5IiBEaXNwbGF5TmFtZT0iIiBEZXNjcmlwdGlvbj0iIj4NCiAgICAgICAgICA8UnVsZVBhcmFtZXRlcnM+DQogICAgICAgICAgICA8UnVsZVBhcmFtZXRlciBOYW1lPSJTdGFydHNXaXRoIiBWYWx1ZT0iP2NhdGVnb3J5PSIgLz4NCiAgICAgICAgICAgIDxSdWxlUGFyYW1ldGVyIE5hbWU9IkVuZHNXaXRoIiBWYWx1ZT0iJmFtcDsiIC8+DQogICAgICAgICAgICA8UnVsZVBhcmFtZXRlciBOYW1lPSJJbmRleCIgVmFsdWU9IjAiIC8+DQogICAgICAgICAgICA8UnVsZVBhcmFtZXRlciBOYW1lPSJJZ25vcmVDYXNlIiBWYWx1ZT0iRmFsc2UiIC8+DQogICAgICAgICAgICA8UnVsZVBhcmFtZXRlciBOYW1lPSJVc2VSZWd1bGFyRXhwcmVzc2lvbiIgVmFsdWU9IkZhbHNlIiAvPg0KICAgICAgICAgICAgPFJ1bGVQYXJhbWV0ZXIgTmFtZT0iSHRtbERlY29kZSIgVmFsdWU9IlRydWUiIC8+DQogICAgICAgICAgICA8UnVsZVBhcmFtZXRlciBOYW1lPSJSZXF1aXJlZCIgVmFsdWU9IkZhbHNlIiAvPg0KICAgICAgICAgIDwvUnVsZVBhcmFtZXRlcnM+DQogICAgICAgIDwvRXh0cmFjdGlvblJ1bGU+DQogICAgICAgIDxFeHRyYWN0aW9uUnVsZSBDbGFzc25hbWU9Ik1pY3Jvc29mdC5WaXN1YWxTdHVkaW8uVGVzdFRvb2xzLldlYlRlc3RpbmcuUnVsZXMuRXh0cmFjdFRleHQsIE1pY3Jvc29mdC5WaXN1YWxTdHVkaW8uUXVhbGl0eVRvb2xzLldlYlRlc3RGcmFtZXdvcmssIFZlcnNpb249MTAuMC4wLjAsIEN1bHR1cmU9bmV1dHJhbCwgUHVibGljS2V5VG9rZW49YjAzZjVmN2YxMWQ1MGEzYSIgVmFyaWFibGVOYW1lPSJRdWVyeVN0cmluZ1BhcmFtMjUwLnBhZ2UiIERpc3BsYXlOYW1lPSIiIERlc2NyaXB0aW9uPSIiPg0KICAgICAgICAgIDxSdWxlUGFyYW1ldGVycz4NCiAgICAgICAgICAgIDxSdWxlUGFyYW1ldGVyIE5hbWU9IlN0YXJ0c1dpdGgiIFZhbHVlPSImYW1wO2FtcDtwYWdlPSIgLz4NCiAgICAgICAgICAgIDxSdWxlUGFyYW1ldGVyIE5hbWU9IkVuZHNXaXRoIiBWYWx1ZT0iJnF1b3Q7IiAvPg0KICAgICAgICAgICAgPFJ1bGVQYXJhbWV0ZXIgTmFtZT0iSW5kZXgiIFZhbHVlPSIwIiAvPg0KICAgICAgICAgICAgPFJ1bGVQYXJhbWV0ZXIgTmFtZT0iSWdub3JlQ2FzZSIgVmFsdWU9IkZhbHNlIiAvPg0KICAgICAgICAgICAgPFJ1bGVQYXJhbWV0ZXIgTmFtZT0iVXNlUmVndWxhckV4cHJlc3Npb24iIFZhbHVlPSJGYWxzZSIgLz4NCiAgICAgICAgICAgIDxSdWxlUGFyYW1ldGVyIE5hbWU9Ikh0bWxEZWNvZGUiIFZhbHVlPSJUcnVlIiAvPg0KICAgICAgICAgICAgPFJ1bGVQYXJhbWV0ZXIgTmFtZT0iUmVxdWlyZWQiIFZhbHVlPSJGYWxzZSIgLz4NCiAgICAgICAgICA8L1J1bGVQYXJhbWV0ZXJzPg0KICAgICAgICA8L0V4dHJhY3Rpb25SdWxlPg0KICAgICAgPC9Db3JyZWxhdGlvbkV4dHJhY3Rpb25SdWxlcz4NCiAgICAgIDxRdWVyeVN0cmluZ1BhcmFtZXRlcnM+DQogICAgICAgIDxRdWVyeVN0cmluZ1BhcmFtZXRlciBOYW1lPSJSZXR1cm5VcmwiIFZhbHVlPSIlMmZOb3RlcyUyZkxpc3QiIFJlY29yZGVkVmFsdWU9IiUyZk5vdGVzJTJmTGlzdCIgQ29ycmVsYXRpb25CaW5kaW5nPSJ7e1F1ZXJ5U3RyaW5nUGFyYW02LlJldHVyblVybH19IiBVcmxFbmNvZGU9IkZhbHNlIiBVc2VUb0dyb3VwUmVzdWx0cz0iRmFsc2UiIC8+DQogICAgICA8L1F1ZXJ5U3RyaW5nUGFyYW1ldGVycz4NCiAgICAgIDxGb3JtUG9zdEh0dHBCb2R5Pg0KICAgICAgICA8Rm9ybVBvc3RQYXJhbWV0ZXIgTmFtZT0iVXNlcm5hbWUiIFZhbHVlPSJLZXNoYXYiIFJlY29yZGVkVmFsdWU9Iktlc2hhdiIgQ29ycmVsYXRpb25CaW5kaW5nPSIiIFVybEVuY29kZT0iVHJ1ZSIgLz4NCiAgICAgICAgPEZvcm1Qb3N0UGFyYW1ldGVyIE5hbWU9IlBhc3N3b3JkIiBWYWx1ZT0iMTIzNDU2IiBSZWNvcmRlZFZhbHVlPSIxMjM0NTYiIENvcnJlbGF0aW9uQmluZGluZz0iIiBVcmxFbmNvZGU9IlRydWUiIC8+DQogICAgICA8L0Zvcm1Qb3N0SHR0cEJvZHk+DQogICAgPC9SZXF1ZXN0Pg0KICAgIDxSZXF1ZXN0IE1ldGhvZD0iR0VUIiBHdWlkPSI5ZWJmOWY4NC00MDA0LTQ5YTQtYjc0ZS0yN2FlMmE0NTkxYTEiIFZlcnNpb249IjEuMSIgVXJsPSJodHRwOi8vbG9jYWxob3N0OjE0NTU4L2VkMDMyYTc5YjQ5ZDRhNTE5OTA5NzQxZmZmYzFlZTU2L2FydGVyeVNpZ25hbFIvY29ubmVjdCIgVGhpbmtUaW1lPSIwIiBUaW1lb3V0PSIzMDAiIFBhcnNlRGVwZW5kZW50UmVxdWVzdHM9IlRydWUiIEZvbGxvd1JlZGlyZWN0cz0iVHJ1ZSIgUmVjb3JkUmVzdWx0PSJUcnVlIiBDYWNoZT0iRmFsc2UiIFJlc3BvbnNlVGltZUdvYWw9IjAiIEVuY29kaW5nPSJ1dGYtOCIgRXhwZWN0ZWRIdHRwU3RhdHVzQ29kZT0iMCIgRXhwZWN0ZWRSZXNwb25zZVVybD0iIiBSZXBvcnRpbmdOYW1lPSIiIElnbm9yZUh0dHBTdGF0dXNDb2RlPSJGYWxzZSI+DQogICAgICA8UXVlcnlTdHJpbmdQYXJhbWV0ZXJzPg0KICAgICAgICA8UXVlcnlTdHJpbmdQYXJhbWV0ZXIgTmFtZT0idHJhbnNwb3J0IiBWYWx1ZT0id2ViU29ja2V0cyIgUmVjb3JkZWRWYWx1ZT0id2ViU29ja2V0cyIgQ29ycmVsYXRpb25CaW5kaW5nPSIiIFVybEVuY29kZT0iRmFsc2UiIFVzZVRvR3JvdXBSZXN1bHRzPSJGYWxzZSIgLz4NCiAgICAgICAgPFF1ZXJ5U3RyaW5nUGFyYW1ldGVyIE5hbWU9ImNvbm5lY3Rpb25Ub2tlbiIgVmFsdWU9IkFRQUFBTkNNbmQ4QkZkRVJqSG9Bd0UlMkZDbCUyQnNCQUFBQVBnSUtnMUN0YWt5cUdsaGM5YzZwaFFBQUFBQUNBQUFBQUFBUVpnQUFBQUVBQUNBQUFBQmw3bERQZUhaQnQ5Q2NZbTd4bW5vMTFhWnc5c2RSUGZDaWp5WmJ2QTFqQ3dBQUFBQU9nQUFBQUFJQUFDQUFBQUE1UHpaZ1QyJTJGM3gxS0duWG5ZNUxXdG1YbkZXN2tTdTFzbXBkcTR0N1NYV2pBQUFBQ09SMkw2QVI2VnhNS1JaOURHbWNsRUlqdGk4VzZKeTVPSHBjbFZ1d2FmM0RtJTJCV1BFcmJEeEVVbWxuUGQ3WSUyQm1wQUFBQUF2MUpVbUk1cFBzdW9RdXR3THdUTWlpc0M0JTJGWDd5ZkxEaGclMkZKZGp2MW8yWWFjaWVnV0NOb3FxV0RqbXJXdDglMkIlMkI1JTJGcDdEWE9uRmNlc0I0djBLaENhJTJGUSUzRCUzRCIgUmVjb3JkZWRWYWx1ZT0iQVFBQUFOQ01uZDhCRmRFUmpIb0F3RSUyRkNsJTJCc0JBQUFBUGdJS2cxQ3Rha3lxR2xoYzljNnBoUUFBQUFBQ0FBQUFBQUFRWmdBQUFBRUFBQ0FBQUFCbDdsRFBlSFpCdDlDY1ltN3htbm8xMWFadzlzZFJQZkNpanlaYnZBMWpDd0FBQUFBT2dBQUFBQUlBQUNBQUFBQTVQelpnVDIlMkYzeDFLR25Yblk1TFd0bVhuRlc3a1N1MXNtcGRxNHQ3U1hXakFBQUFDT1IyTDZBUjZWeE1LUlo5REdtY2xFSWp0aThXNkp5NU9IcGNsVnV3YWYzRG0lMkJXUEVyYkR4RVVtbG5QZDdZJTJCbXBBQUFBQXYxSlVtSTVwUHN1b1F1dHdMd1RNaWlzQzQlMkZYN3lmTERoZyUyRkpkanYxbzJZYWNpZWdXQ05vcXFXRGptcld0OCUyQiUyQjUlMkZwN0RYT25GY2VzQjR2MEtoQ2ElMkZRJTNEJTNEIiBDb3JyZWxhdGlvbkJpbmRpbmc9IiIgVXJsRW5jb2RlPSJGYWxzZSIgVXNlVG9Hcm91cFJlc3VsdHM9IkZhbHNlIiAvPg0KICAgICAgICA8UXVlcnlTdHJpbmdQYXJhbWV0ZXIgTmFtZT0icmVxdWVzdFVybCIgVmFsdWU9Imh0dHAlM0ElMkYlMkZsb2NhbGhvc3QlM0E1ODU2MSUyRlVzZXJBY2NvdW50JTJGTG9naW4lM0ZSZXR1cm5VcmwlM0QlMjUyZk5vdGVzJTI1MmZMaXN0IiBSZWNvcmRlZFZhbHVlPSJodHRwJTNBJTJGJTJGbG9jYWxob3N0JTNBNTg1NjElMkZVc2VyQWNjb3VudCUyRkxvZ2luJTNGUmV0dXJuVXJsJTNEJTI1MmZOb3RlcyUyNTJmTGlzdCIgQ29ycmVsYXRpb25CaW5kaW5nPSIiIFVybEVuY29kZT0iRmFsc2UiIFVzZVRvR3JvdXBSZXN1bHRzPSJGYWxzZSIgLz4NCiAgICAgICAgPFF1ZXJ5U3RyaW5nUGFyYW1ldGVyIE5hbWU9ImJyb3dzZXJOYW1lIiBWYWx1ZT0iSW50ZXJuZXRFeHBsb3JlciIgUmVjb3JkZWRWYWx1ZT0iSW50ZXJuZXRFeHBsb3JlciIgQ29ycmVsYXRpb25CaW5kaW5nPSIiIFVybEVuY29kZT0iRmFsc2UiIFVzZVRvR3JvdXBSZXN1bHRzPSJGYWxzZSIgLz4NCiAgICAgICAgPFF1ZXJ5U3RyaW5nUGFyYW1ldGVyIE5hbWU9InRpZCIgVmFsdWU9IjciIFJlY29yZGVkVmFsdWU9IjciIENvcnJlbGF0aW9uQmluZGluZz0iIiBVcmxFbmNvZGU9IkZhbHNlIiBVc2VUb0dyb3VwUmVzdWx0cz0iRmFsc2UiIC8+DQogICAgICA8L1F1ZXJ5U3RyaW5nUGFyYW1ldGVycz4NCiAgICA8L1JlcXVlc3Q+DQogICAgPFJlcXVlc3QgTWV0aG9kPSJHRVQiIEd1aWQ9ImE1MjMzZTZiLWFmNjQtNGY2Yy05NDQyLWUzM2Y2YTQzODYyMiIgVmVyc2lvbj0iMS4xIiBVcmw9Imh0dHA6Ly9sb2NhbGhvc3Q6NTg1NjEvX19icm93c2VyTGluay9yZXF1ZXN0RGF0YS85MjFkYTA2YTk0ZDg0NDM3OGUxMGZiNWI2NzI2ODM4YiIgVGhpbmtUaW1lPSIwIiBUaW1lb3V0PSIzMDAiIFBhcnNlRGVwZW5kZW50UmVxdWVzdHM9IlRydWUiIEZvbGxvd1JlZGlyZWN0cz0iVHJ1ZSIgUmVjb3JkUmVzdWx0PSJUcnVlIiBDYWNoZT0iRmFsc2UiIFJlc3BvbnNlVGltZUdvYWw9IjAiIEVuY29kaW5nPSJ1dGYtOCIgRXhwZWN0ZWRIdHRwU3RhdHVzQ29kZT0iMCIgRXhwZWN0ZWRSZXNwb25zZVVybD0iIiBSZXBvcnRpbmdOYW1lPSIiIElnbm9yZUh0dHBTdGF0dXNDb2RlPSJGYWxzZSI+DQogICAgICA8SGVhZGVycz4NCiAgICAgICAgPEhlYWRlciBOYW1lPSJBY2NlcHQiIFZhbHVlPSJhcHBsaWNhdGlvbi9qc29uLCB0ZXh0L2phdmFzY3JpcHQsICovKjsgcT0wLjAxIiAvPg0KICAgICAgICA8SGVhZGVyIE5hbWU9IlgtUmVxdWVzdGVkLVdpdGgiIFZhbHVlPSJYTUxIdHRwUmVxdWVzdCIgLz4NCiAgICAgICAgPEhlYWRlciBOYW1lPSJSZWZlcmVyIiBWYWx1ZT0iaHR0cDovL2xvY2FsaG9zdDo1ODU2MS9Vc2VyQWNjb3VudC9Mb2dpbj9SZXR1cm5Vcmw9JTJmTm90ZXMlMmZMaXN0IiAvPg0KICAgICAgPC9IZWFkZXJzPg0KICAgIDwvUmVxdWVzdD4NCiAgICA8UmVxdWVzdCBNZXRob2Q9IlBPU1QiIEd1aWQ9ImQ4NzUzNjdjLTQ4OGYtNDE5NS1hZjI1LTJkZTBmOTMzZDk1ZiIgVmVyc2lvbj0iMS4xIiBVcmw9Imh0dHA6Ly9sb2NhbGhvc3Q6MTQ1NTgvZWQwMzJhNzliNDlkNGE1MTk5MDk3NDFmZmZjMWVlNTYvYXJ0ZXJ5U2lnbmFsUi9hYm9ydCIgVGhpbmtUaW1lPSIwIiBUaW1lb3V0PSIzMDAiIFBhcnNlRGVwZW5kZW50UmVxdWVzdHM9IlRydWUiIEZvbGxvd1JlZGlyZWN0cz0iVHJ1ZSIgUmVjb3JkUmVzdWx0PSJUcnVlIiBDYWNoZT0iRmFsc2UiIFJlc3BvbnNlVGltZUdvYWw9IjAiIEVuY29kaW5nPSJ1dGYtOCIgRXhwZWN0ZWRIdHRwU3RhdHVzQ29kZT0iMCIgRXhwZWN0ZWRSZXNwb25zZVVybD0iIiBSZXBvcnRpbmdOYW1lPSIiIElnbm9yZUh0dHBTdGF0dXNDb2RlPSJGYWxzZSI+DQogICAgICA8SGVhZGVycz4NCiAgICAgICAgPEhlYWRlciBOYW1lPSJBY2NlcHQiIFZhbHVlPSJ0ZXh0L3BsYWluLCAqLyo7IHE9MC4wMSIgLz4NCiAgICAgICAgPEhlYWRlciBOYW1lPSJSZWZlcmVyIiBWYWx1ZT0iaHR0cDovL2xvY2FsaG9zdDo1ODU2MS9Vc2VyQWNjb3VudC9Mb2dpbj9SZXR1cm5Vcmw9JTJmTm90ZXMlMmZMaXN0IiAvPg0KICAgICAgPC9IZWFkZXJzPg0KICAgICAgPFF1ZXJ5U3RyaW5nUGFyYW1ldGVycz4NCiAgICAgICAgPFF1ZXJ5U3RyaW5nUGFyYW1ldGVyIE5hbWU9InRyYW5zcG9ydCIgVmFsdWU9IndlYlNvY2tldHMiIFJlY29yZGVkVmFsdWU9IndlYlNvY2tldHMiIENvcnJlbGF0aW9uQmluZGluZz0iIiBVcmxFbmNvZGU9IkZhbHNlIiBVc2VUb0dyb3VwUmVzdWx0cz0iRmFsc2UiIC8+DQogICAgICAgIDxRdWVyeVN0cmluZ1BhcmFtZXRlciBOYW1lPSJjb25uZWN0aW9uVG9rZW4iIFZhbHVlPSJBUUFBQU5DTW5kOEJGZEVSakhvQXdFJTJGQ2wlMkJzQkFBQUFQZ0lLZzFDdGFreXFHbGhjOWM2cGhRQUFBQUFDQUFBQUFBQVFaZ0FBQUFFQUFDQUFBQUJsN2xEUGVIWkJ0OUNjWW03eG1ubzExYVp3OXNkUlBmQ2lqeVpidkExakN3QUFBQUFPZ0FBQUFBSUFBQ0FBQUFBNVB6WmdUMiUyRjN4MUtHblhuWTVMV3RtWG5GVzdrU3Uxc21wZHE0dDdTWFdqQUFBQUNPUjJMNkFSNlZ4TUtSWjlER21jbEVJanRpOFc2Snk1T0hwY2xWdXdhZjNEbSUyQldQRXJiRHhFVW1sblBkN1klMkJtcEFBQUFBdjFKVW1JNXBQc3VvUXV0d0x3VE1paXNDNCUyRlg3eWZMRGhnJTJGSmRqdjFvMllhY2llZ1dDTm9xcVdEam1yV3Q4JTJCJTJCNSUyRnA3RFhPbkZjZXNCNHYwS2hDYSUyRlElM0QlM0QiIFJlY29yZGVkVmFsdWU9IkFRQUFBTkNNbmQ4QkZkRVJqSG9Bd0UlMkZDbCUyQnNCQUFBQVBnSUtnMUN0YWt5cUdsaGM5YzZwaFFBQUFBQUNBQUFBQUFBUVpnQUFBQUVBQUNBQUFBQmw3bERQZUhaQnQ5Q2NZbTd4bW5vMTFhWnc5c2RSUGZDaWp5WmJ2QTFqQ3dBQUFBQU9nQUFBQUFJQUFDQUFBQUE1UHpaZ1QyJTJGM3gxS0duWG5ZNUxXdG1YbkZXN2tTdTFzbXBkcTR0N1NYV2pBQUFBQ09SMkw2QVI2VnhNS1JaOURHbWNsRUlqdGk4VzZKeTVPSHBjbFZ1d2FmM0RtJTJCV1BFcmJEeEVVbWxuUGQ3WSUyQm1wQUFBQUF2MUpVbUk1cFBzdW9RdXR3THdUTWlpc0M0JTJGWDd5ZkxEaGclMkZKZGp2MW8yWWFjaWVnV0NOb3FxV0RqbXJXdDglMkIlMkI1JTJGcDdEWE9uRmNlc0I0djBLaENhJTJGUSUzRCUzRCIgQ29ycmVsYXRpb25CaW5kaW5nPSIiIFVybEVuY29kZT0iRmFsc2UiIFVzZVRvR3JvdXBSZXN1bHRzPSJGYWxzZSIgLz4NCiAgICAgICAgPFF1ZXJ5U3RyaW5nUGFyYW1ldGVyIE5hbWU9InJlcXVlc3RVcmwiIFZhbHVlPSJodHRwJTNBJTJGJTJGbG9jYWxob3N0JTNBNTg1NjElMkZVc2VyQWNjb3VudCUyRkxvZ2luJTNGUmV0dXJuVXJsJTNEJTI1MmZOb3RlcyUyNTJmTGlzdCIgUmVjb3JkZWRWYWx1ZT0iaHR0cCUzQSUyRiUyRmxvY2FsaG9zdCUzQTU4NTYxJTJGVXNlckFjY291bnQlMkZMb2dpbiUzRlJldHVyblVybCUzRCUyNTJmTm90ZXMlMjUyZkxpc3QiIENvcnJlbGF0aW9uQmluZGluZz0iIiBVcmxFbmNvZGU9IkZhbHNlIiBVc2VUb0dyb3VwUmVzdWx0cz0iRmFsc2UiIC8+DQogICAgICAgIDxRdWVyeVN0cmluZ1BhcmFtZXRlciBOYW1lPSJicm93c2VyTmFtZSIgVmFsdWU9IkludGVybmV0RXhwbG9yZXIiIFJlY29yZGVkVmFsdWU9IkludGVybmV0RXhwbG9yZXIiIENvcnJlbGF0aW9uQmluZGluZz0iIiBVcmxFbmNvZGU9IkZhbHNlIiBVc2VUb0dyb3VwUmVzdWx0cz0iRmFsc2UiIC8+DQogICAgICA8L1F1ZXJ5U3RyaW5nUGFyYW1ldGVycz4NCiAgICAgIDxGb3JtUG9zdEh0dHBCb2R5IC8+DQogICAgPC9SZXF1ZXN0Pg0KICAgIDxSZXF1ZXN0IE1ldGhvZD0iUE9TVCIgR3VpZD0iYjBiNDdjOTMtMjI1ZS00Mzg3LWFkMGYtMmY3Y2MyZjQzYzQ1IiBWZXJzaW9uPSIxLjEiIFVybD0iaHR0cDovL2xvY2FsaG9zdDoxNDU1OC9lZDAzMmE3OWI0OWQ0YTUxOTkwOTc0MWZmZmMxZWU1Ni9hcnRlcnlTaWduYWxSL25lZ290aWF0ZSIgVGhpbmtUaW1lPSIyMCIgVGltZW91dD0iMzAwIiBQYXJzZURlcGVuZGVudFJlcXVlc3RzPSJUcnVlIiBGb2xsb3dSZWRpcmVjdHM9IlRydWUiIFJlY29yZFJlc3VsdD0iVHJ1ZSIgQ2FjaGU9IkZhbHNlIiBSZXNwb25zZVRpbWVHb2FsPSIwIiBFbmNvZGluZz0idXRmLTgiIEV4cGVjdGVkSHR0cFN0YXR1c0NvZGU9IjAiIEV4cGVjdGVkUmVzcG9uc2VVcmw9IiIgUmVwb3J0aW5nTmFtZT0iIiBJZ25vcmVIdHRwU3RhdHVzQ29kZT0iRmFsc2UiPg0KICAgICAgPEhlYWRlcnM+DQogICAgICAgIDxIZWFkZXIgTmFtZT0iQ29udGVudC1UeXBlIiBWYWx1ZT0iYXBwbGljYXRpb24veC13d3ctZm9ybS11cmxlbmNvZGVkOyBjaGFyc2V0PVVURi04IiAvPg0KICAgICAgICA8SGVhZGVyIE5hbWU9IkFjY2VwdCIgVmFsdWU9InRleHQvcGxhaW4sICovKjsgcT0wLjAxIiAvPg0KICAgICAgICA8SGVhZGVyIE5hbWU9IlJlZmVyZXIiIFZhbHVlPSJodHRwOi8vbG9jYWxob3N0OjU4NTYxL05vdGVzL0xpc3QiIC8+DQogICAgICA8L0hlYWRlcnM+DQogICAgICA8UXVlcnlTdHJpbmdQYXJhbWV0ZXJzPg0KICAgICAgICA8UXVlcnlTdHJpbmdQYXJhbWV0ZXIgTmFtZT0icmVxdWVzdFVybCIgVmFsdWU9Imh0dHAlM0ElMkYlMkZsb2NhbGhvc3QlM0E1ODU2MSUyRk5vdGVzJTJGTGlzdCIgUmVjb3JkZWRWYWx1ZT0iaHR0cCUzQSUyRiUyRmxvY2FsaG9zdCUzQTU4NTYxJTJGTm90ZXMlMkZMaXN0IiBDb3JyZWxhdGlvbkJpbmRpbmc9IiIgVXJsRW5jb2RlPSJGYWxzZSIgVXNlVG9Hcm91cFJlc3VsdHM9IkZhbHNlIiAvPg0KICAgICAgICA8UXVlcnlTdHJpbmdQYXJhbWV0ZXIgTmFtZT0iYnJvd3Nlck5hbWUiIFZhbHVlPSJJbnRlcm5ldEV4cGxvcmVyIiBSZWNvcmRlZFZhbHVlPSJJbnRlcm5ldEV4cGxvcmVyIiBDb3JyZWxhdGlvbkJpbmRpbmc9IiIgVXJsRW5jb2RlPSJGYWxzZSIgVXNlVG9Hcm91cFJlc3VsdHM9IkZhbHNlIiAvPg0KICAgICAgICA8UXVlcnlTdHJpbmdQYXJhbWV0ZXIgTmFtZT0iY2xpZW50UHJvdG9jb2wiIFZhbHVlPSIxLjMiIFJlY29yZGVkVmFsdWU9IjEuMyIgQ29ycmVsYXRpb25CaW5kaW5nPSIiIFVybEVuY29kZT0iRmFsc2UiIFVzZVRvR3JvdXBSZXN1bHRzPSJGYWxzZSIgLz4NCiAgICAgICAgPFF1ZXJ5U3RyaW5nUGFyYW1ldGVyIE5hbWU9Il8iIFZhbHVlPSIxNDgxOTA4Mzk4NDMwIiBSZWNvcmRlZFZhbHVlPSIxNDgxOTA4Mzk4NDMwIiBDb3JyZWxhdGlvbkJpbmRpbmc9IiIgVXJsRW5jb2RlPSJGYWxzZSIgVXNlVG9Hcm91cFJlc3VsdHM9IkZhbHNlIiAvPg0KICAgICAgPC9RdWVyeVN0cmluZ1BhcmFtZXRlcnM+DQogICAgICA8Rm9ybVBvc3RIdHRwQm9keSAvPg0KICAgIDwvUmVxdWVzdD4NCiAgICA8UmVxdWVzdCBNZXRob2Q9IkdFVCIgR3VpZD0iOWExYTBlMTAtZTMxOC00Y2ZlLTkzZDktNWI5MzQ4M2M1MmFiIiBWZXJzaW9uPSIxLjEiIFVybD0iaHR0cDovL2xvY2FsaG9zdDo1ODU2MS9Ob3Rlcy9MaXN0IiBUaGlua1RpbWU9IjAiIFRpbWVvdXQ9IjMwMCIgUGFyc2VEZXBlbmRlbnRSZXF1ZXN0cz0iVHJ1ZSIgRm9sbG93UmVkaXJlY3RzPSJUcnVlIiBSZWNvcmRSZXN1bHQ9IlRydWUiIENhY2hlPSJGYWxzZSIgUmVzcG9uc2VUaW1lR29hbD0iMCIgRW5jb2Rpbmc9InV0Zi04IiBFeHBlY3RlZEh0dHBTdGF0dXNDb2RlPSIwIiBFeHBlY3RlZFJlc3BvbnNlVXJsPSIiIFJlcG9ydGluZ05hbWU9IiIgSWdub3JlSHR0cFN0YXR1c0NvZGU9IkZhbHNlIj4NCiAgICAgIDxIZWFkZXJzPg0KICAgICAgICA8SGVhZGVyIE5hbWU9IlJlZmVyZXIiIFZhbHVlPSJodHRwOi8vbG9jYWxob3N0OjU4NTYxL05vdGVzL0xpc3QiIC8+DQogICAgICA8L0hlYWRlcnM+DQogICAgICA8Q29ycmVsYXRpb25FeHRyYWN0aW9uUnVsZXM+DQogICAgICAgIDxFeHRyYWN0aW9uUnVsZSBDbGFzc25hbWU9Ik1pY3Jvc29mdC5WaXN1YWxTdHVkaW8uVGVzdFRvb2xzLldlYlRlc3RpbmcuUnVsZXMuRXh0cmFjdFRleHQsIE1pY3Jvc29mdC5WaXN1YWxTdHVkaW8uUXVhbGl0eVRvb2xzLldlYlRlc3RGcmFtZXdvcmssIFZlcnNpb249MTAuMC4wLjAsIEN1bHR1cmU9bmV1dHJhbCwgUHVibGljS2V5VG9rZW49YjAzZjVmN2YxMWQ1MGEzYSIgVmFyaWFibGVOYW1lPSJRdWVyeVN0cmluZ1BhcmFtMy5pZDIiIERpc3BsYXlOYW1lPSIiIERlc2NyaXB0aW9uPSIiPg0KICAgICAgICAgIDxSdWxlUGFyYW1ldGVycz4NCiAgICAgICAgICAgIDxSdWxlUGFyYW1ldGVyIE5hbWU9IlN0YXJ0c1dpdGgiIFZhbHVlPSI/aWQyPSIgLz4NCiAgICAgICAgICAgIDxSdWxlUGFyYW1ldGVyIE5hbWU9IkVuZHNXaXRoIiBWYWx1ZT0iJnF1b3Q7IiAvPg0KICAgICAgICAgICAgPFJ1bGVQYXJhbWV0ZXIgTmFtZT0iSW5kZXgiIFZhbHVlPSIxIiAvPg0KICAgICAgICAgICAgPFJ1bGVQYXJhbWV0ZXIgTmFtZT0iSWdub3JlQ2FzZSIgVmFsdWU9IkZhbHNlIiAvPg0KICAgICAgICAgICAgPFJ1bGVQYXJhbWV0ZXIgTmFtZT0iVXNlUmVndWxhckV4cHJlc3Npb24iIFZhbHVlPSJGYWxzZSIgLz4NCiAgICAgICAgICAgIDxSdWxlUGFyYW1ldGVyIE5hbWU9Ikh0bWxEZWNvZGUiIFZhbHVlPSJUcnVlIiAvPg0KICAgICAgICAgICAgPFJ1bGVQYXJhbWV0ZXIgTmFtZT0iUmVxdWlyZWQiIFZhbHVlPSJGYWxzZSIgLz4NCiAgICAgICAgICA8L1J1bGVQYXJhbWV0ZXJzPg0KICAgICAgICA8L0V4dHJhY3Rpb25SdWxlPg0KICAgICAgPC9Db3JyZWxhdGlvbkV4dHJhY3Rpb25SdWxlcz4NCiAgICAgIDxRdWVyeVN0cmluZ1BhcmFtZXRlcnM+DQogICAgICAgIDxRdWVyeVN0cmluZ1BhcmFtZXRlciBOYW1lPSJjYXRlZ29yeSIgVmFsdWU9IkNyeXB0b2dyYXBoeSIgUmVjb3JkZWRWYWx1ZT0iQ3J5cHRvZ3JhcGh5IiBDb3JyZWxhdGlvbkJpbmRpbmc9Int7UXVlcnlTdHJpbmdQYXJhbTQuY2F0ZWdvcnl9fSIgVXJsRW5jb2RlPSJGYWxzZSIgVXNlVG9Hcm91cFJlc3VsdHM9IkZhbHNlIiAvPg0KICAgICAgICA8UXVlcnlTdHJpbmdQYXJhbWV0ZXIgTmFtZT0icGFnZSIgVmFsdWU9IjEiIFJlY29yZGVkVmFsdWU9IjEiIENvcnJlbGF0aW9uQmluZGluZz0ie3tRdWVyeVN0cmluZ1BhcmFtNS5wYWdlfX0iIFVybEVuY29kZT0iRmFsc2UiIFVzZVRvR3JvdXBSZXN1bHRzPSJGYWxzZSIgLz4NCiAgICAgIDwvUXVlcnlTdHJpbmdQYXJhbWV0ZXJzPg0KICAgIDwvUmVxdWVzdD4NCiAgICA8UmVxdWVzdCBNZXRob2Q9IkdFVCIgR3VpZD0iMWNhMzhkYmYtZTg1OC00NTE3LWI5YTEtNGI5NzZlNDAyMDNhIiBWZXJzaW9uPSIxLjEiIFVybD0iaHR0cDovL2xvY2FsaG9zdDoxNDU1OC9lZDAzMmE3OWI0OWQ0YTUxOTkwOTc0MWZmZmMxZWU1Ni9hcnRlcnlTaWduYWxSL2Nvbm5lY3QiIFRoaW5rVGltZT0iMCIgVGltZW91dD0iMzAwIiBQYXJzZURlcGVuZGVudFJlcXVlc3RzPSJUcnVlIiBGb2xsb3dSZWRpcmVjdHM9IlRydWUiIFJlY29yZFJlc3VsdD0iVHJ1ZSIgQ2FjaGU9IkZhbHNlIiBSZXNwb25zZVRpbWVHb2FsPSIwIiBFbmNvZGluZz0idXRmLTgiIEV4cGVjdGVkSHR0cFN0YXR1c0NvZGU9IjAiIEV4cGVjdGVkUmVzcG9uc2VVcmw9IiIgUmVwb3J0aW5nTmFtZT0iIiBJZ25vcmVIdHRwU3RhdHVzQ29kZT0iRmFsc2UiPg0KICAgICAgPFF1ZXJ5U3RyaW5nUGFyYW1ldGVycz4NCiAgICAgICAgPFF1ZXJ5U3RyaW5nUGFyYW1ldGVyIE5hbWU9InRyYW5zcG9ydCIgVmFsdWU9IndlYlNvY2tldHMiIFJlY29yZGVkVmFsdWU9IndlYlNvY2tldHMiIENvcnJlbGF0aW9uQmluZGluZz0iIiBVcmxFbmNvZGU9IkZhbHNlIiBVc2VUb0dyb3VwUmVzdWx0cz0iRmFsc2UiIC8+DQogICAgICAgIDxRdWVyeVN0cmluZ1BhcmFtZXRlciBOYW1lPSJjb25uZWN0aW9uVG9rZW4iIFZhbHVlPSJBUUFBQU5DTW5kOEJGZEVSakhvQXdFJTJGQ2wlMkJzQkFBQUFQZ0lLZzFDdGFreXFHbGhjOWM2cGhRQUFBQUFDQUFBQUFBQVFaZ0FBQUFFQUFDQUFBQUFNaiUyRmdmT0V0d1Z1aXo1MWElMkJVNUlNdmpaNlclMkZiT2tJVm54NnJBRFJEaFRnQUFBQUFPZ0FBQUFBSUFBQ0FBQUFEdXhmQ1cyZXlJd0dqRXRFc0luNE5RTXM0d3JSeUxKUTYyT2daMmRjQlUzekFBQUFBVVlxenNtcVpyS0lGRUZNYkwxcHhWcEJVaUozS3l3UnRNSmZReUlXS2NiWWFwREF4R3JYNHVZOSUyRlc2ZG1jR2pkQUFBQUFHblNJMEliWHNFOUVRbE42M3hUM3VDMnpWWThhU3M2V2hDODM2akhKMzlpZyUyRmhwdEZGMWhvNUJMSEhoVW1NdXhQQmFTRXpjM0xHZ2EyZXB6V2RZemZ3JTNEJTNEIiBSZWNvcmRlZFZhbHVlPSJBUUFBQU5DTW5kOEJGZEVSakhvQXdFJTJGQ2wlMkJzQkFBQUFQZ0lLZzFDdGFreXFHbGhjOWM2cGhRQUFBQUFDQUFBQUFBQVFaZ0FBQUFFQUFDQUFBQUFNaiUyRmdmT0V0d1Z1aXo1MWElMkJVNUlNdmpaNlclMkZiT2tJVm54NnJBRFJEaFRnQUFBQUFPZ0FBQUFBSUFBQ0FBQUFEdXhmQ1cyZXlJd0dqRXRFc0luNE5RTXM0d3JSeUxKUTYyT2daMmRjQlUzekFBQUFBVVlxenNtcVpyS0lGRUZNYkwxcHhWcEJVaUozS3l3UnRNSmZReUlXS2NiWWFwREF4R3JYNHVZOSUyRlc2ZG1jR2pkQUFBQUFHblNJMEliWHNFOUVRbE42M3hUM3VDMnpWWThhU3M2V2hDODM2akhKMzlpZyUyRmhwdEZGMWhvNUJMSEhoVW1NdXhQQmFTRXpjM0xHZ2EyZXB6V2RZemZ3JTNEJTNEIiBDb3JyZWxhdGlvbkJpbmRpbmc9IiIgVXJsRW5jb2RlPSJGYWxzZSIgVXNlVG9Hcm91cFJlc3VsdHM9IkZhbHNlIiAvPg0KICAgICAgICA8UXVlcnlTdHJpbmdQYXJhbWV0ZXIgTmFtZT0icmVxdWVzdFVybCIgVmFsdWU9Imh0dHAlM0ElMkYlMkZsb2NhbGhvc3QlM0E1ODU2MSUyRk5vdGVzJTJGTGlzdCIgUmVjb3JkZWRWYWx1ZT0iaHR0cCUzQSUyRiUyRmxvY2FsaG9zdCUzQTU4NTYxJTJGTm90ZXMlMkZMaXN0IiBDb3JyZWxhdGlvbkJpbmRpbmc9IiIgVXJsRW5jb2RlPSJGYWxzZSIgVXNlVG9Hcm91cFJlc3VsdHM9IkZhbHNlIiAvPg0KICAgICAgICA8UXVlcnlTdHJpbmdQYXJhbWV0ZXIgTmFtZT0iYnJvd3Nlck5hbWUiIFZhbHVlPSJJbnRlcm5ldEV4cGxvcmVyIiBSZWNvcmRlZFZhbHVlPSJJbnRlcm5ldEV4cGxvcmVyIiBDb3JyZWxhdGlvbkJpbmRpbmc9IiIgVXJsRW5jb2RlPSJGYWxzZSIgVXNlVG9Hcm91cFJlc3VsdHM9IkZhbHNlIiAvPg0KICAgICAgICA8UXVlcnlTdHJpbmdQYXJhbWV0ZXIgTmFtZT0idGlkIiBWYWx1ZT0iOCIgUmVjb3JkZWRWYWx1ZT0iOCIgQ29ycmVsYXRpb25CaW5kaW5nPSIiIFVybEVuY29kZT0iRmFsc2UiIFVzZVRvR3JvdXBSZXN1bHRzPSJGYWxzZSIgLz4NCiAgICAgIDwvUXVlcnlTdHJpbmdQYXJhbWV0ZXJzPg0KICAgIDwvUmVxdWVzdD4NCiAgICA8UmVxdWVzdCBNZXRob2Q9IkdFVCIgR3VpZD0iMjU4MWY0ZTUtYjQxOC00MmM5LWFmNjQtNTY2MGI5MDIyNGUyIiBWZXJzaW9uPSIxLjEiIFVybD0iaHR0cDovL2xvY2FsaG9zdDo1ODU2MS9fX2Jyb3dzZXJMaW5rL3JlcXVlc3REYXRhLzBhZGZhOGUxNDgxNTQzNjc5MjY0YzkzYzRjODAxYWJiIiBUaGlua1RpbWU9IjMiIFRpbWVvdXQ9IjMwMCIgUGFyc2VEZXBlbmRlbnRSZXF1ZXN0cz0iVHJ1ZSIgRm9sbG93UmVkaXJlY3RzPSJUcnVlIiBSZWNvcmRSZXN1bHQ9IlRydWUiIENhY2hlPSJGYWxzZSIgUmVzcG9uc2VUaW1lR29hbD0iMCIgRW5jb2Rpbmc9InV0Zi04IiBFeHBlY3RlZEh0dHBTdGF0dXNDb2RlPSIwIiBFeHBlY3RlZFJlc3BvbnNlVXJsPSIiIFJlcG9ydGluZ05hbWU9IiIgSWdub3JlSHR0cFN0YXR1c0NvZGU9IkZhbHNlIj4NCiAgICAgIDxIZWFkZXJzPg0KICAgICAgICA8SGVhZGVyIE5hbWU9IkFjY2VwdCIgVmFsdWU9ImFwcGxpY2F0aW9uL2pzb24sIHRleHQvamF2YXNjcmlwdCwgKi8qOyBxPTAuMDEiIC8+DQogICAgICAgIDxIZWFkZXIgTmFtZT0iWC1SZXF1ZXN0ZWQtV2l0aCIgVmFsdWU9IlhNTEh0dHBSZXF1ZXN0IiAvPg0KICAgICAgICA8SGVhZGVyIE5hbWU9IlJlZmVyZXIiIFZhbHVlPSJodHRwOi8vbG9jYWxob3N0OjU4NTYxL05vdGVzL0xpc3QiIC8+DQogICAgICA8L0hlYWRlcnM+DQogICAgPC9SZXF1ZXN0Pg0KICAgIDxSZXF1ZXN0IE1ldGhvZD0iR0VUIiBHdWlkPSJmMzI5YWFmNi02MTU1LTQxNmQtYTg1ZS05MGIwOTQ4NDc3NDMiIFZlcnNpb249IjEuMSIgVXJsPSJodHRwOi8vbG9jYWxob3N0OjU4NTYxL05vdGVzL0Rvd25sb2FkLzQiIFRoaW5rVGltZT0iMiIgVGltZW91dD0iMzAwIiBQYXJzZURlcGVuZGVudFJlcXVlc3RzPSJUcnVlIiBGb2xsb3dSZWRpcmVjdHM9IlRydWUiIFJlY29yZFJlc3VsdD0iVHJ1ZSIgQ2FjaGU9IkZhbHNlIiBSZXNwb25zZVRpbWVHb2FsPSIwIiBFbmNvZGluZz0idXRmLTgiIEV4cGVjdGVkSHR0cFN0YXR1c0NvZGU9IjAiIEV4cGVjdGVkUmVzcG9uc2VVcmw9IiIgUmVwb3J0aW5nTmFtZT0iIiBJZ25vcmVIdHRwU3RhdHVzQ29kZT0iRmFsc2UiPg0KICAgICAgPEhlYWRlcnM+DQogICAgICAgIDxIZWFkZXIgTmFtZT0iUmVmZXJlciIgVmFsdWU9Imh0dHA6Ly9sb2NhbGhvc3Q6NTg1NjEvTm90ZXMvTGlzdCIgLz4NCiAgICAgIDwvSGVhZGVycz4NCiAgICAgIDxRdWVyeVN0cmluZ1BhcmFtZXRlcnM+DQogICAgICAgIDxRdWVyeVN0cmluZ1BhcmFtZXRlciBOYW1lPSJpZDIiIFZhbHVlPSIxMSIgUmVjb3JkZWRWYWx1ZT0iMTEiIENvcnJlbGF0aW9uQmluZGluZz0ie3tRdWVyeVN0cmluZ1BhcmFtODUuaWQyfX0iIFVybEVuY29kZT0iRmFsc2UiIFVzZVRvR3JvdXBSZXN1bHRzPSJGYWxzZSIgLz4NCiAgICAgIDwvUXVlcnlTdHJpbmdQYXJhbWV0ZXJzPg0KICAgIDwvUmVxdWVzdD4NCiAgICA8UmVxdWVzdCBNZXRob2Q9IkdFVCIgR3VpZD0iNzE3ZmM2YmUtN2E2Ny00ZmM2LTk4ZmEtOGFlZmFmZmJhZTQyIiBWZXJzaW9uPSIxLjEiIFVybD0iaHR0cDovL2xvY2FsaG9zdDo1ODU2MS9Ob3Rlcy9Eb3dubG9hZC8xMDA1IiBUaGlua1RpbWU9IjAiIFRpbWVvdXQ9IjMwMCIgUGFyc2VEZXBlbmRlbnRSZXF1ZXN0cz0iVHJ1ZSIgRm9sbG93UmVkaXJlY3RzPSJUcnVlIiBSZWNvcmRSZXN1bHQ9IlRydWUiIENhY2hlPSJGYWxzZSIgUmVzcG9uc2VUaW1lR29hbD0iMCIgRW5jb2Rpbmc9InV0Zi04IiBFeHBlY3RlZEh0dHBTdGF0dXNDb2RlPSIwIiBFeHBlY3RlZFJlc3BvbnNlVXJsPSIiIFJlcG9ydGluZ05hbWU9IiIgSWdub3JlSHR0cFN0YXR1c0NvZGU9IkZhbHNlIj4NCiAgICAgIDxIZWFkZXJzPg0KICAgICAgICA8SGVhZGVyIE5hbWU9IlJlZmVyZXIiIFZhbHVlPSJodHRwOi8vbG9jYWxob3N0OjU4NTYxL05vdGVzL0xpc3QiIC8+DQogICAgICA8L0hlYWRlcnM+DQogICAgICA8UXVlcnlTdHJpbmdQYXJhbWV0ZXJzPg0KICAgICAgICA8UXVlcnlTdHJpbmdQYXJhbWV0ZXIgTmFtZT0iaWQyIiBWYWx1ZT0iMTAxMSIgUmVjb3JkZWRWYWx1ZT0iMTAxMSIgQ29ycmVsYXRpb25CaW5kaW5nPSJ7e1F1ZXJ5U3RyaW5nUGFyYW04Ni5pZDJ9fSIgVXJsRW5jb2RlPSJGYWxzZSIgVXNlVG9Hcm91cFJlc3VsdHM9IkZhbHNlIiAvPg0KICAgICAgPC9RdWVyeVN0cmluZ1BhcmFtZXRlcnM+DQogICAgPC9SZXF1ZXN0Pg0KICAgIDxSZXF1ZXN0IE1ldGhvZD0iUE9TVCIgR3VpZD0iMGEyNmZlMDAtMTAwOC00MzE4LWI4OGYtZDA3NjZiZDYxMGY3IiBWZXJzaW9uPSIxLjEiIFVybD0iaHR0cDovL2xvY2FsaG9zdDoxNDU1OC9lZDAzMmE3OWI0OWQ0YTUxOTkwOTc0MWZmZmMxZWU1Ni9hcnRlcnlTaWduYWxSL2Fib3J0IiBUaGlua1RpbWU9IjAiIFRpbWVvdXQ9IjMwMCIgUGFyc2VEZXBlbmRlbnRSZXF1ZXN0cz0iVHJ1ZSIgRm9sbG93UmVkaXJlY3RzPSJUcnVlIiBSZWNvcmRSZXN1bHQ9IlRydWUiIENhY2hlPSJGYWxzZSIgUmVzcG9uc2VUaW1lR29hbD0iMCIgRW5jb2Rpbmc9InV0Zi04IiBFeHBlY3RlZEh0dHBTdGF0dXNDb2RlPSIwIiBFeHBlY3RlZFJlc3BvbnNlVXJsPSIiIFJlcG9ydGluZ05hbWU9IiIgSWdub3JlSHR0cFN0YXR1c0NvZGU9IkZhbHNlIj4NCiAgICAgIDxIZWFkZXJzPg0KICAgICAgICA8SGVhZGVyIE5hbWU9IkFjY2VwdCIgVmFsdWU9InRleHQvcGxhaW4sICovKjsgcT0wLjAxIiAvPg0KICAgICAgICA8SGVhZGVyIE5hbWU9IlJlZmVyZXIiIFZhbHVlPSJodHRwOi8vbG9jYWxob3N0OjU4NTYxL05vdGVzL0xpc3QiIC8+DQogICAgICA8L0hlYWRlcnM+DQogICAgICA8UXVlcnlTdHJpbmdQYXJhbWV0ZXJzPg0KICAgICAgICA8UXVlcnlTdHJpbmdQYXJhbWV0ZXIgTmFtZT0idHJhbnNwb3J0IiBWYWx1ZT0id2ViU29ja2V0cyIgUmVjb3JkZWRWYWx1ZT0id2ViU29ja2V0cyIgQ29ycmVsYXRpb25CaW5kaW5nPSIiIFVybEVuY29kZT0iRmFsc2UiIFVzZVRvR3JvdXBSZXN1bHRzPSJGYWxzZSIgLz4NCiAgICAgICAgPFF1ZXJ5U3RyaW5nUGFyYW1ldGVyIE5hbWU9ImNvbm5lY3Rpb25Ub2tlbiIgVmFsdWU9IkFRQUFBTkNNbmQ4QkZkRVJqSG9Bd0UlMkZDbCUyQnNCQUFBQVBnSUtnMUN0YWt5cUdsaGM5YzZwaFFBQUFBQUNBQUFBQUFBUVpnQUFBQUVBQUNBQUFBQU1qJTJGZ2ZPRXR3VnVpejUxYSUyQlU1SU12alo2VyUyRmJPa0lWbng2ckFEUkRoVGdBQUFBQU9nQUFBQUFJQUFDQUFBQUR1eGZDVzJleUl3R2pFdEVzSW40TlFNczR3clJ5TEpRNjJPZ1oyZGNCVTN6QUFBQUFVWXF6c21xWnJLSUZFRk1iTDFweFZwQlVpSjNLeXdSdE1KZlF5SVdLY2JZYXBEQXhHclg0dVk5JTJGVzZkbWNHamRBQUFBQUduU0kwSWJYc0U5RVFsTjYzeFQzdUMyelZZOGFTczZXaEM4MzZqSEozOWlnJTJGaHB0RkYxaG81QkxISGhVbU11eFBCYVNFemMzTEdnYTJlcHpXZFl6ZnclM0QlM0QiIFJlY29yZGVkVmFsdWU9IkFRQUFBTkNNbmQ4QkZkRVJqSG9Bd0UlMkZDbCUyQnNCQUFBQVBnSUtnMUN0YWt5cUdsaGM5YzZwaFFBQUFBQUNBQUFBQUFBUVpnQUFBQUVBQUNBQUFBQU1qJTJGZ2ZPRXR3VnVpejUxYSUyQlU1SU12alo2VyUyRmJPa0lWbng2ckFEUkRoVGdBQUFBQU9nQUFBQUFJQUFDQUFBQUR1eGZDVzJleUl3R2pFdEVzSW40TlFNczR3clJ5TEpRNjJPZ1oyZGNCVTN6QUFBQUFVWXF6c21xWnJLSUZFRk1iTDFweFZwQlVpSjNLeXdSdE1KZlF5SVdLY2JZYXBEQXhHclg0dVk5JTJGVzZkbWNHamRBQUFBQUduU0kwSWJYc0U5RVFsTjYzeFQzdUMyelZZOGFTczZXaEM4MzZqSEozOWlnJTJGaHB0RkYxaG81QkxISGhVbU11eFBCYVNFemMzTEdnYTJlcHpXZFl6ZnclM0QlM0QiIENvcnJlbGF0aW9uQmluZGluZz0iIiBVcmxFbmNvZGU9IkZhbHNlIiBVc2VUb0dyb3VwUmVzdWx0cz0iRmFsc2UiIC8+DQogICAgICAgIDxRdWVyeVN0cmluZ1BhcmFtZXRlciBOYW1lPSJyZXF1ZXN0VXJsIiBWYWx1ZT0iaHR0cCUzQSUyRiUyRmxvY2FsaG9zdCUzQTU4NTYxJTJGTm90ZXMlMkZMaXN0IiBSZWNvcmRlZFZhbHVlPSJodHRwJTNBJTJGJTJGbG9jYWxob3N0JTNBNTg1NjElMkZOb3RlcyUyRkxpc3QiIENvcnJlbGF0aW9uQmluZGluZz0iIiBVcmxFbmNvZGU9IkZhbHNlIiBVc2VUb0dyb3VwUmVzdWx0cz0iRmFsc2UiIC8+DQogICAgICAgIDxRdWVyeVN0cmluZ1BhcmFtZXRlciBOYW1lPSJicm93c2VyTmFtZSIgVmFsdWU9IkludGVybmV0RXhwbG9yZXIiIFJlY29yZGVkVmFsdWU9IkludGVybmV0RXhwbG9yZXIiIENvcnJlbGF0aW9uQmluZGluZz0iIiBVcmxFbmNvZGU9IkZhbHNlIiBVc2VUb0dyb3VwUmVzdWx0cz0iRmFsc2UiIC8+DQogICAgICA8L1F1ZXJ5U3RyaW5nUGFyYW1ldGVycz4NCiAgICAgIDxGb3JtUG9zdEh0dHBCb2R5IC8+DQogICAgPC9SZXF1ZXN0Pg0KICAgIDxSZXF1ZXN0IE1ldGhvZD0iUE9TVCIgR3VpZD0iOWI4MDY1ZTUtOTM1Zi00ZDc2LTkzMjAtYWNkYjdmNDQ3ZTEzIiBWZXJzaW9uPSIxLjEiIFVybD0iaHR0cDovL2xvY2FsaG9zdDoxNDU1OC9lZDAzMmE3OWI0OWQ0YTUxOTkwOTc0MWZmZmMxZWU1Ni9hcnRlcnlTaWduYWxSL25lZ290aWF0ZSIgVGhpbmtUaW1lPSIyIiBUaW1lb3V0PSIzMDAiIFBhcnNlRGVwZW5kZW50UmVxdWVzdHM9IlRydWUiIEZvbGxvd1JlZGlyZWN0cz0iVHJ1ZSIgUmVjb3JkUmVzdWx0PSJUcnVlIiBDYWNoZT0iRmFsc2UiIFJlc3BvbnNlVGltZUdvYWw9IjAiIEVuY29kaW5nPSJ1dGYtOCIgRXhwZWN0ZWRIdHRwU3RhdHVzQ29kZT0iMCIgRXhwZWN0ZWRSZXNwb25zZVVybD0iIiBSZXBvcnRpbmdOYW1lPSIiIElnbm9yZUh0dHBTdGF0dXNDb2RlPSJGYWxzZSI+DQogICAgICA8SGVhZGVycz4NCiAgICAgICAgPEhlYWRlciBOYW1lPSJDb250ZW50LVR5cGUiIFZhbHVlPSJhcHBsaWNhdGlvbi94LXd3dy1mb3JtLXVybGVuY29kZWQ7IGNoYXJzZXQ9VVRGLTgiIC8+DQogICAgICAgIDxIZWFkZXIgTmFtZT0iQWNjZXB0IiBWYWx1ZT0idGV4dC9wbGFpbiwgKi8qOyBxPTAuMDEiIC8+DQogICAgICAgIDxIZWFkZXIgTmFtZT0iUmVmZXJlciIgVmFsdWU9Imh0dHA6Ly9sb2NhbGhvc3Q6NTg1NjEvTm90ZXMvTGlzdD9jYXRlZ29yeT1DcnlwdG9ncmFwaHkmYW1wO3BhZ2U9MSIgLz4NCiAgICAgIDwvSGVhZGVycz4NCiAgICAgIDxRdWVyeVN0cmluZ1BhcmFtZXRlcnM+DQogICAgICAgIDxRdWVyeVN0cmluZ1BhcmFtZXRlciBOYW1lPSJyZXF1ZXN0VXJsIiBWYWx1ZT0iaHR0cCUzQSUyRiUyRmxvY2FsaG9zdCUzQTU4NTYxJTJGTm90ZXMlMkZMaXN0JTNGY2F0ZWdvcnklM0RDcnlwdG9ncmFwaHklMjZwYWdlJTNEMSIgUmVjb3JkZWRWYWx1ZT0iaHR0cCUzQSUyRiUyRmxvY2FsaG9zdCUzQTU4NTYxJTJGTm90ZXMlMkZMaXN0JTNGY2F0ZWdvcnklM0RDcnlwdG9ncmFwaHklMjZwYWdlJTNEMSIgQ29ycmVsYXRpb25CaW5kaW5nPSIiIFVybEVuY29kZT0iRmFsc2UiIFVzZVRvR3JvdXBSZXN1bHRzPSJGYWxzZSIgLz4NCiAgICAgICAgPFF1ZXJ5U3RyaW5nUGFyYW1ldGVyIE5hbWU9ImJyb3dzZXJOYW1lIiBWYWx1ZT0iSW50ZXJuZXRFeHBsb3JlciIgUmVjb3JkZWRWYWx1ZT0iSW50ZXJuZXRFeHBsb3JlciIgQ29ycmVsYXRpb25CaW5kaW5nPSIiIFVybEVuY29kZT0iRmFsc2UiIFVzZVRvR3JvdXBSZXN1bHRzPSJGYWxzZSIgLz4NCiAgICAgICAgPFF1ZXJ5U3RyaW5nUGFyYW1ldGVyIE5hbWU9ImNsaWVudFByb3RvY29sIiBWYWx1ZT0iMS4zIiBSZWNvcmRlZFZhbHVlPSIxLjMiIENvcnJlbGF0aW9uQmluZGluZz0iIiBVcmxFbmNvZGU9IkZhbHNlIiBVc2VUb0dyb3VwUmVzdWx0cz0iRmFsc2UiIC8+DQogICAgICAgIDxRdWVyeVN0cmluZ1BhcmFtZXRlciBOYW1lPSJfIiBWYWx1ZT0iMTQ4MTkwODQxOTg4OCIgUmVjb3JkZWRWYWx1ZT0iMTQ4MTkwODQxOTg4OCIgQ29ycmVsYXRpb25CaW5kaW5nPSIiIFVybEVuY29kZT0iRmFsc2UiIFVzZVRvR3JvdXBSZXN1bHRzPSJGYWxzZSIgLz4NCiAgICAgIDwvUXVlcnlTdHJpbmdQYXJhbWV0ZXJzPg0KICAgICAgPEZvcm1Qb3N0SHR0cEJvZHkgLz4NCiAgICA8L1JlcXVlc3Q+DQogICAgPFJlcXVlc3QgTWV0aG9kPSJHRVQiIEd1aWQ9IjBkMTgzNzUwLTA5MzUtNDRmMi1hODRjLTNiOWZjZGI3ZjhkNSIgVmVyc2lvbj0iMS4xIiBVcmw9Imh0dHA6Ly9sb2NhbGhvc3Q6NTg1NjEvTm90ZXMvRG93bmxvYWQvMjAwNSIgVGhpbmtUaW1lPSIwIiBUaW1lb3V0PSIzMDAiIFBhcnNlRGVwZW5kZW50UmVxdWVzdHM9IlRydWUiIEZvbGxvd1JlZGlyZWN0cz0iVHJ1ZSIgUmVjb3JkUmVzdWx0PSJUcnVlIiBDYWNoZT0iRmFsc2UiIFJlc3BvbnNlVGltZUdvYWw9IjAiIEVuY29kaW5nPSJ1dGYtOCIgRXhwZWN0ZWRIdHRwU3RhdHVzQ29kZT0iMCIgRXhwZWN0ZWRSZXNwb25zZVVybD0iIiBSZXBvcnRpbmdOYW1lPSIiIElnbm9yZUh0dHBTdGF0dXNDb2RlPSJGYWxzZSI+DQogICAgICA8SGVhZGVycz4NCiAgICAgICAgPEhlYWRlciBOYW1lPSJSZWZlcmVyIiBWYWx1ZT0iaHR0cDovL2xvY2FsaG9zdDo1ODU2MS9Ob3Rlcy9MaXN0P2NhdGVnb3J5PUNyeXB0b2dyYXBoeSZhbXA7cGFnZT0xIiAvPg0KICAgICAgPC9IZWFkZXJzPg0KICAgICAgPFF1ZXJ5U3RyaW5nUGFyYW1ldGVycz4NCiAgICAgICAgPFF1ZXJ5U3RyaW5nUGFyYW1ldGVyIE5hbWU9ImlkMiIgVmFsdWU9IjIwMTIiIFJlY29yZGVkVmFsdWU9IjIwMTIiIENvcnJlbGF0aW9uQmluZGluZz0ie3tRdWVyeVN0cmluZ1BhcmFtMy5pZDJ9fSIgVXJsRW5jb2RlPSJGYWxzZSIgVXNlVG9Hcm91cFJlc3VsdHM9IkZhbHNlIiAvPg0KICAgICAgPC9RdWVyeVN0cmluZ1BhcmFtZXRlcnM+DQogICAgPC9SZXF1ZXN0Pg0KICAgIDxSZXF1ZXN0IE1ldGhvZD0iR0VUIiBHdWlkPSI2NjNmOTNlYy04YjFlLTRkN2YtOWQ5YS1kZTRkMDgyMzQ4NjYiIFZlcnNpb249IjEuMSIgVXJsPSJodHRwOi8vbG9jYWxob3N0OjE0NTU4L2VkMDMyYTc5YjQ5ZDRhNTE5OTA5NzQxZmZmYzFlZTU2L2FydGVyeVNpZ25hbFIvY29ubmVjdCIgVGhpbmtUaW1lPSIwIiBUaW1lb3V0PSIzMDAiIFBhcnNlRGVwZW5kZW50UmVxdWVzdHM9IlRydWUiIEZvbGxvd1JlZGlyZWN0cz0iVHJ1ZSIgUmVjb3JkUmVzdWx0PSJUcnVlIiBDYWNoZT0iRmFsc2UiIFJlc3BvbnNlVGltZUdvYWw9IjAiIEVuY29kaW5nPSJ1dGYtOCIgRXhwZWN0ZWRIdHRwU3RhdHVzQ29kZT0iMCIgRXhwZWN0ZWRSZXNwb25zZVVybD0iIiBSZXBvcnRpbmdOYW1lPSIiIElnbm9yZUh0dHBTdGF0dXNDb2RlPSJGYWxzZSI+DQogICAgICA8UXVlcnlTdHJpbmdQYXJhbWV0ZXJzPg0KICAgICAgICA8UXVlcnlTdHJpbmdQYXJhbWV0ZXIgTmFtZT0idHJhbnNwb3J0IiBWYWx1ZT0id2ViU29ja2V0cyIgUmVjb3JkZWRWYWx1ZT0id2ViU29ja2V0cyIgQ29ycmVsYXRpb25CaW5kaW5nPSIiIFVybEVuY29kZT0iRmFsc2UiIFVzZVRvR3JvdXBSZXN1bHRzPSJGYWxzZSIgLz4NCiAgICAgICAgPFF1ZXJ5U3RyaW5nUGFyYW1ldGVyIE5hbWU9ImNvbm5lY3Rpb25Ub2tlbiIgVmFsdWU9IkFRQUFBTkNNbmQ4QkZkRVJqSG9Bd0UlMkZDbCUyQnNCQUFBQVBnSUtnMUN0YWt5cUdsaGM5YzZwaFFBQUFBQUNBQUFBQUFBUVpnQUFBQUVBQUNBQUFBRCUyQkowbkp1U09KN3lyTHJVUzNFQkdyYjkwNWVOS3c1bDFxY2lkWU5lRmlsQUFBQUFBT2dBQUFBQUlBQUNBQUFBQmszU3lJJTJGZnNWYWN4OHAxSmNxdEdFOEw5czhSc09IY3Q1YjNCSWVJOWVCekFBQUFDZ0Q3TzcyRDNQOFN3NjhmM0t0NXZrczgzOWYwN0g3bHRKSnhvY0kwMHFLOTlYM3Y2TCUyQlN0NW0wSFI4djRCaVk5QUFBQUFSSjFQQyUyQjlMbmxSa0dLNGZaejl0c1NCRFdJSlBaNGd3UmZyZ1RUa3IxUCUyQjFud3B1bzBtdXlWc21FeUFlemlzSVcwM0t4NEdlTWY2NXQ5aU9BMiUyRnFrQSUzRCUzRCIgUmVjb3JkZWRWYWx1ZT0iQVFBQUFOQ01uZDhCRmRFUmpIb0F3RSUyRkNsJTJCc0JBQUFBUGdJS2cxQ3Rha3lxR2xoYzljNnBoUUFBQUFBQ0FBQUFBQUFRWmdBQUFBRUFBQ0FBQUFEJTJCSjBuSnVTT0o3eXJMclVTM0VCR3JiOTA1ZU5LdzVsMXFjaWRZTmVGaWxBQUFBQUFPZ0FBQUFBSUFBQ0FBQUFCazNTeUklMkZmc1ZhY3g4cDFKY3F0R0U4TDlzOFJzT0hjdDViM0JJZUk5ZUJ6QUFBQUNnRDdPNzJEM1A4U3c2OGYzS3Q1dmtzODM5ZjA3SDdsdEpKeG9jSTAwcUs5OVgzdjZMJTJCU3Q1bTBIUjh2NEJpWTlBQUFBQVJKMVBDJTJCOUxubFJrR0s0Zlp6OXRzU0JEV0lKUFo0Z3dSZnJnVFRrcjFQJTJCMW53cHVvMG11eVZzbUV5QWV6aXNJVzAzS3g0R2VNZjY1dDlpT0EyJTJGcWtBJTNEJTNEIiBDb3JyZWxhdGlvbkJpbmRpbmc9IiIgVXJsRW5jb2RlPSJGYWxzZSIgVXNlVG9Hcm91cFJlc3VsdHM9IkZhbHNlIiAvPg0KICAgICAgICA8UXVlcnlTdHJpbmdQYXJhbWV0ZXIgTmFtZT0icmVxdWVzdFVybCIgVmFsdWU9Imh0dHAlM0ElMkYlMkZsb2NhbGhvc3QlM0E1ODU2MSUyRk5vdGVzJTJGTGlzdCUzRmNhdGVnb3J5JTNEQ3J5cHRvZ3JhcGh5JTI2cGFnZSUzRDEiIFJlY29yZGVkVmFsdWU9Imh0dHAlM0ElMkYlMkZsb2NhbGhvc3QlM0E1ODU2MSUyRk5vdGVzJTJGTGlzdCUzRmNhdGVnb3J5JTNEQ3J5cHRvZ3JhcGh5JTI2cGFnZSUzRDEiIENvcnJlbGF0aW9uQmluZGluZz0iIiBVcmxFbmNvZGU9IkZhbHNlIiBVc2VUb0dyb3VwUmVzdWx0cz0iRmFsc2UiIC8+DQogICAgICAgIDxRdWVyeVN0cmluZ1BhcmFtZXRlciBOYW1lPSJicm93c2VyTmFtZSIgVmFsdWU9IkludGVybmV0RXhwbG9yZXIiIFJlY29yZGVkVmFsdWU9IkludGVybmV0RXhwbG9yZXIiIENvcnJlbGF0aW9uQmluZGluZz0iIiBVcmxFbmNvZGU9IkZhbHNlIiBVc2VUb0dyb3VwUmVzdWx0cz0iRmFsc2UiIC8+DQogICAgICAgIDxRdWVyeVN0cmluZ1BhcmFtZXRlciBOYW1lPSJ0aWQiIFZhbHVlPSI2IiBSZWNvcmRlZFZhbHVlPSI2IiBDb3JyZWxhdGlvbkJpbmRpbmc9IiIgVXJsRW5jb2RlPSJGYWxzZSIgVXNlVG9Hcm91cFJlc3VsdHM9IkZhbHNlIiAvPg0KICAgICAgPC9RdWVyeVN0cmluZ1BhcmFtZXRlcnM+DQogICAgPC9SZXF1ZXN0Pg0KICAgIDxSZXF1ZXN0IE1ldGhvZD0iR0VUIiBHdWlkPSJmM2NkMWVmNC0xNmRiLTQ4OGQtOTNlMS0wOTA2YzlkMzY4ZGYiIFZlcnNpb249IjEuMSIgVXJsPSJodHRwOi8vbG9jYWxob3N0OjU4NTYxL19fYnJvd3NlckxpbmsvcmVxdWVzdERhdGEvY2FmMzg0YTgyMTc0NGFmZGJkMDU4ZWE3MTA3ZGI5YzEiIFRoaW5rVGltZT0iMSIgVGltZW91dD0iMzAwIiBQYXJzZURlcGVuZGVudFJlcXVlc3RzPSJUcnVlIiBGb2xsb3dSZWRpcmVjdHM9IlRydWUiIFJlY29yZFJlc3VsdD0iVHJ1ZSIgQ2FjaGU9IkZhbHNlIiBSZXNwb25zZVRpbWVHb2FsPSIwIiBFbmNvZGluZz0idXRmLTgiIEV4cGVjdGVkSHR0cFN0YXR1c0NvZGU9IjAiIEV4cGVjdGVkUmVzcG9uc2VVcmw9IiIgUmVwb3J0aW5nTmFtZT0iIiBJZ25vcmVIdHRwU3RhdHVzQ29kZT0iRmFsc2UiPg0KICAgICAgPEhlYWRlcnM+DQogICAgICAgIDxIZWFkZXIgTmFtZT0iQWNjZXB0IiBWYWx1ZT0iYXBwbGljYXRpb24vanNvbiwgdGV4dC9qYXZhc2NyaXB0LCAqLyo7IHE9MC4wMSIgLz4NCiAgICAgICAgPEhlYWRlciBOYW1lPSJYLVJlcXVlc3RlZC1XaXRoIiBWYWx1ZT0iWE1MSHR0cFJlcXVlc3QiIC8+DQogICAgICAgIDxIZWFkZXIgTmFtZT0iUmVmZXJlciIgVmFsdWU9Imh0dHA6Ly9sb2NhbGhvc3Q6NTg1NjEvTm90ZXMvTGlzdD9jYXRlZ29yeT1DcnlwdG9ncmFwaHkmYW1wO3BhZ2U9MSIgLz4NCiAgICAgIDwvSGVhZGVycz4NCiAgICA8L1JlcXVlc3Q+DQogICAgPFJlcXVlc3QgTWV0aG9kPSJQT1NUIiBHdWlkPSJmYWZhNTk3OS1iZTM5LTQ3ODItYjcxMC1mOGExMDJhYTM5YmEiIFZlcnNpb249IjEuMSIgVXJsPSJodHRwOi8vbG9jYWxob3N0OjE0NTU4L2VkMDMyYTc5YjQ5ZDRhNTE5OTA5NzQxZmZmYzFlZTU2L2FydGVyeVNpZ25hbFIvYWJvcnQiIFRoaW5rVGltZT0iNCIgVGltZW91dD0iMzAwIiBQYXJzZURlcGVuZGVudFJlcXVlc3RzPSJUcnVlIiBGb2xsb3dSZWRpcmVjdHM9IlRydWUiIFJlY29yZFJlc3VsdD0iVHJ1ZSIgQ2FjaGU9IkZhbHNlIiBSZXNwb25zZVRpbWVHb2FsPSIwIiBFbmNvZGluZz0idXRmLTgiIEV4cGVjdGVkSHR0cFN0YXR1c0NvZGU9IjAiIEV4cGVjdGVkUmVzcG9uc2VVcmw9IiIgUmVwb3J0aW5nTmFtZT0iIiBJZ25vcmVIdHRwU3RhdHVzQ29kZT0iRmFsc2UiPg0KICAgICAgPEhlYWRlcnM+DQogICAgICAgIDxIZWFkZXIgTmFtZT0iQWNjZXB0IiBWYWx1ZT0idGV4dC9wbGFpbiwgKi8qOyBxPTAuMDEiIC8+DQogICAgICAgIDxIZWFkZXIgTmFtZT0iUmVmZXJlciIgVmFsdWU9Imh0dHA6Ly9sb2NhbGhvc3Q6NTg1NjEvTm90ZXMvTGlzdD9jYXRlZ29yeT1DcnlwdG9ncmFwaHkmYW1wO3BhZ2U9MSIgLz4NCiAgICAgIDwvSGVhZGVycz4NCiAgICAgIDxRdWVyeVN0cmluZ1BhcmFtZXRlcnM+DQogICAgICAgIDxRdWVyeVN0cmluZ1BhcmFtZXRlciBOYW1lPSJ0cmFuc3BvcnQiIFZhbHVlPSJ3ZWJTb2NrZXRzIiBSZWNvcmRlZFZhbHVlPSJ3ZWJTb2NrZXRzIiBDb3JyZWxhdGlvbkJpbmRpbmc9IiIgVXJsRW5jb2RlPSJGYWxzZSIgVXNlVG9Hcm91cFJlc3VsdHM9IkZhbHNlIiAvPg0KICAgICAgICA8UXVlcnlTdHJpbmdQYXJhbWV0ZXIgTmFtZT0iY29ubmVjdGlvblRva2VuIiBWYWx1ZT0iQVFBQUFOQ01uZDhCRmRFUmpIb0F3RSUyRkNsJTJCc0JBQUFBUGdJS2cxQ3Rha3lxR2xoYzljNnBoUUFBQUFBQ0FBQUFBQUFRWmdBQUFBRUFBQ0FBQUFEJTJCSjBuSnVTT0o3eXJMclVTM0VCR3JiOTA1ZU5LdzVsMXFjaWRZTmVGaWxBQUFBQUFPZ0FBQUFBSUFBQ0FBQUFCazNTeUklMkZmc1ZhY3g4cDFKY3F0R0U4TDlzOFJzT0hjdDViM0JJZUk5ZUJ6QUFBQUNnRDdPNzJEM1A4U3c2OGYzS3Q1dmtzODM5ZjA3SDdsdEpKeG9jSTAwcUs5OVgzdjZMJTJCU3Q1bTBIUjh2NEJpWTlBQUFBQVJKMVBDJTJCOUxubFJrR0s0Zlp6OXRzU0JEV0lKUFo0Z3dSZnJnVFRrcjFQJTJCMW53cHVvMG11eVZzbUV5QWV6aXNJVzAzS3g0R2VNZjY1dDlpT0EyJTJGcWtBJTNEJTNEIiBSZWNvcmRlZFZhbHVlPSJBUUFBQU5DTW5kOEJGZEVSakhvQXdFJTJGQ2wlMkJzQkFBQUFQZ0lLZzFDdGFreXFHbGhjOWM2cGhRQUFBQUFDQUFBQUFBQVFaZ0FBQUFFQUFDQUFBQUQlMkJKMG5KdVNPSjd5ckxyVVMzRUJHcmI5MDVlTkt3NWwxcWNpZFlOZUZpbEFBQUFBQU9nQUFBQUFJQUFDQUFBQUJrM1N5SSUyRmZzVmFjeDhwMUpjcXRHRThMOXM4UnNPSGN0NWIzQkllSTllQnpBQUFBQ2dEN083MkQzUDhTdzY4ZjNLdDV2a3M4MzlmMDdIN2x0Skp4b2NJMDBxSzk5WDN2NkwlMkJTdDVtMEhSOHY0QmlZOUFBQUFBUkoxUEMlMkI5TG5sUmtHSzRmWno5dHNTQkRXSUpQWjRnd1JmcmdUVGtyMVAlMkIxbndwdW8wbXV5VnNtRXlBZXppc0lXMDNLeDRHZU1mNjV0OWlPQTIlMkZxa0ElM0QlM0QiIENvcnJlbGF0aW9uQmluZGluZz0iIiBVcmxFbmNvZGU9IkZhbHNlIiBVc2VUb0dyb3VwUmVzdWx0cz0iRmFsc2UiIC8+DQogICAgICAgIDxRdWVyeVN0cmluZ1BhcmFtZXRlciBOYW1lPSJyZXF1ZXN0VXJsIiBWYWx1ZT0iaHR0cCUzQSUyRiUyRmxvY2FsaG9zdCUzQTU4NTYxJTJGTm90ZXMlMkZMaXN0JTNGY2F0ZWdvcnklM0RDcnlwdG9ncmFwaHklMjZwYWdlJTNEMSIgUmVjb3JkZWRWYWx1ZT0iaHR0cCUzQSUyRiUyRmxvY2FsaG9zdCUzQTU4NTYxJTJGTm90ZXMlMkZMaXN0JTNGY2F0ZWdvcnklM0RDcnlwdG9ncmFwaHklMjZwYWdlJTNEMSIgQ29ycmVsYXRpb25CaW5kaW5nPSIiIFVybEVuY29kZT0iRmFsc2UiIFVzZVRvR3JvdXBSZXN1bHRzPSJGYWxzZSIgLz4NCiAgICAgICAgPFF1ZXJ5U3RyaW5nUGFyYW1ldGVyIE5hbWU9ImJyb3dzZXJOYW1lIiBWYWx1ZT0iSW50ZXJuZXRFeHBsb3JlciIgUmVjb3JkZWRWYWx1ZT0iSW50ZXJuZXRFeHBsb3JlciIgQ29ycmVsYXRpb25CaW5kaW5nPSIiIFVybEVuY29kZT0iRmFsc2UiIFVzZVRvR3JvdXBSZXN1bHRzPSJGYWxzZSIgLz4NCiAgICAgIDwvUXVlcnlTdHJpbmdQYXJhbWV0ZXJzPg0KICAgICAgPEZvcm1Qb3N0SHR0cEJvZHkgLz4NCiAgICA8L1JlcXVlc3Q+DQogICAgPFJlcXVlc3QgTWV0aG9kPSJHRVQiIEd1aWQ9IjhhMWQyODBjLTRmZGMtNDJlZC04ZWQzLTA3YTE0ODU1ZmNkMiIgVmVyc2lvbj0iMS4xIiBVcmw9Imh0dHA6Ly9sb2NhbGhvc3Q6NTg1NjEvTm90ZXMvTGlzdCIgVGhpbmtUaW1lPSIwIiBUaW1lb3V0PSIzMDAiIFBhcnNlRGVwZW5kZW50UmVxdWVzdHM9IlRydWUiIEZvbGxvd1JlZGlyZWN0cz0iVHJ1ZSIgUmVjb3JkUmVzdWx0PSJUcnVlIiBDYWNoZT0iRmFsc2UiIFJlc3BvbnNlVGltZUdvYWw9IjAiIEVuY29kaW5nPSJXaW5kb3dzLTEyNTIiIEV4cGVjdGVkSHR0cFN0YXR1c0NvZGU9IjAiIEV4cGVjdGVkUmVzcG9uc2VVcmw9IiIgUmVwb3J0aW5nTmFtZT0iIiBJZ25vcmVIdHRwU3RhdHVzQ29kZT0iRmFsc2UiPg0KICAgICAgPEhlYWRlcnM+DQogICAgICAgIDxIZWFkZXIgTmFtZT0iUmVmZXJlciIgVmFsdWU9Imh0dHA6Ly9sb2NhbGhvc3Q6NTg1NjEvTm90ZXMvTGlzdCIgLz4NCiAgICAgIDwvSGVhZGVycz4NCiAgICAgIDxDb3JyZWxhdGlvbkV4dHJhY3Rpb25SdWxlcz4NCiAgICAgICAgPEV4dHJhY3Rpb25SdWxlIENsYXNzbmFtZT0iTWljcm9zb2Z0LlZpc3VhbFN0dWRpby5UZXN0VG9vbHMuV2ViVGVzdGluZy5SdWxlcy5FeHRyYWN0VGV4dCwgTWljcm9zb2Z0LlZpc3VhbFN0dWRpby5RdWFsaXR5VG9vbHMuV2ViVGVzdEZyYW1ld29yaywgVmVyc2lvbj0xMC4wLjAuMCwgQ3VsdHVyZT1uZXV0cmFsLCBQdWJsaWNLZXlUb2tlbj1iMDNmNWY3ZjExZDUwYTNhIiBWYXJpYWJsZU5hbWU9IlF1ZXJ5U3RyaW5nUGFyYW0xLmNhdGVnb3J5IiBEaXNwbGF5TmFtZT0iIiBEZXNjcmlwdGlvbj0iIj4NCiAgICAgICAgICA8UnVsZVBhcmFtZXRlcnM+DQogICAgICAgICAgICA8UnVsZVBhcmFtZXRlciBOYW1lPSJTdGFydHNXaXRoIiBWYWx1ZT0iP2NhdGVnb3J5PSIgLz4NCiAgICAgICAgICAgIDxSdWxlUGFyYW1ldGVyIE5hbWU9IkVuZHNXaXRoIiBWYWx1ZT0iJmFtcDsiIC8+DQogICAgICAgICAgICA8UnVsZVBhcmFtZXRlciBOYW1lPSJJbmRleCIgVmFsdWU9IjEiIC8+DQogICAgICAgICAgICA8UnVsZVBhcmFtZXRlciBOYW1lPSJJZ25vcmVDYXNlIiBWYWx1ZT0iRmFsc2UiIC8+DQogICAgICAgICAgICA8UnVsZVBhcmFtZXRlciBOYW1lPSJVc2VSZWd1bGFyRXhwcmVzc2lvbiIgVmFsdWU9IkZhbHNlIiAvPg0KICAgICAgICAgICAgPFJ1bGVQYXJhbWV0ZXIgTmFtZT0iSHRtbERlY29kZSIgVmFsdWU9IlRydWUiIC8+DQogICAgICAgICAgICA8UnVsZVBhcmFtZXRlciBOYW1lPSJSZXF1aXJlZCIgVmFsdWU9IkZhbHNlIiAvPg0KICAgICAgICAgIDwvUnVsZVBhcmFtZXRlcnM+DQogICAgICAgIDwvRXh0cmFjdGlvblJ1bGU+DQogICAgICAgIDxFeHRyYWN0aW9uUnVsZSBDbGFzc25hbWU9Ik1pY3Jvc29mdC5WaXN1YWxTdHVkaW8uVGVzdFRvb2xzLldlYlRlc3RpbmcuUnVsZXMuRXh0cmFjdFRleHQsIE1pY3Jvc29mdC5WaXN1YWxTdHVkaW8uUXVhbGl0eVRvb2xzLldlYlRlc3RGcmFtZXdvcmssIFZlcnNpb249MTAuMC4wLjAsIEN1bHR1cmU9bmV1dHJhbCwgUHVibGljS2V5VG9rZW49YjAzZjVmN2YxMWQ1MGEzYSIgVmFyaWFibGVOYW1lPSJRdWVyeVN0cmluZ1BhcmFtMi5wYWdlIiBEaXNwbGF5TmFtZT0iIiBEZXNjcmlwdGlvbj0iIj4NCiAgICAgICAgICA8UnVsZVBhcmFtZXRlcnM+DQogICAgICAgICAgICA8UnVsZVBhcmFtZXRlciBOYW1lPSJTdGFydHNXaXRoIiBWYWx1ZT0iJmFtcDthbXA7cGFnZT0iIC8+DQogICAgICAgICAgICA8UnVsZVBhcmFtZXRlciBOYW1lPSJFbmRzV2l0aCIgVmFsdWU9IiZxdW90OyIgLz4NCiAgICAgICAgICAgIDxSdWxlUGFyYW1ldGVyIE5hbWU9IkluZGV4IiBWYWx1ZT0iMSIgLz4NCiAgICAgICAgICAgIDxSdWxlUGFyYW1ldGVyIE5hbWU9Iklnbm9yZUNhc2UiIFZhbHVlPSJGYWxzZSIgLz4NCiAgICAgICAgICAgIDxSdWxlUGFyYW1ldGVyIE5hbWU9IlVzZVJlZ3VsYXJFeHByZXNzaW9uIiBWYWx1ZT0iRmFsc2UiIC8+DQogICAgICAgICAgICA8UnVsZVBhcmFtZXRlciBOYW1lPSJIdG1sRGVjb2RlIiBWYWx1ZT0iVHJ1ZSIgLz4NCiAgICAgICAgICAgIDxSdWxlUGFyYW1ldGVyIE5hbWU9IlJlcXVpcmVkIiBWYWx1ZT0iRmFsc2UiIC8+DQogICAgICAgICAgPC9SdWxlUGFyYW1ldGVycz4NCiAgICAgICAgPC9FeHRyYWN0aW9uUnVsZT4NCiAgICAgICAgPEV4dHJhY3Rpb25SdWxlIENsYXNzbmFtZT0iTWljcm9zb2Z0LlZpc3VhbFN0dWRpby5UZXN0VG9vbHMuV2ViVGVzdGluZy5SdWxlcy5FeHRyYWN0VGV4dCwgTWljcm9zb2Z0LlZpc3VhbFN0dWRpby5RdWFsaXR5VG9vbHMuV2ViVGVzdEZyYW1ld29yaywgVmVyc2lvbj0xMC4wLjAuMCwgQ3VsdHVyZT1uZXV0cmFsLCBQdWJsaWNLZXlUb2tlbj1iMDNmNWY3ZjExZDUwYTNhIiBWYXJpYWJsZU5hbWU9IlF1ZXJ5U3RyaW5nUGFyYW0yMTYuaWQyIiBEaXNwbGF5TmFtZT0iIiBEZXNjcmlwdGlvbj0iIj4NCiAgICAgICAgICA8UnVsZVBhcmFtZXRlcnM+DQogICAgICAgICAgICA8UnVsZVBhcmFtZXRlciBOYW1lPSJTdGFydHNXaXRoIiBWYWx1ZT0iP2lkMj0iIC8+DQogICAgICAgICAgICA8UnVsZVBhcmFtZXRlciBOYW1lPSJFbmRzV2l0aCIgVmFsdWU9IiZxdW90OyIgLz4NCiAgICAgICAgICAgIDxSdWxlUGFyYW1ldGVyIE5hbWU9IkluZGV4IiBWYWx1ZT0iMCIgLz4NCiAgICAgICAgICAgIDxSdWxlUGFyYW1ldGVyIE5hbWU9Iklnbm9yZUNhc2UiIFZhbHVlPSJGYWxzZSIgLz4NCiAgICAgICAgICAgIDxSdWxlUGFyYW1ldGVyIE5hbWU9IlVzZVJlZ3VsYXJFeHByZXNzaW9uIiBWYWx1ZT0iRmFsc2UiIC8+DQogICAgICAgICAgICA8UnVsZVBhcmFtZXRlciBOYW1lPSJIdG1sRGVjb2RlIiBWYWx1ZT0iVHJ1ZSIgLz4NCiAgICAgICAgICAgIDxSdWxlUGFyYW1ldGVyIE5hbWU9IlJlcXVpcmVkIiBWYWx1ZT0iRmFsc2UiIC8+DQogICAgICAgICAgPC9SdWxlUGFyYW1ldGVycz4NCiAgICAgICAgPC9FeHRyYWN0aW9uUnVsZT4NCiAgICAgIDwvQ29ycmVsYXRpb25FeHRyYWN0aW9uUnVsZXM+DQogICAgICA8UXVlcnlTdHJpbmdQYXJhbWV0ZXJzPg0KICAgICAgICA8UXVlcnlTdHJpbmdQYXJhbWV0ZXIgTmFtZT0iY2F0ZWdvcnkiIFZhbHVlPSJDcnlwdG9ncmFwaHkiIFJlY29yZGVkVmFsdWU9IkNyeXB0b2dyYXBoeSIgQ29ycmVsYXRpb25CaW5kaW5nPSJ7e1F1ZXJ5U3RyaW5nUGFyYW0xNjIuY2F0ZWdvcnl9fSIgVXJsRW5jb2RlPSJGYWxzZSIgVXNlVG9Hcm91cFJlc3VsdHM9IkZhbHNlIiAvPg0KICAgICAgICA8UXVlcnlTdHJpbmdQYXJhbWV0ZXIgTmFtZT0icGFnZSIgVmFsdWU9IjEiIFJlY29yZGVkVmFsdWU9IjEiIENvcnJlbGF0aW9uQmluZGluZz0ie3tRdWVyeVN0cmluZ1BhcmFtMTYzLnBhZ2V9fSIgVXJsRW5jb2RlPSJGYWxzZSIgVXNlVG9Hcm91cFJlc3VsdHM9IkZhbHNlIiAvPg0KICAgICAgPC9RdWVyeVN0cmluZ1BhcmFtZXRlcnM+DQogICAgPC9SZXF1ZXN0Pg0KICAgIDxSZXF1ZXN0IE1ldGhvZD0iUE9TVCIgR3VpZD0iYjYzNTZiYTUtYTljZS00ZTRjLWI0OTMtY2FlNWIyNmEzNTY3IiBWZXJzaW9uPSIxLjEiIFVybD0iaHR0cDovL2xvY2FsaG9zdDoxNDU1OC9lZDAzMmE3OWI0OWQ0YTUxOTkwOTc0MWZmZmMxZWU1Ni9hcnRlcnlTaWduYWxSL25lZ290aWF0ZSIgVGhpbmtUaW1lPSIwIiBUaW1lb3V0PSIzMDAiIFBhcnNlRGVwZW5kZW50UmVxdWVzdHM9IlRydWUiIEZvbGxvd1JlZGlyZWN0cz0iVHJ1ZSIgUmVjb3JkUmVzdWx0PSJUcnVlIiBDYWNoZT0iRmFsc2UiIFJlc3BvbnNlVGltZUdvYWw9IjAiIEVuY29kaW5nPSJ1dGYtOCIgRXhwZWN0ZWRIdHRwU3RhdHVzQ29kZT0iMCIgRXhwZWN0ZWRSZXNwb25zZVVybD0iIiBSZXBvcnRpbmdOYW1lPSIiIElnbm9yZUh0dHBTdGF0dXNDb2RlPSJGYWxzZSI+DQogICAgICA8SGVhZGVycz4NCiAgICAgICAgPEhlYWRlciBOYW1lPSJDb250ZW50LVR5cGUiIFZhbHVlPSJhcHBsaWNhdGlvbi94LXd3dy1mb3JtLXVybGVuY29kZWQ7IGNoYXJzZXQ9VVRGLTgiIC8+DQogICAgICAgIDxIZWFkZXIgTmFtZT0iQWNjZXB0IiBWYWx1ZT0idGV4dC9wbGFpbiwgKi8qOyBxPTAuMDEiIC8+DQogICAgICAgIDxIZWFkZXIgTmFtZT0iUmVmZXJlciIgVmFsdWU9Imh0dHA6Ly9sb2NhbGhvc3Q6NTg1NjEvTm90ZXMvTGlzdD9jYXRlZ29yeT1DcnlwdG9ncmFwaHkmYW1wO3BhZ2U9MSIgLz4NCiAgICAgIDwvSGVhZGVycz4NCiAgICAgIDxRdWVyeVN0cmluZ1BhcmFtZXRlcnM+DQogICAgICAgIDxRdWVyeVN0cmluZ1BhcmFtZXRlciBOYW1lPSJyZXF1ZXN0VXJsIiBWYWx1ZT0iaHR0cCUzQSUyRiUyRmxvY2FsaG9zdCUzQTU4NTYxJTJGTm90ZXMlMkZMaXN0JTNGY2F0ZWdvcnklM0RDcnlwdG9ncmFwaHklMjZwYWdlJTNEMSIgUmVjb3JkZWRWYWx1ZT0iaHR0cCUzQSUyRiUyRmxvY2FsaG9zdCUzQTU4NTYxJTJGTm90ZXMlMkZMaXN0JTNGY2F0ZWdvcnklM0RDcnlwdG9ncmFwaHklMjZwYWdlJTNEMSIgQ29ycmVsYXRpb25CaW5kaW5nPSIiIFVybEVuY29kZT0iRmFsc2UiIFVzZVRvR3JvdXBSZXN1bHRzPSJGYWxzZSIgLz4NCiAgICAgICAgPFF1ZXJ5U3RyaW5nUGFyYW1ldGVyIE5hbWU9ImJyb3dzZXJOYW1lIiBWYWx1ZT0iSW50ZXJuZXRFeHBsb3JlciIgUmVjb3JkZWRWYWx1ZT0iSW50ZXJuZXRFeHBsb3JlciIgQ29ycmVsYXRpb25CaW5kaW5nPSIiIFVybEVuY29kZT0iRmFsc2UiIFVzZVRvR3JvdXBSZXN1bHRzPSJGYWxzZSIgLz4NCiAgICAgICAgPFF1ZXJ5U3RyaW5nUGFyYW1ldGVyIE5hbWU9ImNsaWVudFByb3RvY29sIiBWYWx1ZT0iMS4zIiBSZWNvcmRlZFZhbHVlPSIxLjMiIENvcnJlbGF0aW9uQmluZGluZz0iIiBVcmxFbmNvZGU9IkZhbHNlIiBVc2VUb0dyb3VwUmVzdWx0cz0iRmFsc2UiIC8+DQogICAgICAgIDxRdWVyeVN0cmluZ1BhcmFtZXRlciBOYW1lPSJfIiBWYWx1ZT0iMTQ4MTkwODQyNjY3NCIgUmVjb3JkZWRWYWx1ZT0iMTQ4MTkwODQyNjY3NCIgQ29ycmVsYXRpb25CaW5kaW5nPSIiIFVybEVuY29kZT0iRmFsc2UiIFVzZVRvR3JvdXBSZXN1bHRzPSJGYWxzZSIgLz4NCiAgICAgIDwvUXVlcnlTdHJpbmdQYXJhbWV0ZXJzPg0KICAgICAgPEZvcm1Qb3N0SHR0cEJvZHkgLz4NCiAgICA8L1JlcXVlc3Q+DQogICAgPFJlcXVlc3QgTWV0aG9kPSJHRVQiIEd1aWQ9ImI0MTM1YWM4LWJhMTEtNGE1OC04ZmVkLTk3YmFiZDA1NTMxNSIgVmVyc2lvbj0iMS4xIiBVcmw9Imh0dHA6Ly9sb2NhbGhvc3Q6MTQ1NTgvZWQwMzJhNzliNDlkNGE1MTk5MDk3NDFmZmZjMWVlNTYvYXJ0ZXJ5U2lnbmFsUi9jb25uZWN0IiBUaGlua1RpbWU9IjAiIFRpbWVvdXQ9IjMwMCIgUGFyc2VEZXBlbmRlbnRSZXF1ZXN0cz0iVHJ1ZSIgRm9sbG93UmVkaXJlY3RzPSJUcnVlIiBSZWNvcmRSZXN1bHQ9IlRydWUiIENhY2hlPSJGYWxzZSIgUmVzcG9uc2VUaW1lR29hbD0iMCIgRW5jb2Rpbmc9InV0Zi04IiBFeHBlY3RlZEh0dHBTdGF0dXNDb2RlPSIwIiBFeHBlY3RlZFJlc3BvbnNlVXJsPSIiIFJlcG9ydGluZ05hbWU9IiIgSWdub3JlSHR0cFN0YXR1c0NvZGU9IkZhbHNlIj4NCiAgICAgIDxRdWVyeVN0cmluZ1BhcmFtZXRlcnM+DQogICAgICAgIDxRdWVyeVN0cmluZ1BhcmFtZXRlciBOYW1lPSJ0cmFuc3BvcnQiIFZhbHVlPSJ3ZWJTb2NrZXRzIiBSZWNvcmRlZFZhbHVlPSJ3ZWJTb2NrZXRzIiBDb3JyZWxhdGlvbkJpbmRpbmc9IiIgVXJsRW5jb2RlPSJGYWxzZSIgVXNlVG9Hcm91cFJlc3VsdHM9IkZhbHNlIiAvPg0KICAgICAgICA8UXVlcnlTdHJpbmdQYXJhbWV0ZXIgTmFtZT0iY29ubmVjdGlvblRva2VuIiBWYWx1ZT0iQVFBQUFOQ01uZDhCRmRFUmpIb0F3RSUyRkNsJTJCc0JBQUFBUGdJS2cxQ3Rha3lxR2xoYzljNnBoUUFBQUFBQ0FBQUFBQUFRWmdBQUFBRUFBQ0FBQUFBQWR2QlJLZnBlbzl3ZXpndUpVWDZJVTlGJTJCSEgzZ1AyTjklMkI5WkRPTyUyQlpXZ0FBQUFBT2dBQUFBQUlBQUNBQUFBQnMwdXN1eE0lMkZ3anlYRllqSjZtYnM5bkk3JTJGTVBIUEZ5MVVsSWUlMkJkUUQySHpBQUFBQk5tc09NelclMkZPTjBleiUyRkFqWTh1UFVRamRSQldUdGw0VXJ3WEFCbkxPZVg4bkM4SEo0eUxRUGJLaDFVQzYlMkZWc05BQUFBQXMzMnZWcjVuZ1JlQTZXYUI3QzVVS2FzVmwwelZoQ2RVUXNiazBCYXprM2xEbDlZN3VaVkFXRyUyRjVTdkZDSVFscjFvaWolMkJpblZNSEklMkZTTDlsWnV5SEpBJTNEJTNEIiBSZWNvcmRlZFZhbHVlPSJBUUFBQU5DTW5kOEJGZEVSakhvQXdFJTJGQ2wlMkJzQkFBQUFQZ0lLZzFDdGFreXFHbGhjOWM2cGhRQUFBQUFDQUFBQUFBQVFaZ0FBQUFFQUFDQUFBQUFBZHZCUktmcGVvOXdlemd1SlVYNklVOUYlMkJISDNnUDJOOSUyQjlaRE9PJTJCWldnQUFBQUFPZ0FBQUFBSUFBQ0FBQUFCczB1c3V4TSUyRndqeVhGWWpKNm1iczluSTclMkZNUEhQRnkxVWxJZSUyQmRRRDJIekFBQUFCTm1zT016VyUyRk9OMGV6JTJGQWpZOHVQVVFqZFJCV1R0bDRVcndYQUJuTE9lWDhuQzhISjR5TFFQYktoMVVDNiUyRlZzTkFBQUFBczMydlZyNW5nUmVBNldhQjdDNVVLYXNWbDB6VmhDZFVRc2JrMEJhemszbERsOVk3dVpWQVdHJTJGNVN2RkNJUWxyMW9paiUyQmluVk1ISSUyRlNMOWxadXlISkElM0QlM0QiIENvcnJlbGF0aW9uQmluZGluZz0iIiBVcmxFbmNvZGU9IkZhbHNlIiBVc2VUb0dyb3VwUmVzdWx0cz0iRmFsc2UiIC8+DQogICAgICAgIDxRdWVyeVN0cmluZ1BhcmFtZXRlciBOYW1lPSJyZXF1ZXN0VXJsIiBWYWx1ZT0iaHR0cCUzQSUyRiUyRmxvY2FsaG9zdCUzQTU4NTYxJTJGTm90ZXMlMkZMaXN0JTNGY2F0ZWdvcnklM0RDcnlwdG9ncmFwaHklMjZwYWdlJTNEMSIgUmVjb3JkZWRWYWx1ZT0iaHR0cCUzQSUyRiUyRmxvY2FsaG9zdCUzQTU4NTYxJTJGTm90ZXMlMkZMaXN0JTNGY2F0ZWdvcnklM0RDcnlwdG9ncmFwaHklMjZwYWdlJTNEMSIgQ29ycmVsYXRpb25CaW5kaW5nPSIiIFVybEVuY29kZT0iRmFsc2UiIFVzZVRvR3JvdXBSZXN1bHRzPSJGYWxzZSIgLz4NCiAgICAgICAgPFF1ZXJ5U3RyaW5nUGFyYW1ldGVyIE5hbWU9ImJyb3dzZXJOYW1lIiBWYWx1ZT0iSW50ZXJuZXRFeHBsb3JlciIgUmVjb3JkZWRWYWx1ZT0iSW50ZXJuZXRFeHBsb3JlciIgQ29ycmVsYXRpb25CaW5kaW5nPSIiIFVybEVuY29kZT0iRmFsc2UiIFVzZVRvR3JvdXBSZXN1bHRzPSJGYWxzZSIgLz4NCiAgICAgICAgPFF1ZXJ5U3RyaW5nUGFyYW1ldGVyIE5hbWU9InRpZCIgVmFsdWU9IjUiIFJlY29yZGVkVmFsdWU9IjUiIENvcnJlbGF0aW9uQmluZGluZz0iIiBVcmxFbmNvZGU9IkZhbHNlIiBVc2VUb0dyb3VwUmVzdWx0cz0iRmFsc2UiIC8+DQogICAgICA8L1F1ZXJ5U3RyaW5nUGFyYW1ldGVycz4NCiAgICA8L1JlcXVlc3Q+DQogICAgPFJlcXVlc3QgTWV0aG9kPSJHRVQiIEd1aWQ9IjExMGFhODg1LWE1ZjYtNGU5MC1iN2I4LWUyNzNlZDI4MTZhOCIgVmVyc2lvbj0iMS4xIiBVcmw9Imh0dHA6Ly9sb2NhbGhvc3Q6NTg1NjEvX19icm93c2VyTGluay9yZXF1ZXN0RGF0YS9jYWYzODRhODIxNzQ0YWZkYmQwNThlYTcxMDdkYjljMSIgVGhpbmtUaW1lPSIyIiBUaW1lb3V0PSIzMDAiIFBhcnNlRGVwZW5kZW50UmVxdWVzdHM9IlRydWUiIEZvbGxvd1JlZGlyZWN0cz0iVHJ1ZSIgUmVjb3JkUmVzdWx0PSJUcnVlIiBDYWNoZT0iRmFsc2UiIFJlc3BvbnNlVGltZUdvYWw9IjAiIEVuY29kaW5nPSJ1dGYtOCIgRXhwZWN0ZWRIdHRwU3RhdHVzQ29kZT0iMCIgRXhwZWN0ZWRSZXNwb25zZVVybD0iIiBSZXBvcnRpbmdOYW1lPSIiIElnbm9yZUh0dHBTdGF0dXNDb2RlPSJGYWxzZSI+DQogICAgICA8SGVhZGVycz4NCiAgICAgICAgPEhlYWRlciBOYW1lPSJBY2NlcHQiIFZhbHVlPSJhcHBsaWNhdGlvbi9qc29uLCB0ZXh0L2phdmFzY3JpcHQsICovKjsgcT0wLjAxIiAvPg0KICAgICAgICA8SGVhZGVyIE5hbWU9IlgtUmVxdWVzdGVkLVdpdGgiIFZhbHVlPSJYTUxIdHRwUmVxdWVzdCIgLz4NCiAgICAgICAgPEhlYWRlciBOYW1lPSJSZWZlcmVyIiBWYWx1ZT0iaHR0cDovL2xvY2FsaG9zdDo1ODU2MS9Ob3Rlcy9MaXN0P2NhdGVnb3J5PUNyeXB0b2dyYXBoeSZhbXA7cGFnZT0xIiAvPg0KICAgICAgPC9IZWFkZXJzPg0KICAgIDwvUmVxdWVzdD4NCiAgICA8UmVxdWVzdCBNZXRob2Q9IkdFVCIgR3VpZD0iOWEyODkxNjMtYjNhZC00YjdlLTkzZWQtOGNjOTA3ZTc5MzFkIiBWZXJzaW9uPSIxLjEiIFVybD0iaHR0cDovL2xvY2FsaG9zdDo1ODU2MS9Ob3Rlcy9Eb3dubG9hZC8yMDA0IiBUaGlua1RpbWU9IjciIFRpbWVvdXQ9IjMwMCIgUGFyc2VEZXBlbmRlbnRSZXF1ZXN0cz0iVHJ1ZSIgRm9sbG93UmVkaXJlY3RzPSJUcnVlIiBSZWNvcmRSZXN1bHQ9IlRydWUiIENhY2hlPSJGYWxzZSIgUmVzcG9uc2VUaW1lR29hbD0iMCIgRW5jb2Rpbmc9InV0Zi04IiBFeHBlY3RlZEh0dHBTdGF0dXNDb2RlPSIwIiBFeHBlY3RlZFJlc3BvbnNlVXJsPSIiIFJlcG9ydGluZ05hbWU9IiIgSWdub3JlSHR0cFN0YXR1c0NvZGU9IkZhbHNlIj4NCiAgICAgIDxIZWFkZXJzPg0KICAgICAgICA8SGVhZGVyIE5hbWU9IlJlZmVyZXIiIFZhbHVlPSJodHRwOi8vbG9jYWxob3N0OjU4NTYxL05vdGVzL0xpc3Q/Y2F0ZWdvcnk9Q3J5cHRvZ3JhcGh5JmFtcDtwYWdlPTEiIC8+DQogICAgICA8L0hlYWRlcnM+DQogICAgICA8UXVlcnlTdHJpbmdQYXJhbWV0ZXJzPg0KICAgICAgICA8UXVlcnlTdHJpbmdQYXJhbWV0ZXIgTmFtZT0iaWQyIiBWYWx1ZT0iMjAxMSIgUmVjb3JkZWRWYWx1ZT0iMjAxMSIgQ29ycmVsYXRpb25CaW5kaW5nPSJ7e1F1ZXJ5U3RyaW5nUGFyYW0yMTYuaWQyfX0iIFVybEVuY29kZT0iRmFsc2UiIFVzZVRvR3JvdXBSZXN1bHRzPSJGYWxzZSIgLz4NCiAgICAgIDwvUXVlcnlTdHJpbmdQYXJhbWV0ZXJzPg0KICAgIDwvUmVxdWVzdD4NCiAgICA8UmVxdWVzdCBNZXRob2Q9IlBPU1QiIEd1aWQ9ImQ1YzYwYjI4LTFiNDMtNGMzNC05OGQ5LWY1Y2JmMGZkZTFmNCIgVmVyc2lvbj0iMS4xIiBVcmw9Imh0dHA6Ly9sb2NhbGhvc3Q6MTQ1NTgvZWQwMzJhNzliNDlkNGE1MTk5MDk3NDFmZmZjMWVlNTYvYXJ0ZXJ5U2lnbmFsUi9hYm9ydCIgVGhpbmtUaW1lPSIwIiBUaW1lb3V0PSIzMDAiIFBhcnNlRGVwZW5kZW50UmVxdWVzdHM9IlRydWUiIEZvbGxvd1JlZGlyZWN0cz0iVHJ1ZSIgUmVjb3JkUmVzdWx0PSJUcnVlIiBDYWNoZT0iRmFsc2UiIFJlc3BvbnNlVGltZUdvYWw9IjAiIEVuY29kaW5nPSJ1dGYtOCIgRXhwZWN0ZWRIdHRwU3RhdHVzQ29kZT0iMCIgRXhwZWN0ZWRSZXNwb25zZVVybD0iIiBSZXBvcnRpbmdOYW1lPSIiIElnbm9yZUh0dHBTdGF0dXNDb2RlPSJGYWxzZSI+DQogICAgICA8SGVhZGVycz4NCiAgICAgICAgPEhlYWRlciBOYW1lPSJBY2NlcHQiIFZhbHVlPSJ0ZXh0L3BsYWluLCAqLyo7IHE9MC4wMSIgLz4NCiAgICAgICAgPEhlYWRlciBOYW1lPSJSZWZlcmVyIiBWYWx1ZT0iaHR0cDovL2xvY2FsaG9zdDo1ODU2MS9Ob3Rlcy9MaXN0P2NhdGVnb3J5PUNyeXB0b2dyYXBoeSZhbXA7cGFnZT0xIiAvPg0KICAgICAgPC9IZWFkZXJzPg0KICAgICAgPFF1ZXJ5U3RyaW5nUGFyYW1ldGVycz4NCiAgICAgICAgPFF1ZXJ5U3RyaW5nUGFyYW1ldGVyIE5hbWU9InRyYW5zcG9ydCIgVmFsdWU9IndlYlNvY2tldHMiIFJlY29yZGVkVmFsdWU9IndlYlNvY2tldHMiIENvcnJlbGF0aW9uQmluZGluZz0iIiBVcmxFbmNvZGU9IkZhbHNlIiBVc2VUb0dyb3VwUmVzdWx0cz0iRmFsc2UiIC8+DQogICAgICAgIDxRdWVyeVN0cmluZ1BhcmFtZXRlciBOYW1lPSJjb25uZWN0aW9uVG9rZW4iIFZhbHVlPSJBUUFBQU5DTW5kOEJGZEVSakhvQXdFJTJGQ2wlMkJzQkFBQUFQZ0lLZzFDdGFreXFHbGhjOWM2cGhRQUFBQUFDQUFBQUFBQVFaZ0FBQUFFQUFDQUFBQUFBZHZCUktmcGVvOXdlemd1SlVYNklVOUYlMkJISDNnUDJOOSUyQjlaRE9PJTJCWldnQUFBQUFPZ0FBQUFBSUFBQ0FBQUFCczB1c3V4TSUyRndqeVhGWWpKNm1iczluSTclMkZNUEhQRnkxVWxJZSUyQmRRRDJIekFBQUFCTm1zT016VyUyRk9OMGV6JTJGQWpZOHVQVVFqZFJCV1R0bDRVcndYQUJuTE9lWDhuQzhISjR5TFFQYktoMVVDNiUyRlZzTkFBQUFBczMydlZyNW5nUmVBNldhQjdDNVVLYXNWbDB6VmhDZFVRc2JrMEJhemszbERsOVk3dVpWQVdHJTJGNVN2RkNJUWxyMW9paiUyQmluVk1ISSUyRlNMOWxadXlISkElM0QlM0QiIFJlY29yZGVkVmFsdWU9IkFRQUFBTkNNbmQ4QkZkRVJqSG9Bd0UlMkZDbCUyQnNCQUFBQVBnSUtnMUN0YWt5cUdsaGM5YzZwaFFBQUFBQUNBQUFBQUFBUVpnQUFBQUVBQUNBQUFBQUFkdkJSS2ZwZW85d2V6Z3VKVVg2SVU5RiUyQkhIM2dQMk45JTJCOVpET08lMkJaV2dBQUFBQU9nQUFBQUFJQUFDQUFBQUJzMHVzdXhNJTJGd2p5WEZZako2bWJzOW5JNyUyRk1QSFBGeTFVbEllJTJCZFFEMkh6QUFBQUJObXNPTXpXJTJGT04wZXolMkZBalk4dVBVUWpkUkJXVHRsNFVyd1hBQm5MT2VYOG5DOEhKNHlMUVBiS2gxVUM2JTJGVnNOQUFBQUFzMzJ2VnI1bmdSZUE2V2FCN0M1VUthc1ZsMHpWaENkVVFzYmswQmF6azNsRGw5WTd1WlZBV0clMkY1U3ZGQ0lRbHIxb2lqJTJCaW5WTUhJJTJGU0w5bFp1eUhKQSUzRCUzRCIgQ29ycmVsYXRpb25CaW5kaW5nPSIiIFVybEVuY29kZT0iRmFsc2UiIFVzZVRvR3JvdXBSZXN1bHRzPSJGYWxzZSIgLz4NCiAgICAgICAgPFF1ZXJ5U3RyaW5nUGFyYW1ldGVyIE5hbWU9InJlcXVlc3RVcmwiIFZhbHVlPSJodHRwJTNBJTJGJTJGbG9jYWxob3N0JTNBNTg1NjElMkZOb3RlcyUyRkxpc3QlM0ZjYXRlZ29yeSUzRENyeXB0b2dyYXBoeSUyNnBhZ2UlM0QxIiBSZWNvcmRlZFZhbHVlPSJodHRwJTNBJTJGJTJGbG9jYWxob3N0JTNBNTg1NjElMkZOb3RlcyUyRkxpc3QlM0ZjYXRlZ29yeSUzRENyeXB0b2dyYXBoeSUyNnBhZ2UlM0QxIiBDb3JyZWxhdGlvbkJpbmRpbmc9IiIgVXJsRW5jb2RlPSJGYWxzZSIgVXNlVG9Hcm91cFJlc3VsdHM9IkZhbHNlIiAvPg0KICAgICAgICA8UXVlcnlTdHJpbmdQYXJhbWV0ZXIgTmFtZT0iYnJvd3Nlck5hbWUiIFZhbHVlPSJJbnRlcm5ldEV4cGxvcmVyIiBSZWNvcmRlZFZhbHVlPSJJbnRlcm5ldEV4cGxvcmVyIiBDb3JyZWxhdGlvbkJpbmRpbmc9IiIgVXJsRW5jb2RlPSJGYWxzZSIgVXNlVG9Hcm91cFJlc3VsdHM9IkZhbHNlIiAvPg0KICAgICAgPC9RdWVyeVN0cmluZ1BhcmFtZXRlcnM+DQogICAgICA8Rm9ybVBvc3RIdHRwQm9keSAvPg0KICAgIDwvUmVxdWVzdD4NCiAgICA8UmVxdWVzdCBNZXRob2Q9IkdFVCIgR3VpZD0iM2QzZDg5MGMtMDg1Ny00NmQ3LWFkM2QtNmQ4YjFkZjgzYWJkIiBWZXJzaW9uPSIxLjEiIFVybD0iaHR0cDovL2xvY2FsaG9zdDo1ODU2MS9Ob3Rlcy9MaXN0IiBUaGlua1RpbWU9IjAiIFRpbWVvdXQ9IjMwMCIgUGFyc2VEZXBlbmRlbnRSZXF1ZXN0cz0iVHJ1ZSIgRm9sbG93UmVkaXJlY3RzPSJUcnVlIiBSZWNvcmRSZXN1bHQ9IlRydWUiIENhY2hlPSJGYWxzZSIgUmVzcG9uc2VUaW1lR29hbD0iMCIgRW5jb2Rpbmc9InV0Zi04IiBFeHBlY3RlZEh0dHBTdGF0dXNDb2RlPSIwIiBFeHBlY3RlZFJlc3BvbnNlVXJsPSIiIFJlcG9ydGluZ05hbWU9IiIgSWdub3JlSHR0cFN0YXR1c0NvZGU9IkZhbHNlIj4NCiAgICAgIDxIZWFkZXJzPg0KICAgICAgICA8SGVhZGVyIE5hbWU9IlJlZmVyZXIiIFZhbHVlPSJodHRwOi8vbG9jYWxob3N0OjU4NTYxL05vdGVzL0xpc3QiIC8+DQogICAgICA8L0hlYWRlcnM+DQogICAgICA8UXVlcnlTdHJpbmdQYXJhbWV0ZXJzPg0KICAgICAgICA8UXVlcnlTdHJpbmdQYXJhbWV0ZXIgTmFtZT0iY2F0ZWdvcnkiIFZhbHVlPSJDcnlwdG9ncmFwaHkiIFJlY29yZGVkVmFsdWU9IkNyeXB0b2dyYXBoeSIgQ29ycmVsYXRpb25CaW5kaW5nPSJ7e1F1ZXJ5U3RyaW5nUGFyYW0yNDkuY2F0ZWdvcnl9fSIgVXJsRW5jb2RlPSJGYWxzZSIgVXNlVG9Hcm91cFJlc3VsdHM9IkZhbHNlIiAvPg0KICAgICAgICA8UXVlcnlTdHJpbmdQYXJhbWV0ZXIgTmFtZT0icGFnZSIgVmFsdWU9IjEiIFJlY29yZGVkVmFsdWU9IjEiIENvcnJlbGF0aW9uQmluZGluZz0ie3tRdWVyeVN0cmluZ1BhcmFtMjUwLnBhZ2V9fSIgVXJsRW5jb2RlPSJGYWxzZSIgVXNlVG9Hcm91cFJlc3VsdHM9IkZhbHNlIiAvPg0KICAgICAgPC9RdWVyeVN0cmluZ1BhcmFtZXRlcnM+DQogICAgPC9SZXF1ZXN0Pg0KICAgIDxSZXF1ZXN0IE1ldGhvZD0iUE9TVCIgR3VpZD0iMzIyN2RjOGItMDFiZC00ZDgwLTgzZTYtYjk0OTVjODE4MGQ4IiBWZXJzaW9uPSIxLjEiIFVybD0iaHR0cDovL2xvY2FsaG9zdDoxNDU1OC9lZDAzMmE3OWI0OWQ0YTUxOTkwOTc0MWZmZmMxZWU1Ni9hcnRlcnlTaWduYWxSL25lZ290aWF0ZSIgVGhpbmtUaW1lPSI5IiBUaW1lb3V0PSIzMDAiIFBhcnNlRGVwZW5kZW50UmVxdWVzdHM9IlRydWUiIEZvbGxvd1JlZGlyZWN0cz0iVHJ1ZSIgUmVjb3JkUmVzdWx0PSJUcnVlIiBDYWNoZT0iRmFsc2UiIFJlc3BvbnNlVGltZUdvYWw9IjAiIEVuY29kaW5nPSJ1dGYtOCIgRXhwZWN0ZWRIdHRwU3RhdHVzQ29kZT0iMCIgRXhwZWN0ZWRSZXNwb25zZVVybD0iIiBSZXBvcnRpbmdOYW1lPSIiIElnbm9yZUh0dHBTdGF0dXNDb2RlPSJGYWxzZSI+DQogICAgICA8SGVhZGVycz4NCiAgICAgICAgPEhlYWRlciBOYW1lPSJDb250ZW50LVR5cGUiIFZhbHVlPSJhcHBsaWNhdGlvbi94LXd3dy1mb3JtLXVybGVuY29kZWQ7IGNoYXJzZXQ9VVRGLTgiIC8+DQogICAgICAgIDxIZWFkZXIgTmFtZT0iQWNjZXB0IiBWYWx1ZT0idGV4dC9wbGFpbiwgKi8qOyBxPTAuMDEiIC8+DQogICAgICAgIDxIZWFkZXIgTmFtZT0iUmVmZXJlciIgVmFsdWU9Imh0dHA6Ly9sb2NhbGhvc3Q6NTg1NjEvTm90ZXMvTGlzdD9jYXRlZ29yeT1DcnlwdG9ncmFwaHkmYW1wO3BhZ2U9MSIgLz4NCiAgICAgIDwvSGVhZGVycz4NCiAgICAgIDxRdWVyeVN0cmluZ1BhcmFtZXRlcnM+DQogICAgICAgIDxRdWVyeVN0cmluZ1BhcmFtZXRlciBOYW1lPSJyZXF1ZXN0VXJsIiBWYWx1ZT0iaHR0cCUzQSUyRiUyRmxvY2FsaG9zdCUzQTU4NTYxJTJGTm90ZXMlMkZMaXN0JTNGY2F0ZWdvcnklM0RDcnlwdG9ncmFwaHklMjZwYWdlJTNEMSIgUmVjb3JkZWRWYWx1ZT0iaHR0cCUzQSUyRiUyRmxvY2FsaG9zdCUzQTU4NTYxJTJGTm90ZXMlMkZMaXN0JTNGY2F0ZWdvcnklM0RDcnlwdG9ncmFwaHklMjZwYWdlJTNEMSIgQ29ycmVsYXRpb25CaW5kaW5nPSIiIFVybEVuY29kZT0iRmFsc2UiIFVzZVRvR3JvdXBSZXN1bHRzPSJGYWxzZSIgLz4NCiAgICAgICAgPFF1ZXJ5U3RyaW5nUGFyYW1ldGVyIE5hbWU9ImJyb3dzZXJOYW1lIiBWYWx1ZT0iSW50ZXJuZXRFeHBsb3JlciIgUmVjb3JkZWRWYWx1ZT0iSW50ZXJuZXRFeHBsb3JlciIgQ29ycmVsYXRpb25CaW5kaW5nPSIiIFVybEVuY29kZT0iRmFsc2UiIFVzZVRvR3JvdXBSZXN1bHRzPSJGYWxzZSIgLz4NCiAgICAgICAgPFF1ZXJ5U3RyaW5nUGFyYW1ldGVyIE5hbWU9ImNsaWVudFByb3RvY29sIiBWYWx1ZT0iMS4zIiBSZWNvcmRlZFZhbHVlPSIxLjMiIENvcnJlbGF0aW9uQmluZGluZz0iIiBVcmxFbmNvZGU9IkZhbHNlIiBVc2VUb0dyb3VwUmVzdWx0cz0iRmFsc2UiIC8+DQogICAgICAgIDxRdWVyeVN0cmluZ1BhcmFtZXRlciBOYW1lPSJfIiBWYWx1ZT0iMTQ4MTkwODQzODAxNyIgUmVjb3JkZWRWYWx1ZT0iMTQ4MTkwODQzODAxNyIgQ29ycmVsYXRpb25CaW5kaW5nPSIiIFVybEVuY29kZT0iRmFsc2UiIFVzZVRvR3JvdXBSZXN1bHRzPSJGYWxzZSIgLz4NCiAgICAgIDwvUXVlcnlTdHJpbmdQYXJhbWV0ZXJzPg0KICAgICAgPEZvcm1Qb3N0SHR0cEJvZHkgLz4NCiAgICA8L1JlcXVlc3Q+DQogICAgPFJlcXVlc3QgTWV0aG9kPSJHRVQiIEd1aWQ9ImEwYTdlMDVkLWUwNTgtNGM0MC1hODBmLTkxOGI5YjI1ZTEyMSIgVmVyc2lvbj0iMS4xIiBVcmw9Imh0dHA6Ly9sb2NhbGhvc3Q6NTg1NjEvTm90ZXMvTGlzdCIgVGhpbmtUaW1lPSIwIiBUaW1lb3V0PSIzMDAiIFBhcnNlRGVwZW5kZW50UmVxdWVzdHM9IlRydWUiIEZvbGxvd1JlZGlyZWN0cz0iVHJ1ZSIgUmVjb3JkUmVzdWx0PSJUcnVlIiBDYWNoZT0iRmFsc2UiIFJlc3BvbnNlVGltZUdvYWw9IjAiIEVuY29kaW5nPSJ1dGYtOCIgRXhwZWN0ZWRIdHRwU3RhdHVzQ29kZT0iMCIgRXhwZWN0ZWRSZXNwb25zZVVybD0iIiBSZXBvcnRpbmdOYW1lPSIiIElnbm9yZUh0dHBTdGF0dXNDb2RlPSJGYWxzZSI+DQogICAgICA8SGVhZGVycz4NCiAgICAgICAgPEhlYWRlciBOYW1lPSJSZWZlcmVyIiBWYWx1ZT0iaHR0cDovL2xvY2FsaG9zdDo1ODU2MS9Ob3Rlcy9MaXN0P2NhdGVnb3J5PUNyeXB0b2dyYXBoeSZhbXA7cGFnZT0xIiAvPg0KICAgICAgPC9IZWFkZXJzPg0KICAgICAgPFF1ZXJ5U3RyaW5nUGFyYW1ldGVycz4NCiAgICAgICAgPFF1ZXJ5U3RyaW5nUGFyYW1ldGVyIE5hbWU9ImNhdGVnb3J5IiBWYWx1ZT0iV2ViJTIwRGV2ZWxvcG1lbnQiIFJlY29yZGVkVmFsdWU9IldlYiUyMERldmVsb3BtZW50IiBDb3JyZWxhdGlvbkJpbmRpbmc9Int7UXVlcnlTdHJpbmdQYXJhbTEuY2F0ZWdvcnl9fSIgVXJsRW5jb2RlPSJGYWxzZSIgVXNlVG9Hcm91cFJlc3VsdHM9IkZhbHNlIiAvPg0KICAgICAgICA8UXVlcnlTdHJpbmdQYXJhbWV0ZXIgTmFtZT0icGFnZSIgVmFsdWU9IjEiIFJlY29yZGVkVmFsdWU9IjEiIENvcnJlbGF0aW9uQmluZGluZz0ie3tRdWVyeVN0cmluZ1BhcmFtMi5wYWdlfX0iIFVybEVuY29kZT0iRmFsc2UiIFVzZVRvR3JvdXBSZXN1bHRzPSJGYWxzZSIgLz4NCiAgICAgIDwvUXVlcnlTdHJpbmdQYXJhbWV0ZXJzPg0KICAgIDwvUmVxdWVzdD4NCiAgICA8UmVxdWVzdCBNZXRob2Q9IkdFVCIgR3VpZD0iZDQ5YjZhNDktOTllZi00MDE4LTkzNTMtNGQ2ZTFiN2I2ZGNhIiBWZXJzaW9uPSIxLjEiIFVybD0iaHR0cDovL2xvY2FsaG9zdDoxNDU1OC9lZDAzMmE3OWI0OWQ0YTUxOTkwOTc0MWZmZmMxZWU1Ni9hcnRlcnlTaWduYWxSL2Nvbm5lY3QiIFRoaW5rVGltZT0iMCIgVGltZW91dD0iMzAwIiBQYXJzZURlcGVuZGVudFJlcXVlc3RzPSJUcnVlIiBGb2xsb3dSZWRpcmVjdHM9IlRydWUiIFJlY29yZFJlc3VsdD0iVHJ1ZSIgQ2FjaGU9IkZhbHNlIiBSZXNwb25zZVRpbWVHb2FsPSIwIiBFbmNvZGluZz0idXRmLTgiIEV4cGVjdGVkSHR0cFN0YXR1c0NvZGU9IjAiIEV4cGVjdGVkUmVzcG9uc2VVcmw9IiIgUmVwb3J0aW5nTmFtZT0iIiBJZ25vcmVIdHRwU3RhdHVzQ29kZT0iRmFsc2UiPg0KICAgICAgPFF1ZXJ5U3RyaW5nUGFyYW1ldGVycz4NCiAgICAgICAgPFF1ZXJ5U3RyaW5nUGFyYW1ldGVyIE5hbWU9InRyYW5zcG9ydCIgVmFsdWU9IndlYlNvY2tldHMiIFJlY29yZGVkVmFsdWU9IndlYlNvY2tldHMiIENvcnJlbGF0aW9uQmluZGluZz0iIiBVcmxFbmNvZGU9IkZhbHNlIiBVc2VUb0dyb3VwUmVzdWx0cz0iRmFsc2UiIC8+DQogICAgICAgIDxRdWVyeVN0cmluZ1BhcmFtZXRlciBOYW1lPSJjb25uZWN0aW9uVG9rZW4iIFZhbHVlPSJBUUFBQU5DTW5kOEJGZEVSakhvQXdFJTJGQ2wlMkJzQkFBQUFQZ0lLZzFDdGFreXFHbGhjOWM2cGhRQUFBQUFDQUFBQUFBQVFaZ0FBQUFFQUFDQUFBQUJ5MiUyQlVaZGRha1pQSmtrejFDQzBnZ0RtVDlUVyUyQk5pazVjaFBBcjdYeUpsQUFBQUFBT2dBQUFBQUlBQUNBQUFBQ2ozRFZYTFlJRm1uY2FNZjdRSndlcnlySGpLOUc3YVoyUzlZcDZ5RnRMJTJCREFBQUFBT3NraXFSTUNJayUyQjNINXJxUkwlMkIlMkY2Tm4lMkJxbWpCVk5IdlIwMjMlMkZEZjNpOENUeHoxakdmSkd4MHRpVmg4QXE2SDVBQUFBQXVuRHZpc3Z3elhwNm1YNlhKeGdveTE2T2pBbU9taTQ0aXVSaGVYT3puaHYyUlBoUlppMVgzY3pIVWxpS2ZpbCUyQm5FdENWc040dVIxNDUyVnVrNUd0WlElM0QlM0QiIFJlY29yZGVkVmFsdWU9IkFRQUFBTkNNbmQ4QkZkRVJqSG9Bd0UlMkZDbCUyQnNCQUFBQVBnSUtnMUN0YWt5cUdsaGM5YzZwaFFBQUFBQUNBQUFBQUFBUVpnQUFBQUVBQUNBQUFBQnkyJTJCVVpkZGFrWlBKa2t6MUNDMGdnRG1UOVRXJTJCTmlrNWNoUEFyN1h5SmxBQUFBQUFPZ0FBQUFBSUFBQ0FBQUFDajNEVlhMWUlGbW5jYU1mN1FKd2VyeXJIaks5RzdhWjJTOVlwNnlGdEwlMkJEQUFBQUFPc2tpcVJNQ0lrJTJCM0g1cnFSTCUyQiUyRjZObiUyQnFtakJWTkh2UjAyMyUyRkRmM2k4Q1R4ejFqR2ZKR3gwdGlWaDhBcTZINUFBQUFBdW5Edmlzdnd6WHA2bVg2WEp4Z295MTZPakFtT21pNDRpdVJoZVhPem5odjJSUGhSWmkxWDNjekhVbGlLZmlsJTJCbkV0Q1ZzTjR1UjE0NTJWdWs1R3RaUSUzRCUzRCIgQ29ycmVsYXRpb25CaW5kaW5nPSIiIFVybEVuY29kZT0iRmFsc2UiIFVzZVRvR3JvdXBSZXN1bHRzPSJGYWxzZSIgLz4NCiAgICAgICAgPFF1ZXJ5U3RyaW5nUGFyYW1ldGVyIE5hbWU9InJlcXVlc3RVcmwiIFZhbHVlPSJodHRwJTNBJTJGJTJGbG9jYWxob3N0JTNBNTg1NjElMkZOb3RlcyUyRkxpc3QlM0ZjYXRlZ29yeSUzRENyeXB0b2dyYXBoeSUyNnBhZ2UlM0QxIiBSZWNvcmRlZFZhbHVlPSJodHRwJTNBJTJGJTJGbG9jYWxob3N0JTNBNTg1NjElMkZOb3RlcyUyRkxpc3QlM0ZjYXRlZ29yeSUzRENyeXB0b2dyYXBoeSUyNnBhZ2UlM0QxIiBDb3JyZWxhdGlvbkJpbmRpbmc9IiIgVXJsRW5jb2RlPSJGYWxzZSIgVXNlVG9Hcm91cFJlc3VsdHM9IkZhbHNlIiAvPg0KICAgICAgICA8UXVlcnlTdHJpbmdQYXJhbWV0ZXIgTmFtZT0iYnJvd3Nlck5hbWUiIFZhbHVlPSJJbnRlcm5ldEV4cGxvcmVyIiBSZWNvcmRlZFZhbHVlPSJJbnRlcm5ldEV4cGxvcmVyIiBDb3JyZWxhdGlvbkJpbmRpbmc9IiIgVXJsRW5jb2RlPSJGYWxzZSIgVXNlVG9Hcm91cFJlc3VsdHM9IkZhbHNlIiAvPg0KICAgICAgICA8UXVlcnlTdHJpbmdQYXJhbWV0ZXIgTmFtZT0idGlkIiBWYWx1ZT0iMSIgUmVjb3JkZWRWYWx1ZT0iMSIgQ29ycmVsYXRpb25CaW5kaW5nPSIiIFVybEVuY29kZT0iRmFsc2UiIFVzZVRvR3JvdXBSZXN1bHRzPSJGYWxzZSIgLz4NCiAgICAgIDwvUXVlcnlTdHJpbmdQYXJhbWV0ZXJzPg0KICAgIDwvUmVxdWVzdD4NCiAgICA8UmVxdWVzdCBNZXRob2Q9IkdFVCIgR3VpZD0iYmM5Njk0N2MtNWRiYy00ZDU1LWE1MTUtNWNhZWU1MzY2MDY2IiBWZXJzaW9uPSIxLjEiIFVybD0iaHR0cDovL2xvY2FsaG9zdDo1ODU2MS9fX2Jyb3dzZXJMaW5rL3JlcXVlc3REYXRhL2IyMmM3ODAzZmZmODQ5ZWE5MDNlOWY3ZjUxMDYxODQ4IiBUaGlua1RpbWU9IjAiIFRpbWVvdXQ9IjMwMCIgUGFyc2VEZXBlbmRlbnRSZXF1ZXN0cz0iVHJ1ZSIgRm9sbG93UmVkaXJlY3RzPSJUcnVlIiBSZWNvcmRSZXN1bHQ9IlRydWUiIENhY2hlPSJGYWxzZSIgUmVzcG9uc2VUaW1lR29hbD0iMCIgRW5jb2Rpbmc9InV0Zi04IiBFeHBlY3RlZEh0dHBTdGF0dXNDb2RlPSIwIiBFeHBlY3RlZFJlc3BvbnNlVXJsPSIiIFJlcG9ydGluZ05hbWU9IiIgSWdub3JlSHR0cFN0YXR1c0NvZGU9IkZhbHNlIj4NCiAgICAgIDxIZWFkZXJzPg0KICAgICAgICA8SGVhZGVyIE5hbWU9IkFjY2VwdCIgVmFsdWU9ImFwcGxpY2F0aW9uL2pzb24sIHRleHQvamF2YXNjcmlwdCwgKi8qOyBxPTAuMDEiIC8+DQogICAgICAgIDxIZWFkZXIgTmFtZT0iWC1SZXF1ZXN0ZWQtV2l0aCIgVmFsdWU9IlhNTEh0dHBSZXF1ZXN0IiAvPg0KICAgICAgICA8SGVhZGVyIE5hbWU9IlJlZmVyZXIiIFZhbHVlPSJodHRwOi8vbG9jYWxob3N0OjU4NTYxL05vdGVzL0xpc3Q/Y2F0ZWdvcnk9Q3J5cHRvZ3JhcGh5JmFtcDtwYWdlPTEiIC8+DQogICAgICA8L0hlYWRlcnM+DQogICAgPC9SZXF1ZXN0Pg0KICAgIDxSZXF1ZXN0IE1ldGhvZD0iUE9TVCIgR3VpZD0iMjVmYjdjM2EtYWE3NC00MDBkLWI5YjQtMWFiNmFiYTJmNmM1IiBWZXJzaW9uPSIxLjEiIFVybD0iaHR0cDovL2xvY2FsaG9zdDoxNDU1OC9lZDAzMmE3OWI0OWQ0YTUxOTkwOTc0MWZmZmMxZWU1Ni9hcnRlcnlTaWduYWxSL2Fib3J0IiBUaGlua1RpbWU9IjEiIFRpbWVvdXQ9IjMwMCIgUGFyc2VEZXBlbmRlbnRSZXF1ZXN0cz0iVHJ1ZSIgRm9sbG93UmVkaXJlY3RzPSJUcnVlIiBSZWNvcmRSZXN1bHQ9IlRydWUiIENhY2hlPSJGYWxzZSIgUmVzcG9uc2VUaW1lR29hbD0iMCIgRW5jb2Rpbmc9InV0Zi04IiBFeHBlY3RlZEh0dHBTdGF0dXNDb2RlPSIwIiBFeHBlY3RlZFJlc3BvbnNlVXJsPSIiIFJlcG9ydGluZ05hbWU9IiIgSWdub3JlSHR0cFN0YXR1c0NvZGU9IkZhbHNlIj4NCiAgICAgIDxIZWFkZXJzPg0KICAgICAgICA8SGVhZGVyIE5hbWU9IkFjY2VwdCIgVmFsdWU9InRleHQvcGxhaW4sICovKjsgcT0wLjAxIiAvPg0KICAgICAgICA8SGVhZGVyIE5hbWU9IlJlZmVyZXIiIFZhbHVlPSJodHRwOi8vbG9jYWxob3N0OjU4NTYxL05vdGVzL0xpc3Q/Y2F0ZWdvcnk9Q3J5cHRvZ3JhcGh5JmFtcDtwYWdlPTEiIC8+DQogICAgICA8L0hlYWRlcnM+DQogICAgICA8UXVlcnlTdHJpbmdQYXJhbWV0ZXJzPg0KICAgICAgICA8UXVlcnlTdHJpbmdQYXJhbWV0ZXIgTmFtZT0idHJhbnNwb3J0IiBWYWx1ZT0id2ViU29ja2V0cyIgUmVjb3JkZWRWYWx1ZT0id2ViU29ja2V0cyIgQ29ycmVsYXRpb25CaW5kaW5nPSIiIFVybEVuY29kZT0iRmFsc2UiIFVzZVRvR3JvdXBSZXN1bHRzPSJGYWxzZSIgLz4NCiAgICAgICAgPFF1ZXJ5U3RyaW5nUGFyYW1ldGVyIE5hbWU9ImNvbm5lY3Rpb25Ub2tlbiIgVmFsdWU9IkFRQUFBTkNNbmQ4QkZkRVJqSG9Bd0UlMkZDbCUyQnNCQUFBQVBnSUtnMUN0YWt5cUdsaGM5YzZwaFFBQUFBQUNBQUFBQUFBUVpnQUFBQUVBQUNBQUFBQnkyJTJCVVpkZGFrWlBKa2t6MUNDMGdnRG1UOVRXJTJCTmlrNWNoUEFyN1h5SmxBQUFBQUFPZ0FBQUFBSUFBQ0FBQUFDajNEVlhMWUlGbW5jYU1mN1FKd2VyeXJIaks5RzdhWjJTOVlwNnlGdEwlMkJEQUFBQUFPc2tpcVJNQ0lrJTJCM0g1cnFSTCUyQiUyRjZObiUyQnFtakJWTkh2UjAyMyUyRkRmM2k4Q1R4ejFqR2ZKR3gwdGlWaDhBcTZINUFBQUFBdW5Edmlzdnd6WHA2bVg2WEp4Z295MTZPakFtT21pNDRpdVJoZVhPem5odjJSUGhSWmkxWDNjekhVbGlLZmlsJTJCbkV0Q1ZzTjR1UjE0NTJWdWs1R3RaUSUzRCUzRCIgUmVjb3JkZWRWYWx1ZT0iQVFBQUFOQ01uZDhCRmRFUmpIb0F3RSUyRkNsJTJCc0JBQUFBUGdJS2cxQ3Rha3lxR2xoYzljNnBoUUFBQUFBQ0FBQUFBQUFRWmdBQUFBRUFBQ0FBQUFCeTIlMkJVWmRkYWtaUEpra3oxQ0MwZ2dEbVQ5VFclMkJOaWs1Y2hQQXI3WHlKbEFBQUFBQU9nQUFBQUFJQUFDQUFBQUNqM0RWWExZSUZtbmNhTWY3UUp3ZXJ5ckhqSzlHN2FaMlM5WXA2eUZ0TCUyQkRBQUFBQU9za2lxUk1DSWslMkIzSDVycVJMJTJCJTJGNk5uJTJCcW1qQlZOSHZSMDIzJTJGRGYzaThDVHh6MWpHZkpHeDB0aVZoOEFxNkg1QUFBQUF1bkR2aXN2d3pYcDZtWDZYSnhnb3kxNk9qQW1PbWk0NGl1UmhlWE96bmh2MlJQaFJaaTFYM2N6SFVsaUtmaWwlMkJuRXRDVnNONHVSMTQ1MlZ1azVHdFpRJTNEJTNEIiBDb3JyZWxhdGlvbkJpbmRpbmc9IiIgVXJsRW5jb2RlPSJGYWxzZSIgVXNlVG9Hcm91cFJlc3VsdHM9IkZhbHNlIiAvPg0KICAgICAgICA8UXVlcnlTdHJpbmdQYXJhbWV0ZXIgTmFtZT0icmVxdWVzdFVybCIgVmFsdWU9Imh0dHAlM0ElMkYlMkZsb2NhbGhvc3QlM0E1ODU2MSUyRk5vdGVzJTJGTGlzdCUzRmNhdGVnb3J5JTNEQ3J5cHRvZ3JhcGh5JTI2cGFnZSUzRDEiIFJlY29yZGVkVmFsdWU9Imh0dHAlM0ElMkYlMkZsb2NhbGhvc3QlM0E1ODU2MSUyRk5vdGVzJTJGTGlzdCUzRmNhdGVnb3J5JTNEQ3J5cHRvZ3JhcGh5JTI2cGFnZSUzRDEiIENvcnJlbGF0aW9uQmluZGluZz0iIiBVcmxFbmNvZGU9IkZhbHNlIiBVc2VUb0dyb3VwUmVzdWx0cz0iRmFsc2UiIC8+DQogICAgICAgIDxRdWVyeVN0cmluZ1BhcmFtZXRlciBOYW1lPSJicm93c2VyTmFtZSIgVmFsdWU9IkludGVybmV0RXhwbG9yZXIiIFJlY29yZGVkVmFsdWU9IkludGVybmV0RXhwbG9yZXIiIENvcnJlbGF0aW9uQmluZGluZz0iIiBVcmxFbmNvZGU9IkZhbHNlIiBVc2VUb0dyb3VwUmVzdWx0cz0iRmFsc2UiIC8+DQogICAgICA8L1F1ZXJ5U3RyaW5nUGFyYW1ldGVycz4NCiAgICAgIDxGb3JtUG9zdEh0dHBCb2R5IC8+DQogICAgPC9SZXF1ZXN0Pg0KICAgIDxSZXF1ZXN0IE1ldGhvZD0iUE9TVCIgR3VpZD0iMGUwMDgzYTgtNzU5My00MDM4LTkyMDctNmJiY2I3OTI3MTM2IiBWZXJzaW9uPSIxLjEiIFVybD0iaHR0cDovL2xvY2FsaG9zdDoxNDU1OC9lZDAzMmE3OWI0OWQ0YTUxOTkwOTc0MWZmZmMxZWU1Ni9hcnRlcnlTaWduYWxSL25lZ290aWF0ZSIgVGhpbmtUaW1lPSIwIiBUaW1lb3V0PSIzMDAiIFBhcnNlRGVwZW5kZW50UmVxdWVzdHM9IlRydWUiIEZvbGxvd1JlZGlyZWN0cz0iVHJ1ZSIgUmVjb3JkUmVzdWx0PSJUcnVlIiBDYWNoZT0iRmFsc2UiIFJlc3BvbnNlVGltZUdvYWw9IjAiIEVuY29kaW5nPSJ1dGYtOCIgRXhwZWN0ZWRIdHRwU3RhdHVzQ29kZT0iMCIgRXhwZWN0ZWRSZXNwb25zZVVybD0iIiBSZXBvcnRpbmdOYW1lPSIiIElnbm9yZUh0dHBTdGF0dXNDb2RlPSJGYWxzZSI+DQogICAgICA8SGVhZGVycz4NCiAgICAgICAgPEhlYWRlciBOYW1lPSJDb250ZW50LVR5cGUiIFZhbHVlPSJhcHBsaWNhdGlvbi94LXd3dy1mb3JtLXVybGVuY29kZWQ7IGNoYXJzZXQ9VVRGLTgiIC8+DQogICAgICAgIDxIZWFkZXIgTmFtZT0iQWNjZXB0IiBWYWx1ZT0idGV4dC9wbGFpbiwgKi8qOyBxPTAuMDEiIC8+DQogICAgICAgIDxIZWFkZXIgTmFtZT0iUmVmZXJlciIgVmFsdWU9Imh0dHA6Ly9sb2NhbGhvc3Q6NTg1NjEvTm90ZXMvTGlzdD9jYXRlZ29yeT1XZWIlMjBEZXZlbG9wbWVudCZhbXA7cGFnZT0xIiAvPg0KICAgICAgPC9IZWFkZXJzPg0KICAgICAgPFF1ZXJ5U3RyaW5nUGFyYW1ldGVycz4NCiAgICAgICAgPFF1ZXJ5U3RyaW5nUGFyYW1ldGVyIE5hbWU9InJlcXVlc3RVcmwiIFZhbHVlPSJodHRwJTNBJTJGJTJGbG9jYWxob3N0JTNBNTg1NjElMkZOb3RlcyUyRkxpc3QlM0ZjYXRlZ29yeSUzRFdlYiUyNTIwRGV2ZWxvcG1lbnQlMjZwYWdlJTNEMSIgUmVjb3JkZWRWYWx1ZT0iaHR0cCUzQSUyRiUyRmxvY2FsaG9zdCUzQTU4NTYxJTJGTm90ZXMlMkZMaXN0JTNGY2F0ZWdvcnklM0RXZWIlMjUyMERldmVsb3BtZW50JTI2cGFnZSUzRDEiIENvcnJlbGF0aW9uQmluZGluZz0iIiBVcmxFbmNvZGU9IkZhbHNlIiBVc2VUb0dyb3VwUmVzdWx0cz0iRmFsc2UiIC8+DQogICAgICAgIDxRdWVyeVN0cmluZ1BhcmFtZXRlciBOYW1lPSJicm93c2VyTmFtZSIgVmFsdWU9IkludGVybmV0RXhwbG9yZXIiIFJlY29yZGVkVmFsdWU9IkludGVybmV0RXhwbG9yZXIiIENvcnJlbGF0aW9uQmluZGluZz0iIiBVcmxFbmNvZGU9IkZhbHNlIiBVc2VUb0dyb3VwUmVzdWx0cz0iRmFsc2UiIC8+DQogICAgICAgIDxRdWVyeVN0cmluZ1BhcmFtZXRlciBOYW1lPSJjbGllbnRQcm90b2NvbCIgVmFsdWU9IjEuMyIgUmVjb3JkZWRWYWx1ZT0iMS4zIiBDb3JyZWxhdGlvbkJpbmRpbmc9IiIgVXJsRW5jb2RlPSJGYWxzZSIgVXNlVG9Hcm91cFJlc3VsdHM9IkZhbHNlIiAvPg0KICAgICAgICA8UXVlcnlTdHJpbmdQYXJhbWV0ZXIgTmFtZT0iXyIgVmFsdWU9IjE0ODE5MDg0NDkyNzUiIFJlY29yZGVkVmFsdWU9IjE0ODE5MDg0NDkyNzUiIENvcnJlbGF0aW9uQmluZGluZz0iIiBVcmxFbmNvZGU9IkZhbHNlIiBVc2VUb0dyb3VwUmVzdWx0cz0iRmFsc2UiIC8+DQogICAgICA8L1F1ZXJ5U3RyaW5nUGFyYW1ldGVycz4NCiAgICAgIDxGb3JtUG9zdEh0dHBCb2R5IC8+DQogICAgPC9SZXF1ZXN0Pg0KICAgIDxSZXF1ZXN0IE1ldGhvZD0iR0VUIiBHdWlkPSI5ZTU1MmYzZC03ZDNkLTQ4ZDUtODNiNS1lYzk0NWEwMGYwNTEiIFZlcnNpb249IjEuMSIgVXJsPSJodHRwOi8vbG9jYWxob3N0OjU4NTYxL19fYnJvd3NlckxpbmsvcmVxdWVzdERhdGEvMjQyYmExYjBhY2Q5NGVlZWI4MjEwODRkZDQ2MzRiYmQiIFRoaW5rVGltZT0iMCIgVGltZW91dD0iMzAwIiBQYXJzZURlcGVuZGVudFJlcXVlc3RzPSJUcnVlIiBGb2xsb3dSZWRpcmVjdHM9IlRydWUiIFJlY29yZFJlc3VsdD0iVHJ1ZSIgQ2FjaGU9IkZhbHNlIiBSZXNwb25zZVRpbWVHb2FsPSIwIiBFbmNvZGluZz0idXRmLTgiIEV4cGVjdGVkSHR0cFN0YXR1c0NvZGU9IjAiIEV4cGVjdGVkUmVzcG9uc2VVcmw9IiIgUmVwb3J0aW5nTmFtZT0iIiBJZ25vcmVIdHRwU3RhdHVzQ29kZT0iRmFsc2UiPg0KICAgICAgPEhlYWRlcnM+DQogICAgICAgIDxIZWFkZXIgTmFtZT0iQWNjZXB0IiBWYWx1ZT0iYXBwbGljYXRpb24vanNvbiwgdGV4dC9qYXZhc2NyaXB0LCAqLyo7IHE9MC4wMSIgLz4NCiAgICAgICAgPEhlYWRlciBOYW1lPSJYLVJlcXVlc3RlZC1XaXRoIiBWYWx1ZT0iWE1MSHR0cFJlcXVlc3QiIC8+DQogICAgICAgIDxIZWFkZXIgTmFtZT0iUmVmZXJlciIgVmFsdWU9Imh0dHA6Ly9sb2NhbGhvc3Q6NTg1NjEvTm90ZXMvTGlzdD9jYXRlZ29yeT1XZWIlMjBEZXZlbG9wbWVudCZhbXA7cGFnZT0xIiAvPg0KICAgICAgPC9IZWFkZXJzPg0KICAgIDwvUmVxdWVzdD4NCiAgPC9JdGVtcz4NCiAgPFZhbGlkYXRpb25SdWxlcz4NCiAgICA8VmFsaWRhdGlvblJ1bGUgQ2xhc3NuYW1lPSJNaWNyb3NvZnQuVmlzdWFsU3R1ZGlvLlRlc3RUb29scy5XZWJUZXN0aW5nLlJ1bGVzLlZhbGlkYXRlUmVzcG9uc2VVcmwsIE1pY3Jvc29mdC5WaXN1YWxTdHVkaW8uUXVhbGl0eVRvb2xzLldlYlRlc3RGcmFtZXdvcmssIFZlcnNpb249MTAuMC4wLjAsIEN1bHR1cmU9bmV1dHJhbCwgUHVibGljS2V5VG9rZW49YjAzZjVmN2YxMWQ1MGEzYSIgRGlzcGxheU5hbWU9IlJlc3BvbnNlIFVSTCIgRGVzY3JpcHRpb249IlZhbGlkYXRlcyB0aGF0IHRoZSByZXNwb25zZSBVUkwgYWZ0ZXIgcmVkaXJlY3RzIGFyZSBmb2xsb3dlZCBpcyB0aGUgc2FtZSBhcyB0aGUgcmVjb3JkZWQgcmVzcG9uc2UgVVJMLiAgUXVlcnlTdHJpbmcgcGFyYW1ldGVycyBhcmUgaWdub3JlZC4iIExldmVsPSJMb3ciIEV4ZWN0dWlvbk9yZGVyPSJCZWZvcmVEZXBlbmRlbnRzIiAvPg0KICAgIDxWYWxpZGF0aW9uUnVsZSBDbGFzc25hbWU9Ik1pY3Jvc29mdC5WaXN1YWxTdHVkaW8uVGVzdFRvb2xzLldlYlRlc3RpbmcuUnVsZXMuVmFsaWRhdGlvblJ1bGVSZXNwb25zZVRpbWVHb2FsLCBNaWNyb3NvZnQuVmlzdWFsU3R1ZGlvLlF1YWxpdHlUb29scy5XZWJUZXN0RnJhbWV3b3JrLCBWZXJzaW9uPTEwLjAuMC4wLCBDdWx0dXJlPW5ldXRyYWwsIFB1YmxpY0tleVRva2VuPWIwM2Y1ZjdmMTFkNTBhM2EiIERpc3BsYXlOYW1lPSJSZXNwb25zZSBUaW1lIEdvYWwiIERlc2NyaXB0aW9uPSJWYWxpZGF0ZXMgdGhhdCB0aGUgcmVzcG9uc2UgdGltZSBmb3IgdGhlIHJlcXVlc3QgaXMgbGVzcyB0aGFuIG9yIGVxdWFsIHRvIHRoZSByZXNwb25zZSB0aW1lIGdvYWwgYXMgc3BlY2lmaWVkIG9uIHRoZSByZXF1ZXN0LiAgUmVzcG9uc2UgdGltZSBnb2FscyBvZiB6ZXJvIHdpbGwgYmUgaWdub3JlZC4iIExldmVsPSJMb3ciIEV4ZWN0dWlvbk9yZGVyPSJBZnRlckRlcGVuZGVudHMiPg0KICAgICAgPFJ1bGVQYXJhbWV0ZXJzPg0KICAgICAgICA8UnVsZVBhcmFtZXRlciBOYW1lPSJUb2xlcmFuY2UiIFZhbHVlPSIwIiAvPg0KICAgICAgPC9SdWxlUGFyYW1ldGVycz4NCiAgICA8L1ZhbGlkYXRpb25SdWxlPg0KICA8L1ZhbGlkYXRpb25SdWxlcz4NCjwvV2ViVGVzdD4=">
      <Execution id="fac2a1ba-b195-40ed-b11f-6d051fc3ce8a" />
    </WebTest>
  </TestDefinitions>
  <TestLists>
    <TestList name="Results Not in a List" id="8c84fa94-04c1-424b-9868-57a2d4851a1d" />
    <TestList name="All Loaded Results" id="19431567-8539-422a-85d7-44ee4e166bda" />
  </TestLists>
  <TestEntries>
    <TestEntry isTransparent="false" testId="5bb7888e-c214-4a8b-952b-b4403e968387" executionId="fac2a1ba-b195-40ed-b11f-6d051fc3ce8a" testListId="8c84fa94-04c1-424b-9868-57a2d4851a1d" />
  </TestEntries>
  <Results>
    <WebTestResult executionId="fac2a1ba-b195-40ed-b11f-6d051fc3ce8a" testId="5bb7888e-c214-4a8b-952b-b4403e968387" testName="WebTest1" computerName="HP" duration="00:00:34.9839294" startTime="2016-12-16T22:44:28.5614612+05:30" endTime="2016-12-16T22:45:14.2973730+05:30" testType="4e7599fa-5ecb-43e9-a887-cd63cf72d207" outcome="Failed" testListId="8c84fa94-04c1-424b-9868-57a2d4851a1d" relativeResultsDirectory="fac2a1ba-b195-40ed-b11f-6d051fc3ce8a">
      <Output>
        <ErrorInfo>
          <Message>23 primary requests, 0 dependant requests and 0 conditional rules failed</Message>
        </ErrorInfo>
      </Output>
      <ResultFiles>
        <ResultFile path="WebTest1.webtestResult" />
      </ResultFiles>
      <TestSettings name="Default Test Settings" id="1d4a9465-c4af-4cf5-9337-103f081e51d8">
        <Execution>
          <TestTypeSpecific>
            <WebTestRunConfiguration testTypeId="4e7599fa-5ecb-43e9-a887-cd63cf72d207">
              <Browser name="Internet Explorer 9.0" MaxConnections="6">
                <Headers>
                  <Header name="User-Agent" value="Mozilla/5.0 (compatible; MSIE 9.0; Windows NT 6.1; Trident/5.0)" />
                  <Header name="Accept" value="*/*" />
                  <Header name="Accept-Language" value="{{$IEAcceptLanguage}}" />
                  <Header name="Accept-Encoding" value="GZIP" />
                </Headers>
              </Browser>
            </WebTestRunConfiguration>
          </TestTypeSpecific>
          <AgentRule name="Execution Agents">
          </AgentRule>
        </Execution>
        <Deployment runDeploymentRoot="Personal_HP 2016-12-16 22_44_27" />
        <Properties />
      </TestSettings>
      <WebTestResultFilePath>Personal_HP 2016-12-16 22_44_27\In\fac2a1ba-b195-40ed-b11f-6d051fc3ce8a\WebTest1.webtestResult</WebTestResultFilePath>
    </WebTestResult>
  </Results>
</TestRun>